#
# A fatal error has been detected by the Java Runtime Environment:
#
#  EXCEPTION_ACCESS_VIOLATION (0xc0000005) at pc=0x00007ffa1c20e0a9, pid=2148, tid=13528
#
# JRE version: OpenJDK Runtime Environment Microsoft-8035246 (17.0.8+7) (build 17.0.8+7-LTS)
# Java VM: OpenJDK 64-Bit Server VM Microsoft-8035246 (17.0.8+7-LTS, mixed mode, sharing, tiered, compressed oops, compressed class ptrs, g1 gc, windows-amd64)
# Problematic frame:
# V  [jvm.dll+0x2be0a9]
#
# No core dump will be written. Minidumps are not enabled by default on client versions of Windows
#
# If you would like to submit a bug report, please visit:
#   https://github.com/microsoft/openjdk/issues
#

---------------  S U M M A R Y ------------

Command Line: -XX:MaxMetaspaceSize=512m --add-opens=java.base/java.util=ALL-UNNAMED --add-opens=java.base/java.lang=ALL-UNNAMED --add-opens=java.base/java.lang.invoke=ALL-UNNAMED --add-opens=java.prefs/java.util.prefs=ALL-UNNAMED --add-exports=jdk.compiler/com.sun.tools.javac.api=ALL-UNNAMED --add-exports=jdk.compiler/com.sun.tools.javac.util=ALL-UNNAMED --add-opens=java.base/java.nio.charset=ALL-UNNAMED --add-opens=java.base/java.net=ALL-UNNAMED --add-opens=java.base/java.util.concurrent.atomic=ALL-UNNAMED -Xmx2048m -Dfile.encoding=windows-1252 -Duser.country=GB -Duser.language=en -Duser.variant -javaagent:C:\Users\GOREJA SYESTEMS\.gradle\wrapper\dists\gradle-8.10.2-all\7iv73wktx1xtkvlq19urqw1wm\gradle-8.10.2\lib\agents\gradle-instrumentation-agent-8.10.2.jar org.gradle.launcher.daemon.bootstrap.GradleDaemon 8.10.2

Host: Intel(R) Core(TM) i5-6200U CPU @ 2.30GHz, 4 cores, 7G,  Windows 10 , 64 bit Build 19041 (10.0.19041.5072)
Time: Wed Dec  4 07:12:47 2024 Pakistan Standard Time elapsed time: 33.682451 seconds (0d 0h 0m 33s)

---------------  T H R E A D  ---------------

Current thread (0x0000023db03a2eb0):  JavaThread "C2 CompilerThread0" daemon [_thread_in_native, id=13528, stack(0x000000a1cf500000,0x000000a1cf600000)]


Current CompileTask:
C2:  33682 10986   !   4       java.util.concurrent.FutureTask::run (123 bytes)

Stack: [0x000000a1cf500000,0x000000a1cf600000],  sp=0x000000a1cf5fb320,  free space=1004k
Native frames: (J=compiled Java code, j=interpreted, Vv=VM code, C=native code)
V  [jvm.dll+0x2be0a9]
V  [jvm.dll+0x21ba8b]
V  [jvm.dll+0x21944b]
V  [jvm.dll+0x1a56b6]
V  [jvm.dll+0x2291ea]
V  [jvm.dll+0x22724c]
V  [jvm.dll+0x7efd0c]
V  [jvm.dll+0x7ea13a]
V  [jvm.dll+0x67ad85]
C  [ucrtbase.dll+0x21bb2]
C  [KERNEL32.DLL+0x17374]
C  [ntdll.dll+0x4cc91]


siginfo: EXCEPTION_ACCESS_VIOLATION (0xc0000005), reading address 0x0000000000000028


Register to memory mapping:

RIP=0x00007ffa1c20e0a9 jvm.dll
RAX=0x0000023dd35eddf0 points into unknown readable memory: 0x0000000000000000 | 00 00 00 00 00 00 00 00
RBX=0x0000000000001475 is an unknown value
RCX=0x0 is NULL
RDX=0x0 is NULL
RSP=0x000000a1cf5fb320 is pointing into the stack for thread: 0x0000023db03a2eb0
RBP=0x000000a1cf5fb390 is pointing into the stack for thread: 0x0000023db03a2eb0
RSI=0x0 is NULL
RDI=0x000000000000003c is an unknown value
R8 =0x000000000000ffe0 is an unknown value
R9 =0x0 is NULL
R10=0x00007ffa78090000 VCRUNTIME140.dll
R11=0x0000023dd35ede10 points into unknown readable memory: 0x0000000000000000 | 00 00 00 00 00 00 00 00
R12=0x0000000000000050 is an unknown value
R13=0x0 is NULL
R14=0x0 is NULL
R15=0x000000a1cf5fe540 is pointing into the stack for thread: 0x0000023db03a2eb0


Registers:
RAX=0x0000023dd35eddf0, RBX=0x0000000000001475, RCX=0x0000000000000000, RDX=0x0000000000000000
RSP=0x000000a1cf5fb320, RBP=0x000000a1cf5fb390, RSI=0x0000000000000000, RDI=0x000000000000003c
R8 =0x000000000000ffe0, R9 =0x0000000000000000, R10=0x00007ffa78090000, R11=0x0000023dd35ede10
R12=0x0000000000000050, R13=0x0000000000000000, R14=0x0000000000000000, R15=0x000000a1cf5fe540
RIP=0x00007ffa1c20e0a9, EFLAGS=0x0000000000010202

Top of Stack: (sp=0x000000a1cf5fb320)
0x000000a1cf5fb320:   0000000000001475 0000000000000000
0x000000a1cf5fb330:   000000a1cf5fe540 00007ffa1c1738d1
0x000000a1cf5fb340:   0000023db039d880 00007ffa00002000
0x000000a1cf5fb350:   0000023dd35eddf0 0000023d00000000
0x000000a1cf5fb360:   0000000000000002 0000023dd40e7ba0
0x000000a1cf5fb370:   0000000000000002 0000023db039d880
0x000000a1cf5fb380:   0000000000000000 0000000000000000
0x000000a1cf5fb390:   0000023d9289da90 0000023d927fb030
0x000000a1cf5fb3a0:   000000000000003c 00007ffa1c894c08
0x000000a1cf5fb3b0:   000000a1cf5fb4c0 00007ffa1c16ba8b
0x000000a1cf5fb3c0:   000000a1cf5fe540 00007ffa1c894c08
0x000000a1cf5fb3d0:   000000a1cf5fe540 000000a1cf5fb4c0
0x000000a1cf5fb3e0:   0000329f00000000 00007ffa1c4b41b6
0x000000a1cf5fb3f0:   000000a10000000f 000000a1cf5fe540
0x000000a1cf5fb400:   000000a1cf5fb570 0000023d00000000
0x000000a1cf5fb410:   0000000000000100 00007ffa1c894c08 

Instructions: (pc=0x00007ffa1c20e0a9)
0x00007ffa1c20dfa9:   3b d0 75 0b ff c1 41 3b c9 7c dc 48 8b c2 c3 33
0x00007ffa1c20dfb9:   c0 c3 cc cc cc cc cc 48 89 5c 24 18 55 56 57 41
0x00007ffa1c20dfc9:   55 41 57 48 8b ec 48 83 ec 70 65 48 8b 04 25 58
0x00007ffa1c20dfd9:   00 00 00 48 8b f2 44 8b 05 d2 8b 90 00 4c 8b f9
0x00007ffa1c20dfe9:   4a 8b 1c c0 b8 50 00 00 00 80 3c 18 00 75 05 e8
0x00007ffa1c20dff9:   8b 6f 5d 00 b8 20 00 00 00 48 8b 04 18 48 8b 98
0x00007ffa1c20e009:   38 02 00 00 48 89 5d b0 c7 45 b8 04 00 00 00 48
0x00007ffa1c20e019:   8b 43 18 48 83 f8 df 76 18 4c 8d 05 37 a9 65 00
0x00007ffa1c20e029:   ba 20 00 00 00 48 8b cb e8 5a eb de ff 48 8b 43
0x00007ffa1c20e039:   18 48 8d 48 20 48 3b 4b 20 76 11 45 33 c0 48 8b
0x00007ffa1c20e049:   cb 41 8d 50 20 e8 fd e8 de ff eb 04 48 89 4b 18
0x00007ffa1c20e059:   44 8b 45 b8 33 d2 49 c1 e0 03 48 8b c8 48 89 45
0x00007ffa1c20e069:   c0 e8 e3 80 5d 00 45 33 ed 48 8d 4d d0 44 89 6d
0x00007ffa1c20e079:   c8 e8 01 59 56 00 41 8b 9f 40 02 00 00 41 2b 9f
0x00007ffa1c20e089:   68 02 00 00 44 89 6d f0 3b 5d b8 72 0b 8b d3 48
0x00007ffa1c20e099:   8d 4d b0 e8 6f b3 39 00 48 8b 45 c0 4c 89 2c d8
0x00007ffa1c20e0a9:   8b 7e 28 8b df c1 eb 05 3b 5d d0 72 0b 8b d3 48
0x00007ffa1c20e0b9:   8d 4d d0 e8 1f 59 56 00 48 8b 45 d8 83 e7 1f 48
0x00007ffa1c20e0c9:   8d 14 98 40 0f b6 cf 41 b8 01 00 00 00 41 d3 e0
0x00007ffa1c20e0d9:   8b 0a 8b c1 41 0b c0 89 02 41 85 c8 75 21 8b 5d
0x00007ffa1c20e0e9:   c8 8d 43 01 89 45 c8 3b 5d b8 72 0b 8b d3 48 8d
0x00007ffa1c20e0f9:   4d b0 e8 10 b3 39 00 48 8b 45 c0 48 89 34 d8 44
0x00007ffa1c20e109:   39 6d c8 0f 86 77 01 00 00 4c 89 a4 24 a0 00 00
0x00007ffa1c20e119:   00 4c 89 b4 24 a8 00 00 00 48 8b 45 c0 41 8b cd
0x00007ffa1c20e129:   48 8b 34 c8 8b 46 2c 25 ff 1f 00 00 3d 04 10 00
0x00007ffa1c20e139:   00 0f 85 a7 00 00 00 bb 01 00 00 00 39 5e 18 76
0x00007ffa1c20e149:   39 66 0f 1f 44 00 00 48 8b 46 08 8b cb 48 8b 14
0x00007ffa1c20e159:   c8 48 85 d2 74 1d 48 83 7a 10 00 74 16 80 7a 2c
0x00007ffa1c20e169:   84 74 10 e8 7f 7e ee ff 48 8b d0 49 8b cf e8 a4
0x00007ffa1c20e179:   61 f6 ff ff c3 3b 5e 18 72 cd 48 8b 5e 10 8b 46
0x00007ffa1c20e189:   20 4c 8d 34 c3 49 3b de 73 54 48 8b 3b 8b 47 2c
0x00007ffa1c20e199:   83 e0 03 3c 03 75 2e 48 8b 07 48 8b cf ff 90 88 


Stack slot to memory mapping:
stack at sp + 0 slots: 0x0000000000001475 is an unknown value
stack at sp + 1 slots: 0x0 is NULL
stack at sp + 2 slots: 0x000000a1cf5fe540 is pointing into the stack for thread: 0x0000023db03a2eb0
stack at sp + 3 slots: 0x00007ffa1c1738d1 jvm.dll
stack at sp + 4 slots: 0x0000023db039d880 points into unknown readable memory: 0x0000000000000006 | 06 00 00 00 00 00 00 00
stack at sp + 5 slots: 0x00007ffa00002000 is an unknown value
stack at sp + 6 slots: 0x0000023dd35eddf0 points into unknown readable memory: 0x0000000000000000 | 00 00 00 00 00 00 00 00
stack at sp + 7 slots: 0x0000023d00000000 is an unknown value


---------------  P R O C E S S  ---------------

Threads class SMR info:
_java_thread_list=0x0000023dd3fc6d70, length=88, elements={
0x0000023d927e3f20, 0x0000023db0384a20, 0x0000023db0385f50, 0x0000023db039f170,
0x0000023db039fd00, 0x0000023db03a19e0, 0x0000023db03a22b0, 0x0000023db03a2eb0,
0x0000023db03a5880, 0x0000023db0409380, 0x0000023db036c360, 0x0000023db06ad1c0,
0x0000023dd0e580e0, 0x0000023dd0dffdd0, 0x0000023dd0a4ad70, 0x0000023dd11fda50,
0x0000023dd0952ff0, 0x0000023dd148b560, 0x0000023dd148e800, 0x0000023dd148dde0,
0x0000023dd148ceb0, 0x0000023dd148d3c0, 0x0000023dd148c490, 0x0000023dd148ba70,
0x0000023dd148d8d0, 0x0000023dd148e2f0, 0x0000023dd148b050, 0x0000023dd148bf80,
0x0000023dd148c9a0, 0x0000023dd1b65990, 0x0000023dd1b5fe70, 0x0000023dd1b5f450,
0x0000023dd1b5ef40, 0x0000023dd1b612b0, 0x0000023dd1b65ea0, 0x0000023dd1b621e0,
0x0000023dd1b64a60, 0x0000023dd1b5ea30, 0x0000023dd1b60890, 0x0000023dd1b62c00,
0x0000023dd1b63620, 0x0000023dd1b63b30, 0x0000023dd1b663b0, 0x0000023dd1b64f70,
0x0000023dd1b61cd0, 0x0000023dd1b626f0, 0x0000023dd1b63110, 0x0000023dd1b64040,
0x0000023dd1b64550, 0x0000023dd29810c0, 0x0000023dd2980190, 0x0000023dd297d910,
0x0000023dd2980bb0, 0x0000023dd29806a0, 0x0000023dd2982f20, 0x0000023dd2981ae0,
0x0000023dd297ed50, 0x0000023dd2981ff0, 0x0000023dd297bab0, 0x0000023dd297c9e0,
0x0000023dd2982500, 0x0000023dd2982a10, 0x0000023dd2983430, 0x0000023dd297bfc0,
0x0000023dd297f260, 0x0000023dd297f770, 0x0000023dd297c4d0, 0x0000023dd297cef0,
0x0000023dd297d400, 0x0000023dd297de20, 0x0000023dd297e840, 0x0000023dd297e330,
0x0000023dd3d49d00, 0x0000023dd3d4ded0, 0x0000023dd3d4f310, 0x0000023dd3d4a720,
0x0000023dd3d4d4b0, 0x0000023dd3d4ac30, 0x0000023dd3d497f0, 0x0000023dd3d483b0,
0x0000023dd3d4a210, 0x0000023dd3d492e0, 0x0000023dd3d4f820, 0x0000023dd3d488c0,
0x0000023dd3d4e8f0, 0x0000023dd3d4ee00, 0x0000023dd3d4e3e0, 0x0000023dd3d4c580
}

Java Threads: ( => current thread )
  0x0000023d927e3f20 JavaThread "main" [_thread_blocked, id=12148, stack(0x000000a1ce800000,0x000000a1ce900000)]
  0x0000023db0384a20 JavaThread "Reference Handler" daemon [_thread_blocked, id=26264, stack(0x000000a1cef00000,0x000000a1cf000000)]
  0x0000023db0385f50 JavaThread "Finalizer" daemon [_thread_blocked, id=25660, stack(0x000000a1cf000000,0x000000a1cf100000)]
  0x0000023db039f170 JavaThread "Signal Dispatcher" daemon [_thread_blocked, id=18672, stack(0x000000a1cf100000,0x000000a1cf200000)]
  0x0000023db039fd00 JavaThread "Attach Listener" daemon [_thread_blocked, id=13716, stack(0x000000a1cf200000,0x000000a1cf300000)]
  0x0000023db03a19e0 JavaThread "Service Thread" daemon [_thread_blocked, id=1872, stack(0x000000a1cf300000,0x000000a1cf400000)]
  0x0000023db03a22b0 JavaThread "Monitor Deflation Thread" daemon [_thread_blocked, id=22100, stack(0x000000a1cf400000,0x000000a1cf500000)]
=>0x0000023db03a2eb0 JavaThread "C2 CompilerThread0" daemon [_thread_in_native, id=13528, stack(0x000000a1cf500000,0x000000a1cf600000)]
  0x0000023db03a5880 JavaThread "C1 CompilerThread0" daemon [_thread_blocked, id=21228, stack(0x000000a1cf600000,0x000000a1cf700000)]
  0x0000023db0409380 JavaThread "Sweeper thread" daemon [_thread_blocked, id=25700, stack(0x000000a1cf700000,0x000000a1cf800000)]
  0x0000023db036c360 JavaThread "Common-Cleaner" daemon [_thread_blocked, id=25952, stack(0x000000a1cf800000,0x000000a1cf900000)]
  0x0000023db06ad1c0 JavaThread "Notification Thread" daemon [_thread_blocked, id=8392, stack(0x000000a1cf900000,0x000000a1cfa00000)]
  0x0000023dd0e580e0 JavaThread "Daemon health stats" [_thread_blocked, id=17084, stack(0x000000a1cff00000,0x000000a1d0000000)]
  0x0000023dd0dffdd0 JavaThread "Incoming local TCP Connector on port 60539" [_thread_in_native, id=23276, stack(0x000000a1cfd00000,0x000000a1cfe00000)]
  0x0000023dd0a4ad70 JavaThread "Daemon periodic checks" [_thread_blocked, id=14764, stack(0x000000a1d0000000,0x000000a1d0100000)]
  0x0000023dd11fda50 JavaThread "Daemon" [_thread_blocked, id=24056, stack(0x000000a1d0100000,0x000000a1d0200000)]
  0x0000023dd0952ff0 JavaThread "Handler for socket connection from /127.0.0.1:60539 to /127.0.0.1:60541" [_thread_in_native, id=9972, stack(0x000000a1d0200000,0x000000a1d0300000)]
  0x0000023dd148b560 JavaThread "Cancel handler" [_thread_blocked, id=11912, stack(0x000000a1d0300000,0x000000a1d0400000)]
  0x0000023dd148e800 JavaThread "Daemon worker" [_thread_in_native, id=24724, stack(0x000000a1d0400000,0x000000a1d0500000)]
  0x0000023dd148dde0 JavaThread "Asynchronous log dispatcher for DefaultDaemonConnection: socket connection from /127.0.0.1:60539 to /127.0.0.1:60541" [_thread_blocked, id=12956, stack(0x000000a1d0500000,0x000000a1d0600000)]
  0x0000023dd148ceb0 JavaThread "Stdin handler" [_thread_blocked, id=15936, stack(0x000000a1d0600000,0x000000a1d0700000)]
  0x0000023dd148d3c0 JavaThread "Daemon client event forwarder" [_thread_blocked, id=8808, stack(0x000000a1d0700000,0x000000a1d0800000)]
  0x0000023dd148c490 JavaThread "Cache worker for journal cache (C:\Users\GOREJA SYESTEMS\.gradle\caches\journal-1)" [_thread_blocked, id=15020, stack(0x000000a1d0800000,0x000000a1d0900000)]
  0x0000023dd148ba70 JavaThread "File lock request listener" [_thread_in_native, id=21936, stack(0x000000a1d0900000,0x000000a1d0a00000)]
  0x0000023dd148d8d0 JavaThread "Cache worker for file hash cache (C:\Users\GOREJA SYESTEMS\.gradle\caches\8.10.2\fileHashes)" [_thread_blocked, id=13520, stack(0x000000a1d0a00000,0x000000a1d0b00000)]
  0x0000023dd148e2f0 JavaThread "Cache worker for file hash cache (C:\Users\GOREJA SYESTEMS\Desktop\React_Native_Projects\chatApp\android\.gradle\8.10.2\fileHashes)" [_thread_blocked, id=8756, stack(0x000000a1d0c00000,0x000000a1d0d00000)]
  0x0000023dd148b050 JavaThread "Cache worker for Build Output Cleanup Cache (C:\Users\GOREJA SYESTEMS\Desktop\React_Native_Projects\chatApp\android\.gradle\buildOutputCleanup)" [_thread_blocked, id=15724, stack(0x000000a1d0d00000,0x000000a1d0e00000)]
  0x0000023dd148bf80 JavaThread "File watcher server" daemon [_thread_in_native, id=14872, stack(0x000000a1d0e00000,0x000000a1d0f00000)]
  0x0000023dd148c9a0 JavaThread "File watcher consumer" daemon [_thread_blocked, id=16524, stack(0x000000a1d0f00000,0x000000a1d1000000)]
  0x0000023dd1b65990 JavaThread "Cache worker for checksums cache (C:\Users\GOREJA SYESTEMS\Desktop\React_Native_Projects\chatApp\android\.gradle\8.10.2\checksums)" [_thread_blocked, id=19820, stack(0x000000a1d1000000,0x000000a1d1100000)]
  0x0000023dd1b5fe70 JavaThread "Cache worker for file content cache (C:\Users\GOREJA SYESTEMS\.gradle\caches\8.10.2\fileContent)" [_thread_blocked, id=12388, stack(0x000000a1d1100000,0x000000a1d1200000)]
  0x0000023dd1b5f450 JavaThread "Cache worker for cache directory md-rule (C:\Users\GOREJA SYESTEMS\.gradle\caches\8.10.2\md-rule)" [_thread_blocked, id=13508, stack(0x000000a1d1200000,0x000000a1d1300000)]
  0x0000023dd1b5ef40 JavaThread "Cache worker for cache directory md-supplier (C:\Users\GOREJA SYESTEMS\.gradle\caches\8.10.2\md-supplier)" [_thread_blocked, id=20400, stack(0x000000a1d1300000,0x000000a1d1400000)]
  0x0000023dd1b612b0 JavaThread "jar transforms" [_thread_blocked, id=24184, stack(0x000000a1d1400000,0x000000a1d1500000)]
  0x0000023dd1b65ea0 JavaThread "Cache worker for Build Output Cleanup Cache (C:\Users\GOREJA SYESTEMS\Desktop\React_Native_Projects\chatApp\node_modules\@react-native\gradle-plugin\.gradle\buildOutputCleanup)" [_thread_blocked, id=24952, stack(0x000000a1d1500000,0x000000a1d1600000)]
  0x0000023dd1b621e0 JavaThread "Unconstrained build operations" [_thread_blocked, id=21348, stack(0x000000a1d0b00000,0x000000a1d0c00000)]
  0x0000023dd1b64a60 JavaThread "Unconstrained build operations Thread 2" [_thread_blocked, id=3244, stack(0x000000a1d1600000,0x000000a1d1700000)]
  0x0000023dd1b5ea30 JavaThread "Unconstrained build operations Thread 3" [_thread_blocked, id=16212, stack(0x000000a1d1700000,0x000000a1d1800000)]
  0x0000023dd1b60890 JavaThread "Unconstrained build operations Thread 4" [_thread_blocked, id=25552, stack(0x000000a1d1800000,0x000000a1d1900000)]
  0x0000023dd1b62c00 JavaThread "Unconstrained build operations Thread 5" [_thread_blocked, id=9640, stack(0x000000a1d1900000,0x000000a1d1a00000)]
  0x0000023dd1b63620 JavaThread "Unconstrained build operations Thread 6" [_thread_blocked, id=21472, stack(0x000000a1d1a00000,0x000000a1d1b00000)]
  0x0000023dd1b63b30 JavaThread "Unconstrained build operations Thread 7" [_thread_blocked, id=23920, stack(0x000000a1d1c00000,0x000000a1d1d00000)]
  0x0000023dd1b663b0 JavaThread "Unconstrained build operations Thread 8" [_thread_blocked, id=12096, stack(0x000000a1d1d00000,0x000000a1d1e00000)]
  0x0000023dd1b64f70 JavaThread "Unconstrained build operations Thread 9" [_thread_blocked, id=26560, stack(0x000000a1d1e00000,0x000000a1d1f00000)]
  0x0000023dd1b61cd0 JavaThread "Unconstrained build operations Thread 10" [_thread_blocked, id=16556, stack(0x000000a1d1f00000,0x000000a1d2000000)]
  0x0000023dd1b626f0 JavaThread "Unconstrained build operations Thread 11" [_thread_blocked, id=18864, stack(0x000000a1d2000000,0x000000a1d2100000)]
  0x0000023dd1b63110 JavaThread "Unconstrained build operations Thread 12" [_thread_blocked, id=1612, stack(0x000000a1d2100000,0x000000a1d2200000)]
  0x0000023dd1b64040 JavaThread "Unconstrained build operations Thread 13" [_thread_blocked, id=20308, stack(0x000000a1d2200000,0x000000a1d2300000)]
  0x0000023dd1b64550 JavaThread "Unconstrained build operations Thread 14" [_thread_blocked, id=20608, stack(0x000000a1d2300000,0x000000a1d2400000)]
  0x0000023dd29810c0 JavaThread "Unconstrained build operations Thread 15" [_thread_blocked, id=8916, stack(0x000000a1d2400000,0x000000a1d2500000)]
  0x0000023dd2980190 JavaThread "Memory manager" [_thread_blocked, id=23824, stack(0x000000a1d2500000,0x000000a1d2600000)]
  0x0000023dd297d910 JavaThread "build event listener" [_thread_blocked, id=23368, stack(0x000000a1d2600000,0x000000a1d2700000)]
  0x0000023dd2980bb0 JavaThread "ForkJoinPool.commonPool-worker-1" daemon [_thread_blocked, id=18960, stack(0x000000a1d2700000,0x000000a1d2800000)]
  0x0000023dd29806a0 JavaThread "ForkJoinPool.commonPool-worker-2" daemon [_thread_blocked, id=21688, stack(0x000000a1d2800000,0x000000a1d2900000)]
  0x0000023dd2982f20 JavaThread "ForkJoinPool.commonPool-worker-3" daemon [_thread_blocked, id=14728, stack(0x000000a1d2900000,0x000000a1d2a00000)]
  0x0000023dd2981ae0 JavaThread "included builds" [_thread_blocked, id=24428, stack(0x000000a1d2a00000,0x000000a1d2b00000)]
  0x0000023dd297ed50 JavaThread "Execution worker" [_thread_blocked, id=14112, stack(0x000000a1d2b00000,0x000000a1d2c00000)]
  0x0000023dd2981ff0 JavaThread "Execution worker Thread 2" [_thread_blocked, id=26196, stack(0x000000a1d2c00000,0x000000a1d2d00000)]
  0x0000023dd297bab0 JavaThread "Execution worker Thread 3" [_thread_blocked, id=6840, stack(0x000000a1d2d00000,0x000000a1d2e00000)]
  0x0000023dd297c9e0 JavaThread "Cache worker for execution history cache (C:\Users\GOREJA SYESTEMS\Desktop\React_Native_Projects\chatApp\node_modules\@react-native\gradle-plugin\.gradle\8.10.2\executionHistory)" [_thread_blocked, id=9848, stack(0x000000a1d2e00000,0x000000a1d2f00000)]
  0x0000023dd2982500 JavaThread "Unconstrained build operations Thread 16" [_thread_blocked, id=20416, stack(0x000000a1d2f00000,0x000000a1d3000000)]
  0x0000023dd2982a10 JavaThread "Unconstrained build operations Thread 17" [_thread_blocked, id=22504, stack(0x000000a1d3000000,0x000000a1d3100000)]
  0x0000023dd2983430 JavaThread "Unconstrained build operations Thread 18" [_thread_blocked, id=20052, stack(0x000000a1d3100000,0x000000a1d3200000)]
  0x0000023dd297bfc0 JavaThread "Unconstrained build operations Thread 19" [_thread_blocked, id=18308, stack(0x000000a1d3200000,0x000000a1d3300000)]
  0x0000023dd297f260 JavaThread "Unconstrained build operations Thread 20" [_thread_blocked, id=24932, stack(0x000000a1d3300000,0x000000a1d3400000)]
  0x0000023dd297f770 JavaThread "Unconstrained build operations Thread 21" [_thread_blocked, id=7292, stack(0x000000a1d3400000,0x000000a1d3500000)]
  0x0000023dd297c4d0 JavaThread "Unconstrained build operations Thread 22" [_thread_blocked, id=23988, stack(0x000000a1d3500000,0x000000a1d3600000)]
  0x0000023dd297cef0 JavaThread "Unconstrained build operations Thread 23" [_thread_blocked, id=17812, stack(0x000000a1d3600000,0x000000a1d3700000)]
  0x0000023dd297d400 JavaThread "Unconstrained build operations Thread 24" [_thread_blocked, id=17968, stack(0x000000a1d3700000,0x000000a1d3800000)]
  0x0000023dd297de20 JavaThread "Unconstrained build operations Thread 25" [_thread_blocked, id=15232, stack(0x000000a1d3800000,0x000000a1d3900000)]
  0x0000023dd297e840 JavaThread "Unconstrained build operations Thread 26" [_thread_blocked, id=18904, stack(0x000000a1d3900000,0x000000a1d3a00000)]
  0x0000023dd297e330 JavaThread "Unconstrained build operations Thread 27" [_thread_blocked, id=16112, stack(0x000000a1d3a00000,0x000000a1d3b00000)]
  0x0000023dd3d49d00 JavaThread "Unconstrained build operations Thread 28" [_thread_blocked, id=10532, stack(0x000000a1d3b00000,0x000000a1d3c00000)]
  0x0000023dd3d4ded0 JavaThread "Unconstrained build operations Thread 29" [_thread_blocked, id=10000, stack(0x000000a1d3c00000,0x000000a1d3d00000)]
  0x0000023dd3d4f310 JavaThread "Unconstrained build operations Thread 30" [_thread_blocked, id=3224, stack(0x000000a1d3d00000,0x000000a1d3e00000)]
  0x0000023dd3d4a720 JavaThread "Unconstrained build operations Thread 31" [_thread_blocked, id=23124, stack(0x000000a1d3e00000,0x000000a1d3f00000)]
  0x0000023dd3d4d4b0 JavaThread "Unconstrained build operations Thread 32" [_thread_blocked, id=13348, stack(0x000000a1d3f00000,0x000000a1d4000000)]
  0x0000023dd3d4ac30 JavaThread "Unconstrained build operations Thread 33" [_thread_blocked, id=24764, stack(0x000000a1d4000000,0x000000a1d4100000)]
  0x0000023dd3d497f0 JavaThread "Unconstrained build operations Thread 34" [_thread_blocked, id=1688, stack(0x000000a1d4100000,0x000000a1d4200000)]
  0x0000023dd3d483b0 JavaThread "Unconstrained build operations Thread 35" [_thread_blocked, id=5896, stack(0x000000a1d4200000,0x000000a1d4300000)]
  0x0000023dd3d4a210 JavaThread "Unconstrained build operations Thread 36" [_thread_blocked, id=14648, stack(0x000000a1d4300000,0x000000a1d4400000)]
  0x0000023dd3d492e0 JavaThread "jar transforms Thread 2" [_thread_blocked, id=21544, stack(0x000000a1d4400000,0x000000a1d4500000)]
  0x0000023dd3d4f820 JavaThread "jar transforms Thread 3" [_thread_blocked, id=6092, stack(0x000000a1d4500000,0x000000a1d4600000)]
  0x0000023dd3d488c0 JavaThread "Unconstrained build operations Thread 37" [_thread_blocked, id=1960, stack(0x000000a1d4600000,0x000000a1d4700000)]
  0x0000023dd3d4e8f0 JavaThread "Unconstrained build operations Thread 38" [_thread_blocked, id=16780, stack(0x000000a1d4700000,0x000000a1d4800000)]
  0x0000023dd3d4ee00 JavaThread "Unconstrained build operations Thread 39" [_thread_blocked, id=15932, stack(0x000000a1d4800000,0x000000a1d4900000)]
  0x0000023dd3d4e3e0 JavaThread "Unconstrained build operations Thread 40" [_thread_blocked, id=4316, stack(0x000000a1d4900000,0x000000a1d4a00000)]
  0x0000023dd3d4c580 JavaThread "jar transforms Thread 4" [_thread_blocked, id=1748, stack(0x000000a1d1b00000,0x000000a1d1c00000)]

Other Threads:
  0x0000023db037ca80 VMThread "VM Thread" [stack: 0x000000a1cee00000,0x000000a1cef00000] [id=2160]
  0x0000023db069abe0 WatcherThread [stack: 0x000000a1cfa00000,0x000000a1cfb00000] [id=1344]
  0x0000023d92841290 GCTaskThread "GC Thread#0" [stack: 0x000000a1ce900000,0x000000a1cea00000] [id=1332]
  0x0000023db0714f70 GCTaskThread "GC Thread#1" [stack: 0x000000a1cfb00000,0x000000a1cfc00000] [id=13700]
  0x0000023db071d940 GCTaskThread "GC Thread#2" [stack: 0x000000a1cfc00000,0x000000a1cfd00000] [id=13152]
  0x0000023dd0a03100 GCTaskThread "GC Thread#3" [stack: 0x000000a1cfe00000,0x000000a1cff00000] [id=22952]
  0x0000023d928520f0 ConcurrentGCThread "G1 Main Marker" [stack: 0x000000a1cea00000,0x000000a1ceb00000] [id=15404]
  0x0000023d92852a10 ConcurrentGCThread "G1 Conc#0" [stack: 0x000000a1ceb00000,0x000000a1cec00000] [id=24976]
  0x0000023d92895880 ConcurrentGCThread "G1 Refine#0" [stack: 0x000000a1cec00000,0x000000a1ced00000] [id=14524]
  0x0000023d928961c0 ConcurrentGCThread "G1 Service" [stack: 0x000000a1ced00000,0x000000a1cee00000] [id=18980]

Threads with active compile tasks:
C2 CompilerThread0    33863 10986   !   4       java.util.concurrent.FutureTask::run (123 bytes)

VM state: not at safepoint (normal execution)

VM Mutex/Monitor currently owned by a thread: None

Heap address: 0x0000000080000000, size: 2048 MB, Compressed Oops mode: 32-bit

CDS archive(s) mapped at: [0x0000023db1000000-0x0000023db1bd0000-0x0000023db1bd0000), size 12386304, SharedBaseAddress: 0x0000023db1000000, ArchiveRelocationMode: 1.
Compressed class space mapped at: 0x0000023db2000000-0x0000023dcc000000, reserved size: 436207616
Narrow klass base: 0x0000023db1000000, Narrow klass shift: 0, Narrow klass range: 0x100000000

GC Precious Log:
 CPUs: 4 total, 4 available
 Memory: 7862M
 Large Page Support: Disabled
 NUMA Support: Disabled
 Compressed Oops: Enabled (32-bit)
 Heap Region Size: 1M
 Heap Min Capacity: 8M
 Heap Initial Capacity: 124M
 Heap Max Capacity: 2G
 Pre-touch: Disabled
 Parallel Workers: 4
 Concurrent Workers: 1
 Concurrent Refinement Workers: 4
 Periodic GC: Disabled

Heap:
 garbage-first heap   total 178176K, used 141814K [0x0000000080000000, 0x0000000100000000)
  region size 1024K, 57 young (58368K), 4 survivors (4096K)
 Metaspace       used 71501K, committed 72384K, reserved 491520K
  class space    used 10092K, committed 10496K, reserved 425984K

Heap Regions: E=young(eden), S=young(survivor), O=old, HS=humongous(starts), HC=humongous(continues), CS=collection set, F=free, OA=open archive, CA=closed archive, TAMS=top-at-mark-start (previous, next)
|   0|0x0000000080000000, 0x0000000080100000, 0x0000000080100000|100%|HS|  |TAMS 0x0000000080100000, 0x0000000080000000| Complete 
|   1|0x0000000080100000, 0x0000000080200000, 0x0000000080200000|100%|HC|  |TAMS 0x0000000080200000, 0x0000000080100000| Complete 
|   2|0x0000000080200000, 0x0000000080300000, 0x0000000080300000|100%|HC|  |TAMS 0x0000000080300000, 0x0000000080200000| Complete 
|   3|0x0000000080300000, 0x0000000080400000, 0x0000000080400000|100%|HC|  |TAMS 0x0000000080400000, 0x0000000080300000| Complete 
|   4|0x0000000080400000, 0x0000000080500000, 0x0000000080500000|100%| O|  |TAMS 0x0000000080500000, 0x0000000080400000| Untracked 
|   5|0x0000000080500000, 0x0000000080600000, 0x0000000080600000|100%| O|  |TAMS 0x0000000080600000, 0x0000000080500000| Untracked 
|   6|0x0000000080600000, 0x0000000080700000, 0x0000000080700000|100%| O|  |TAMS 0x0000000080700000, 0x0000000080600000| Untracked 
|   7|0x0000000080700000, 0x0000000080800000, 0x0000000080800000|100%| O|  |TAMS 0x0000000080800000, 0x0000000080700000| Untracked 
|   8|0x0000000080800000, 0x0000000080900000, 0x0000000080900000|100%|HS|  |TAMS 0x0000000080900000, 0x0000000080800000| Complete 
|   9|0x0000000080900000, 0x0000000080a00000, 0x0000000080a00000|100%| O|  |TAMS 0x0000000080a00000, 0x0000000080900000| Untracked 
|  10|0x0000000080a00000, 0x0000000080b00000, 0x0000000080b00000|100%| O|  |TAMS 0x0000000080b00000, 0x0000000080a00000| Untracked 
|  11|0x0000000080b00000, 0x0000000080c00000, 0x0000000080c00000|100%| O|  |TAMS 0x0000000080c00000, 0x0000000080b00000| Untracked 
|  12|0x0000000080c00000, 0x0000000080d00000, 0x0000000080d00000|100%| O|  |TAMS 0x0000000080d00000, 0x0000000080c00000| Untracked 
|  13|0x0000000080d00000, 0x0000000080e00000, 0x0000000080e00000|100%| O|  |TAMS 0x0000000080e00000, 0x0000000080d00000| Untracked 
|  14|0x0000000080e00000, 0x0000000080f00000, 0x0000000080f00000|100%| O|  |TAMS 0x0000000080f00000, 0x0000000080e00000| Untracked 
|  15|0x0000000080f00000, 0x0000000081000000, 0x0000000081000000|100%| O|  |TAMS 0x0000000081000000, 0x0000000080f00000| Untracked 
|  16|0x0000000081000000, 0x0000000081100000, 0x0000000081100000|100%| O|  |TAMS 0x0000000081100000, 0x0000000081000000| Untracked 
|  17|0x0000000081100000, 0x0000000081200000, 0x0000000081200000|100%| O|  |TAMS 0x0000000081200000, 0x0000000081100000| Untracked 
|  18|0x0000000081200000, 0x0000000081300000, 0x0000000081300000|100%| O|  |TAMS 0x0000000081300000, 0x0000000081200000| Untracked 
|  19|0x0000000081300000, 0x0000000081400000, 0x0000000081400000|100%| O|  |TAMS 0x0000000081400000, 0x0000000081300000| Untracked 
|  20|0x0000000081400000, 0x0000000081500000, 0x0000000081500000|100%| O|  |TAMS 0x0000000081500000, 0x0000000081400000| Untracked 
|  21|0x0000000081500000, 0x0000000081600000, 0x0000000081600000|100%| O|  |TAMS 0x0000000081600000, 0x0000000081500000| Untracked 
|  22|0x0000000081600000, 0x0000000081700000, 0x0000000081700000|100%| O|  |TAMS 0x0000000081700000, 0x0000000081600000| Untracked 
|  23|0x0000000081700000, 0x0000000081800000, 0x0000000081800000|100%| O|  |TAMS 0x0000000081800000, 0x0000000081700000| Untracked 
|  24|0x0000000081800000, 0x0000000081900000, 0x0000000081900000|100%| O|  |TAMS 0x0000000081900000, 0x0000000081800000| Untracked 
|  25|0x0000000081900000, 0x0000000081a00000, 0x0000000081a00000|100%| O|  |TAMS 0x0000000081a00000, 0x0000000081900000| Untracked 
|  26|0x0000000081a00000, 0x0000000081b00000, 0x0000000081b00000|100%| O|  |TAMS 0x0000000081b00000, 0x0000000081a00000| Untracked 
|  27|0x0000000081b00000, 0x0000000081c00000, 0x0000000081c00000|100%| O|  |TAMS 0x0000000081c00000, 0x0000000081b00000| Untracked 
|  28|0x0000000081c00000, 0x0000000081d00000, 0x0000000081d00000|100%| O|  |TAMS 0x0000000081d00000, 0x0000000081c00000| Untracked 
|  29|0x0000000081d00000, 0x0000000081e00000, 0x0000000081e00000|100%| O|  |TAMS 0x0000000081e00000, 0x0000000081d00000| Untracked 
|  30|0x0000000081e00000, 0x0000000081f00000, 0x0000000081f00000|100%| O|  |TAMS 0x0000000081f00000, 0x0000000081e00000| Untracked 
|  31|0x0000000081f00000, 0x0000000082000000, 0x0000000082000000|100%| O|  |TAMS 0x0000000082000000, 0x0000000081f00000| Untracked 
|  32|0x0000000082000000, 0x0000000082100000, 0x0000000082100000|100%| O|  |TAMS 0x0000000082100000, 0x0000000082000000| Untracked 
|  33|0x0000000082100000, 0x0000000082200000, 0x0000000082200000|100%| O|  |TAMS 0x0000000082200000, 0x0000000082100000| Untracked 
|  34|0x0000000082200000, 0x0000000082300000, 0x0000000082300000|100%| O|  |TAMS 0x0000000082300000, 0x0000000082200000| Untracked 
|  35|0x0000000082300000, 0x0000000082400000, 0x0000000082400000|100%| O|  |TAMS 0x0000000082400000, 0x0000000082300000| Untracked 
|  36|0x0000000082400000, 0x0000000082500000, 0x0000000082500000|100%| O|  |TAMS 0x0000000082500000, 0x0000000082400000| Untracked 
|  37|0x0000000082500000, 0x0000000082600000, 0x0000000082600000|100%| O|  |TAMS 0x0000000082600000, 0x0000000082500000| Complete 
|  38|0x0000000082600000, 0x0000000082700000, 0x0000000082700000|100%| O|  |TAMS 0x0000000082700000, 0x0000000082600000| Untracked 
|  39|0x0000000082700000, 0x0000000082800000, 0x0000000082800000|100%|HS|  |TAMS 0x0000000082800000, 0x0000000082700000| Complete 
|  40|0x0000000082800000, 0x0000000082900000, 0x0000000082900000|100%|HC|  |TAMS 0x0000000082900000, 0x0000000082800000| Complete 
|  41|0x0000000082900000, 0x0000000082a00000, 0x0000000082a00000|100%|HS|  |TAMS 0x0000000082a00000, 0x0000000082900000| Complete 
|  42|0x0000000082a00000, 0x0000000082b00000, 0x0000000082b00000|100%|HC|  |TAMS 0x0000000082b00000, 0x0000000082a00000| Complete 
|  43|0x0000000082b00000, 0x0000000082c00000, 0x0000000082c00000|100%|HS|  |TAMS 0x0000000082c00000, 0x0000000082b00000| Complete 
|  44|0x0000000082c00000, 0x0000000082d00000, 0x0000000082d00000|100%|HC|  |TAMS 0x0000000082d00000, 0x0000000082c00000| Complete 
|  45|0x0000000082d00000, 0x0000000082e00000, 0x0000000082e00000|100%|HC|  |TAMS 0x0000000082e00000, 0x0000000082d00000| Complete 
|  46|0x0000000082e00000, 0x0000000082f00000, 0x0000000082f00000|100%|HC|  |TAMS 0x0000000082f00000, 0x0000000082e00000| Complete 
|  47|0x0000000082f00000, 0x0000000083000000, 0x0000000083000000|100%| O|  |TAMS 0x0000000083000000, 0x0000000082f00000| Untracked 
|  48|0x0000000083000000, 0x0000000083100000, 0x0000000083100000|100%| O|  |TAMS 0x0000000083100000, 0x0000000083000000| Untracked 
|  49|0x0000000083100000, 0x0000000083200000, 0x0000000083200000|100%| O|  |TAMS 0x0000000083200000, 0x0000000083100000| Untracked 
|  50|0x0000000083200000, 0x0000000083300000, 0x0000000083300000|100%| O|  |TAMS 0x0000000083300000, 0x0000000083200000| Untracked 
|  51|0x0000000083300000, 0x0000000083400000, 0x0000000083400000|100%| O|  |TAMS 0x0000000083400000, 0x0000000083300000| Untracked 
|  52|0x0000000083400000, 0x0000000083500000, 0x0000000083500000|100%| O|  |TAMS 0x0000000083500000, 0x0000000083400000| Untracked 
|  53|0x0000000083500000, 0x0000000083600000, 0x0000000083600000|100%| O|  |TAMS 0x0000000083600000, 0x0000000083500000| Untracked 
|  54|0x0000000083600000, 0x0000000083700000, 0x0000000083700000|100%| O|  |TAMS 0x0000000083700000, 0x0000000083600000| Untracked 
|  55|0x0000000083700000, 0x0000000083800000, 0x0000000083800000|100%| O|  |TAMS 0x0000000083800000, 0x0000000083700000| Untracked 
|  56|0x0000000083800000, 0x0000000083900000, 0x0000000083900000|100%|HS|  |TAMS 0x0000000083900000, 0x0000000083800000| Complete 
|  57|0x0000000083900000, 0x0000000083a00000, 0x0000000083a00000|100%|HC|  |TAMS 0x0000000083a00000, 0x0000000083900000| Complete 
|  58|0x0000000083a00000, 0x0000000083b00000, 0x0000000083b00000|100%|HC|  |TAMS 0x0000000083b00000, 0x0000000083a00000| Complete 
|  59|0x0000000083b00000, 0x0000000083c00000, 0x0000000083c00000|100%|HC|  |TAMS 0x0000000083c00000, 0x0000000083b00000| Complete 
|  60|0x0000000083c00000, 0x0000000083d00000, 0x0000000083d00000|100%| O|  |TAMS 0x0000000083d00000, 0x0000000083c00000| Untracked 
|  61|0x0000000083d00000, 0x0000000083e00000, 0x0000000083e00000|100%| O|  |TAMS 0x0000000083e00000, 0x0000000083d00000| Untracked 
|  62|0x0000000083e00000, 0x0000000083f00000, 0x0000000083f00000|100%| O|  |TAMS 0x0000000083f00000, 0x0000000083e00000| Untracked 
|  63|0x0000000083f00000, 0x0000000084000000, 0x0000000084000000|100%| O|  |TAMS 0x0000000084000000, 0x0000000083f00000| Untracked 
|  64|0x0000000084000000, 0x0000000084100000, 0x0000000084100000|100%| O|  |TAMS 0x0000000084100000, 0x0000000084000000| Untracked 
|  65|0x0000000084100000, 0x0000000084200000, 0x0000000084200000|100%| O|  |TAMS 0x0000000084200000, 0x0000000084100000| Untracked 
|  66|0x0000000084200000, 0x0000000084300000, 0x0000000084300000|100%| O|  |TAMS 0x0000000084300000, 0x0000000084200000| Untracked 
|  67|0x0000000084300000, 0x0000000084400000, 0x0000000084400000|100%|HS|  |TAMS 0x0000000084300000, 0x0000000084300000| Complete 
|  68|0x0000000084400000, 0x0000000084500000, 0x0000000084500000|100%| O|  |TAMS 0x0000000084500000, 0x0000000084400000| Complete 
|  69|0x0000000084500000, 0x0000000084600000, 0x0000000084600000|100%| O|  |TAMS 0x0000000084600000, 0x0000000084500000| Untracked 
|  70|0x0000000084600000, 0x0000000084700000, 0x0000000084700000|100%| O|  |TAMS 0x0000000084700000, 0x0000000084600000| Untracked 
|  71|0x0000000084700000, 0x0000000084800000, 0x0000000084800000|100%| O|  |TAMS 0x0000000084800000, 0x0000000084700000| Untracked 
|  72|0x0000000084800000, 0x0000000084900000, 0x0000000084900000|100%| O|  |TAMS 0x0000000084900000, 0x0000000084800000| Untracked 
|  73|0x0000000084900000, 0x0000000084a00000, 0x0000000084a00000|100%| O|  |TAMS 0x0000000084a00000, 0x0000000084900000| Untracked 
|  74|0x0000000084a00000, 0x0000000084b00000, 0x0000000084b00000|100%| O|  |TAMS 0x0000000084b00000, 0x0000000084a00000| Untracked 
|  75|0x0000000084b00000, 0x0000000084c00000, 0x0000000084c00000|100%| O|  |TAMS 0x0000000084c00000, 0x0000000084b00000| Untracked 
|  76|0x0000000084c00000, 0x0000000084d00000, 0x0000000084d00000|100%| O|  |TAMS 0x0000000084d00000, 0x0000000084c00000| Untracked 
|  77|0x0000000084d00000, 0x0000000084e00000, 0x0000000084e00000|100%| O|  |TAMS 0x0000000084e00000, 0x0000000084d00000| Untracked 
|  78|0x0000000084e00000, 0x0000000084f00000, 0x0000000084f00000|100%| O|  |TAMS 0x0000000084f00000, 0x0000000084e00000| Untracked 
|  79|0x0000000084f00000, 0x0000000085000000, 0x0000000085000000|100%| O|  |TAMS 0x0000000085000000, 0x0000000084f00000| Untracked 
|  80|0x0000000085000000, 0x0000000085100000, 0x0000000085100000|100%|HS|  |TAMS 0x0000000085000000, 0x0000000085000000| Complete 
|  81|0x0000000085100000, 0x0000000085200000, 0x0000000085200000|100%|HS|  |TAMS 0x0000000085100000, 0x0000000085100000| Complete 
|  82|0x0000000085200000, 0x0000000085300000, 0x0000000085300000|100%|HS|  |TAMS 0x0000000085200000, 0x0000000085200000| Complete 
|  83|0x0000000085300000, 0x0000000085400000, 0x0000000085400000|100%|HS|  |TAMS 0x0000000085300000, 0x0000000085300000| Complete 
|  84|0x0000000085400000, 0x0000000085400000, 0x0000000085500000|  0%| F|  |TAMS 0x0000000085400000, 0x0000000085400000| Untracked 
|  85|0x0000000085500000, 0x0000000085500000, 0x0000000085600000|  0%| F|  |TAMS 0x0000000085500000, 0x0000000085500000| Untracked 
|  86|0x0000000085600000, 0x0000000085600000, 0x0000000085700000|  0%| F|  |TAMS 0x0000000085600000, 0x0000000085600000| Untracked 
|  87|0x0000000085700000, 0x0000000085700000, 0x0000000085800000|  0%| F|  |TAMS 0x0000000085700000, 0x0000000085700000| Untracked 
|  88|0x0000000085800000, 0x0000000085800000, 0x0000000085900000|  0%| F|  |TAMS 0x0000000085800000, 0x0000000085800000| Untracked 
|  89|0x0000000085900000, 0x0000000085900000, 0x0000000085a00000|  0%| F|  |TAMS 0x0000000085900000, 0x0000000085900000| Untracked 
|  90|0x0000000085a00000, 0x0000000085a00000, 0x0000000085b00000|  0%| F|  |TAMS 0x0000000085a00000, 0x0000000085a00000| Untracked 
|  91|0x0000000085b00000, 0x0000000085b00000, 0x0000000085c00000|  0%| F|  |TAMS 0x0000000085b00000, 0x0000000085b00000| Untracked 
|  92|0x0000000085c00000, 0x0000000085c00000, 0x0000000085d00000|  0%| F|  |TAMS 0x0000000085c00000, 0x0000000085c00000| Untracked 
|  93|0x0000000085d00000, 0x0000000085d00000, 0x0000000085e00000|  0%| F|  |TAMS 0x0000000085d00000, 0x0000000085d00000| Untracked 
|  94|0x0000000085e00000, 0x0000000085e00000, 0x0000000085f00000|  0%| F|  |TAMS 0x0000000085e00000, 0x0000000085e00000| Untracked 
|  95|0x0000000085f00000, 0x0000000085f00000, 0x0000000086000000|  0%| F|  |TAMS 0x0000000085f00000, 0x0000000085f00000| Untracked 
|  96|0x0000000086000000, 0x0000000086000000, 0x0000000086100000|  0%| F|  |TAMS 0x0000000086000000, 0x0000000086000000| Untracked 
|  97|0x0000000086100000, 0x0000000086100000, 0x0000000086200000|  0%| F|  |TAMS 0x0000000086100000, 0x0000000086100000| Untracked 
|  98|0x0000000086200000, 0x0000000086200000, 0x0000000086300000|  0%| F|  |TAMS 0x0000000086200000, 0x0000000086200000| Untracked 
|  99|0x0000000086300000, 0x0000000086300000, 0x0000000086400000|  0%| F|  |TAMS 0x0000000086300000, 0x0000000086300000| Untracked 
| 100|0x0000000086400000, 0x0000000086400000, 0x0000000086500000|  0%| F|  |TAMS 0x0000000086400000, 0x0000000086400000| Untracked 
| 101|0x0000000086500000, 0x0000000086500000, 0x0000000086600000|  0%| F|  |TAMS 0x0000000086500000, 0x0000000086500000| Untracked 
| 102|0x0000000086600000, 0x0000000086600000, 0x0000000086700000|  0%| F|  |TAMS 0x0000000086600000, 0x0000000086600000| Untracked 
| 103|0x0000000086700000, 0x0000000086700000, 0x0000000086800000|  0%| F|  |TAMS 0x0000000086700000, 0x0000000086700000| Untracked 
| 104|0x0000000086800000, 0x0000000086800000, 0x0000000086900000|  0%| F|  |TAMS 0x0000000086800000, 0x0000000086800000| Untracked 
| 105|0x0000000086900000, 0x0000000086900000, 0x0000000086a00000|  0%| F|  |TAMS 0x0000000086900000, 0x0000000086900000| Untracked 
| 106|0x0000000086a00000, 0x0000000086a00000, 0x0000000086b00000|  0%| F|  |TAMS 0x0000000086a00000, 0x0000000086a00000| Untracked 
| 107|0x0000000086b00000, 0x0000000086b00000, 0x0000000086c00000|  0%| F|  |TAMS 0x0000000086b00000, 0x0000000086b00000| Untracked 
| 108|0x0000000086c00000, 0x0000000086c00000, 0x0000000086d00000|  0%| F|  |TAMS 0x0000000086c00000, 0x0000000086c00000| Untracked 
| 109|0x0000000086d00000, 0x0000000086d00000, 0x0000000086e00000|  0%| F|  |TAMS 0x0000000086d00000, 0x0000000086d00000| Untracked 
| 110|0x0000000086e00000, 0x0000000086e00000, 0x0000000086f00000|  0%| F|  |TAMS 0x0000000086e00000, 0x0000000086e00000| Untracked 
| 111|0x0000000086f00000, 0x0000000086f00000, 0x0000000087000000|  0%| F|  |TAMS 0x0000000086f00000, 0x0000000086f00000| Untracked 
| 112|0x0000000087000000, 0x000000008707d910, 0x0000000087100000| 49%| S|CS|TAMS 0x0000000087000000, 0x0000000087000000| Complete 
| 113|0x0000000087100000, 0x0000000087200000, 0x0000000087200000|100%| S|CS|TAMS 0x0000000087100000, 0x0000000087100000| Complete 
| 114|0x0000000087200000, 0x0000000087300000, 0x0000000087300000|100%| S|CS|TAMS 0x0000000087200000, 0x0000000087200000| Complete 
| 115|0x0000000087300000, 0x0000000087400000, 0x0000000087400000|100%| S|CS|TAMS 0x0000000087300000, 0x0000000087300000| Complete 
| 116|0x0000000087400000, 0x0000000087400000, 0x0000000087500000|  0%| F|  |TAMS 0x0000000087400000, 0x0000000087400000| Untracked 
| 117|0x0000000087500000, 0x0000000087500000, 0x0000000087600000|  0%| F|  |TAMS 0x0000000087500000, 0x0000000087500000| Untracked 
| 118|0x0000000087600000, 0x0000000087600000, 0x0000000087700000|  0%| F|  |TAMS 0x0000000087600000, 0x0000000087600000| Untracked 
| 119|0x0000000087700000, 0x0000000087700000, 0x0000000087800000|  0%| F|  |TAMS 0x0000000087700000, 0x0000000087700000| Untracked 
| 120|0x0000000087800000, 0x0000000087800000, 0x0000000087900000|  0%| F|  |TAMS 0x0000000087800000, 0x0000000087800000| Untracked 
| 121|0x0000000087900000, 0x000000008795ec68, 0x0000000087a00000| 37%| E|  |TAMS 0x0000000087900000, 0x0000000087900000| Complete 
| 122|0x0000000087a00000, 0x0000000087b00000, 0x0000000087b00000|100%| E|CS|TAMS 0x0000000087a00000, 0x0000000087a00000| Complete 
| 123|0x0000000087b00000, 0x0000000087c00000, 0x0000000087c00000|100%| E|CS|TAMS 0x0000000087b00000, 0x0000000087b00000| Complete 
| 124|0x0000000087c00000, 0x0000000087d00000, 0x0000000087d00000|100%| E|CS|TAMS 0x0000000087c00000, 0x0000000087c00000| Complete 
| 125|0x0000000087d00000, 0x0000000087e00000, 0x0000000087e00000|100%| E|CS|TAMS 0x0000000087d00000, 0x0000000087d00000| Complete 
| 126|0x0000000087e00000, 0x0000000087f00000, 0x0000000087f00000|100%| E|CS|TAMS 0x0000000087e00000, 0x0000000087e00000| Complete 
| 127|0x0000000087f00000, 0x0000000088000000, 0x0000000088000000|100%| E|CS|TAMS 0x0000000087f00000, 0x0000000087f00000| Complete 
| 128|0x0000000088000000, 0x0000000088100000, 0x0000000088100000|100%| E|CS|TAMS 0x0000000088000000, 0x0000000088000000| Complete 
| 129|0x0000000088100000, 0x0000000088200000, 0x0000000088200000|100%| E|CS|TAMS 0x0000000088100000, 0x0000000088100000| Complete 
| 130|0x0000000088200000, 0x0000000088300000, 0x0000000088300000|100%| E|CS|TAMS 0x0000000088200000, 0x0000000088200000| Complete 
| 131|0x0000000088300000, 0x0000000088400000, 0x0000000088400000|100%| E|CS|TAMS 0x0000000088300000, 0x0000000088300000| Complete 
| 132|0x0000000088400000, 0x0000000088500000, 0x0000000088500000|100%| E|CS|TAMS 0x0000000088400000, 0x0000000088400000| Complete 
| 133|0x0000000088500000, 0x0000000088600000, 0x0000000088600000|100%| E|CS|TAMS 0x0000000088500000, 0x0000000088500000| Complete 
| 134|0x0000000088600000, 0x0000000088700000, 0x0000000088700000|100%| E|CS|TAMS 0x0000000088600000, 0x0000000088600000| Complete 
| 135|0x0000000088700000, 0x0000000088800000, 0x0000000088800000|100%| E|CS|TAMS 0x0000000088700000, 0x0000000088700000| Complete 
| 136|0x0000000088800000, 0x0000000088900000, 0x0000000088900000|100%| E|CS|TAMS 0x0000000088800000, 0x0000000088800000| Complete 
| 137|0x0000000088900000, 0x0000000088a00000, 0x0000000088a00000|100%| E|CS|TAMS 0x0000000088900000, 0x0000000088900000| Complete 
| 138|0x0000000088a00000, 0x0000000088b00000, 0x0000000088b00000|100%| E|CS|TAMS 0x0000000088a00000, 0x0000000088a00000| Complete 
| 139|0x0000000088b00000, 0x0000000088c00000, 0x0000000088c00000|100%| E|CS|TAMS 0x0000000088b00000, 0x0000000088b00000| Complete 
| 140|0x0000000088c00000, 0x0000000088d00000, 0x0000000088d00000|100%| E|CS|TAMS 0x0000000088c00000, 0x0000000088c00000| Complete 
| 141|0x0000000088d00000, 0x0000000088e00000, 0x0000000088e00000|100%| E|CS|TAMS 0x0000000088d00000, 0x0000000088d00000| Complete 
| 142|0x0000000088e00000, 0x0000000088f00000, 0x0000000088f00000|100%| E|CS|TAMS 0x0000000088e00000, 0x0000000088e00000| Complete 
| 143|0x0000000088f00000, 0x0000000089000000, 0x0000000089000000|100%| E|CS|TAMS 0x0000000088f00000, 0x0000000088f00000| Complete 
| 144|0x0000000089000000, 0x0000000089100000, 0x0000000089100000|100%| E|CS|TAMS 0x0000000089000000, 0x0000000089000000| Complete 
| 145|0x0000000089100000, 0x0000000089200000, 0x0000000089200000|100%| E|  |TAMS 0x0000000089100000, 0x0000000089100000| Complete 
| 146|0x0000000089200000, 0x0000000089300000, 0x0000000089300000|100%| E|CS|TAMS 0x0000000089200000, 0x0000000089200000| Complete 
| 147|0x0000000089300000, 0x0000000089400000, 0x0000000089400000|100%| E|CS|TAMS 0x0000000089300000, 0x0000000089300000| Complete 
| 148|0x0000000089400000, 0x0000000089500000, 0x0000000089500000|100%| E|CS|TAMS 0x0000000089400000, 0x0000000089400000| Complete 
| 149|0x0000000089500000, 0x0000000089600000, 0x0000000089600000|100%| E|CS|TAMS 0x0000000089500000, 0x0000000089500000| Complete 
| 150|0x0000000089600000, 0x0000000089700000, 0x0000000089700000|100%| E|CS|TAMS 0x0000000089600000, 0x0000000089600000| Complete 
| 151|0x0000000089700000, 0x0000000089800000, 0x0000000089800000|100%| E|CS|TAMS 0x0000000089700000, 0x0000000089700000| Complete 
| 152|0x0000000089800000, 0x0000000089900000, 0x0000000089900000|100%| E|CS|TAMS 0x0000000089800000, 0x0000000089800000| Complete 
| 153|0x0000000089900000, 0x0000000089a00000, 0x0000000089a00000|100%| E|CS|TAMS 0x0000000089900000, 0x0000000089900000| Complete 
| 154|0x0000000089a00000, 0x0000000089b00000, 0x0000000089b00000|100%| E|CS|TAMS 0x0000000089a00000, 0x0000000089a00000| Complete 
| 155|0x0000000089b00000, 0x0000000089c00000, 0x0000000089c00000|100%| E|CS|TAMS 0x0000000089b00000, 0x0000000089b00000| Complete 
| 156|0x0000000089c00000, 0x0000000089d00000, 0x0000000089d00000|100%| E|CS|TAMS 0x0000000089c00000, 0x0000000089c00000| Complete 
| 157|0x0000000089d00000, 0x0000000089e00000, 0x0000000089e00000|100%| E|CS|TAMS 0x0000000089d00000, 0x0000000089d00000| Complete 
| 158|0x0000000089e00000, 0x0000000089f00000, 0x0000000089f00000|100%| E|CS|TAMS 0x0000000089e00000, 0x0000000089e00000| Complete 
| 159|0x0000000089f00000, 0x000000008a000000, 0x000000008a000000|100%| E|CS|TAMS 0x0000000089f00000, 0x0000000089f00000| Complete 
| 160|0x000000008a000000, 0x000000008a100000, 0x000000008a100000|100%| E|CS|TAMS 0x000000008a000000, 0x000000008a000000| Complete 
| 161|0x000000008a100000, 0x000000008a200000, 0x000000008a200000|100%| E|CS|TAMS 0x000000008a100000, 0x000000008a100000| Complete 
| 162|0x000000008a200000, 0x000000008a300000, 0x000000008a300000|100%| E|CS|TAMS 0x000000008a200000, 0x000000008a200000| Complete 
| 163|0x000000008a300000, 0x000000008a400000, 0x000000008a400000|100%| E|CS|TAMS 0x000000008a300000, 0x000000008a300000| Complete 
| 164|0x000000008a400000, 0x000000008a500000, 0x000000008a500000|100%| E|CS|TAMS 0x000000008a400000, 0x000000008a400000| Complete 
| 165|0x000000008a500000, 0x000000008a600000, 0x000000008a600000|100%| E|CS|TAMS 0x000000008a500000, 0x000000008a500000| Complete 
| 166|0x000000008a600000, 0x000000008a700000, 0x000000008a700000|100%| E|CS|TAMS 0x000000008a600000, 0x000000008a600000| Complete 
| 167|0x000000008a700000, 0x000000008a800000, 0x000000008a800000|100%| E|CS|TAMS 0x000000008a700000, 0x000000008a700000| Complete 
| 168|0x000000008a800000, 0x000000008a900000, 0x000000008a900000|100%| E|CS|TAMS 0x000000008a800000, 0x000000008a800000| Complete 
| 169|0x000000008a900000, 0x000000008aa00000, 0x000000008aa00000|100%| E|CS|TAMS 0x000000008a900000, 0x000000008a900000| Complete 
| 170|0x000000008aa00000, 0x000000008ab00000, 0x000000008ab00000|100%| E|CS|TAMS 0x000000008aa00000, 0x000000008aa00000| Complete 
| 171|0x000000008ab00000, 0x000000008ac00000, 0x000000008ac00000|100%| E|CS|TAMS 0x000000008ab00000, 0x000000008ab00000| Complete 
| 172|0x000000008ac00000, 0x000000008ad00000, 0x000000008ad00000|100%| E|CS|TAMS 0x000000008ac00000, 0x000000008ac00000| Complete 
| 173|0x000000008ad00000, 0x000000008ae00000, 0x000000008ae00000|100%| E|CS|TAMS 0x000000008ad00000, 0x000000008ad00000| Complete 

Card table byte_map: [0x0000023da96e0000,0x0000023da9ae0000] _byte_map_base: 0x0000023da92e0000

Marking Bits (Prev, Next): (CMBitMap*) 0x0000023d928417c0, (CMBitMap*) 0x0000023d92841800
 Prev Bits: [0x0000023da9ee0000, 0x0000023dabee0000)
 Next Bits: [0x0000023dabee0000, 0x0000023dadee0000)

Polling page: 0x0000023d90730000

Metaspace:

Usage:
  Non-class:     59.97 MB used.
      Class:      9.86 MB used.
       Both:     69.83 MB used.

Virtual space:
  Non-class space:       64.00 MB reserved,      60.44 MB ( 94%) committed,  1 nodes.
      Class space:      416.00 MB reserved,      10.25 MB (  2%) committed,  1 nodes.
             Both:      480.00 MB reserved,      70.69 MB ( 15%) committed. 

Chunk freelists:
   Non-Class:  3.25 MB
       Class:  5.69 MB
        Both:  8.94 MB

MaxMetaspaceSize: 512.00 MB
CompressedClassSpaceSize: 416.00 MB
Initial GC threshold: 21.00 MB
Current GC threshold: 117.75 MB
CDS: on
MetaspaceReclaimPolicy: balanced
 - commit_granule_bytes: 65536.
 - commit_granule_words: 8192.
 - virtual_space_node_default_size: 8388608.
 - enlarge_chunks_in_place: 1.
 - new_chunks_are_fully_committed: 0.
 - uncommit_free_chunks: 1.
 - use_allocation_guard: 0.
 - handle_deallocations: 1.


Internal statistics:

num_allocs_failed_limit: 17.
num_arena_births: 1078.
num_arena_deaths: 0.
num_vsnodes_births: 2.
num_vsnodes_deaths: 0.
num_space_committed: 1131.
num_space_uncommitted: 0.
num_chunks_returned_to_freelist: 17.
num_chunks_taken_from_freelist: 4225.
num_chunk_merges: 14.
num_chunk_splits: 2710.
num_chunks_enlarged: 1692.
num_inconsistent_stats: 0.

CodeHeap 'non-profiled nmethods': size=120000Kb used=5569Kb max_used=5904Kb free=114430Kb
 bounds [0x0000023da1db0000, 0x0000023da2380000, 0x0000023da92e0000]
CodeHeap 'profiled nmethods': size=120000Kb used=17513Kb max_used=19891Kb free=102486Kb
 bounds [0x0000023d9a2e0000, 0x0000023d9b650000, 0x0000023da1810000]
CodeHeap 'non-nmethods': size=5760Kb used=2374Kb max_used=2508Kb free=3385Kb
 bounds [0x0000023da1810000, 0x0000023da1aa0000, 0x0000023da1db0000]
 total_blobs=10265 nmethods=9360 adapters=817
 compilation: enabled
              stopped_count=0, restarted_count=0
 full_count=0

Compilation events (20 events):
Event: 33.580 Thread 0x0000023db03a5880 nmethod 10984 0x0000023d9a2ffe90 code [0x0000023d9a300060, 0x0000023d9a300638]
Event: 33.580 Thread 0x0000023db03a2eb0 10985       4       org.gradle.internal.vfs.impl.DefaultFileSystemAccess::read (33 bytes)
Event: 33.584 Thread 0x0000023db03a2eb0 nmethod 10985 0x0000023da1ecc510 code [0x0000023da1ecc6a0, 0x0000023da1ecc868]
Event: 33.584 Thread 0x0000023db03a2eb0 10986   !   4       java.util.concurrent.FutureTask::run (123 bytes)
Event: 33.589 Thread 0x0000023db03a5880 10988       3       org.gradle.internal.serialize.kryo.KryoBackedEncoder::writeBytes (11 bytes)
Event: 33.589 Thread 0x0000023db03a5880 nmethod 10988 0x0000023d9a340d90 code [0x0000023d9a340f40, 0x0000023d9a3410a8]
Event: 33.589 Thread 0x0000023db03a5880 10989       3       com.esotericsoftware.kryo.io.Output::writeBytes (90 bytes)
Event: 33.590 Thread 0x0000023db03a5880 nmethod 10989 0x0000023d9a3bde90 code [0x0000023d9a3be080, 0x0000023d9a3be628]
Event: 33.590 Thread 0x0000023db03a5880 10990       3       org.gradle.internal.serialize.HashCodeSerializer::read (6 bytes)
Event: 33.590 Thread 0x0000023db03a5880 nmethod 10990 0x0000023d9a305710 code [0x0000023d9a3058e0, 0x0000023d9a305cc8]
Event: 33.604 Thread 0x0000023db03a5880 10992       3       com.google.common.collect.AbstractMapEntry::hashCode (36 bytes)
Event: 33.604 Thread 0x0000023db03a5880 nmethod 10992 0x0000023d9a355190 code [0x0000023d9a355360, 0x0000023d9a3556f8]
Event: 33.618 Thread 0x0000023db03a5880 10995       3       org.codehaus.groovy.runtime.metaclass.MetaMethodIndex::resize (103 bytes)
Event: 33.618 Thread 0x0000023db03a5880 nmethod 10995 0x0000023d9a3ee790 code [0x0000023d9a3ee960, 0x0000023d9a3eef38]
Event: 33.625 Thread 0x0000023db03a5880 10996       3       groovyjarjarasm.asm.Symbol::<init> (38 bytes)
Event: 33.625 Thread 0x0000023db03a5880 nmethod 10996 0x0000023d9a33a910 code [0x0000023d9a33aac0, 0x0000023d9a33ad58]
Event: 33.625 Thread 0x0000023db03a5880 10998       3       groovyjarjarasm.asm.ByteVector::putUTF8 (144 bytes)
Event: 33.626 Thread 0x0000023db03a5880 nmethod 10998 0x0000023d9a94ad90 code [0x0000023d9a94b000, 0x0000023d9a94bb68]
Event: 33.626 Thread 0x0000023db03a5880 10997       3       groovyjarjarasm.asm.SymbolTable::put (150 bytes)
Event: 33.627 Thread 0x0000023db03a5880 nmethod 10997 0x0000023d9a42e190 code [0x0000023d9a42e380, 0x0000023d9a42ec18]

GC Heap History (20 events):
Event: 19.056 GC heap before
{Heap before GC invocations=17 (full 0):
 garbage-first heap   total 89088K, used 72224K [0x0000000080000000, 0x0000000100000000)
  region size 1024K, 37 young (37888K), 4 survivors (4096K)
 Metaspace       used 52012K, committed 52672K, reserved 491520K
  class space    used 7360K, committed 7680K, reserved 425984K
}
Event: 19.067 GC heap after
{Heap after GC invocations=18 (full 0):
 garbage-first heap   total 89088K, used 40917K [0x0000000080000000, 0x0000000100000000)
  region size 1024K, 4 young (4096K), 4 survivors (4096K)
 Metaspace       used 52012K, committed 52672K, reserved 491520K
  class space    used 7360K, committed 7680K, reserved 425984K
}
Event: 20.099 GC heap before
{Heap before GC invocations=18 (full 0):
 garbage-first heap   total 89088K, used 71637K [0x0000000080000000, 0x0000000100000000)
  region size 1024K, 35 young (35840K), 4 survivors (4096K)
 Metaspace       used 52651K, committed 53248K, reserved 491520K
  class space    used 7412K, committed 7680K, reserved 425984K
}
Event: 20.112 GC heap after
{Heap after GC invocations=19 (full 0):
 garbage-first heap   total 178176K, used 44129K [0x0000000080000000, 0x0000000100000000)
  region size 1024K, 5 young (5120K), 5 survivors (5120K)
 Metaspace       used 52651K, committed 53248K, reserved 491520K
  class space    used 7412K, committed 7680K, reserved 425984K
}
Event: 22.709 GC heap before
{Heap before GC invocations=19 (full 0):
 garbage-first heap   total 178176K, used 139361K [0x0000000080000000, 0x0000000100000000)
  region size 1024K, 86 young (88064K), 5 survivors (5120K)
 Metaspace       used 59963K, committed 60608K, reserved 491520K
  class space    used 8495K, committed 8768K, reserved 425984K
}
Event: 22.730 GC heap after
{Heap after GC invocations=20 (full 0):
 garbage-first heap   total 178176K, used 62561K [0x0000000080000000, 0x0000000100000000)
  region size 1024K, 11 young (11264K), 11 survivors (11264K)
 Metaspace       used 59963K, committed 60608K, reserved 491520K
  class space    used 8495K, committed 8768K, reserved 425984K
}
Event: 24.432 GC heap before
{Heap before GC invocations=20 (full 0):
 garbage-first heap   total 178176K, used 134241K [0x0000000080000000, 0x0000000100000000)
  region size 1024K, 81 young (82944K), 11 survivors (11264K)
 Metaspace       used 63501K, committed 64192K, reserved 491520K
  class space    used 8988K, committed 9280K, reserved 425984K
}
Event: 24.455 GC heap after
{Heap after GC invocations=21 (full 0):
 garbage-first heap   total 178176K, used 66370K [0x0000000080000000, 0x0000000100000000)
  region size 1024K, 11 young (11264K), 11 survivors (11264K)
 Metaspace       used 63501K, committed 64192K, reserved 491520K
  class space    used 8988K, committed 9280K, reserved 425984K
}
Event: 27.627 GC heap before
{Heap before GC invocations=21 (full 0):
 garbage-first heap   total 178176K, used 137026K [0x0000000080000000, 0x0000000100000000)
  region size 1024K, 80 young (81920K), 11 survivors (11264K)
 Metaspace       used 67385K, committed 68096K, reserved 491520K
  class space    used 9512K, committed 9856K, reserved 425984K
}
Event: 27.646 GC heap after
{Heap after GC invocations=22 (full 0):
 garbage-first heap   total 178176K, used 71410K [0x0000000080000000, 0x0000000100000000)
  region size 1024K, 10 young (10240K), 10 survivors (10240K)
 Metaspace       used 67385K, committed 68096K, reserved 491520K
  class space    used 9512K, committed 9856K, reserved 425984K
}
Event: 28.248 GC heap before
{Heap before GC invocations=22 (full 0):
 garbage-first heap   total 178176K, used 80626K [0x0000000080000000, 0x0000000100000000)
  region size 1024K, 20 young (20480K), 10 survivors (10240K)
 Metaspace       used 68424K, committed 69120K, reserved 491520K
  class space    used 9703K, committed 10048K, reserved 425984K
}
Event: 28.263 GC heap after
{Heap after GC invocations=23 (full 0):
 garbage-first heap   total 178176K, used 72997K [0x0000000080000000, 0x0000000100000000)
  region size 1024K, 2 young (2048K), 2 survivors (2048K)
 Metaspace       used 68424K, committed 69120K, reserved 491520K
  class space    used 9703K, committed 10048K, reserved 425984K
}
Event: 30.284 GC heap before
{Heap before GC invocations=24 (full 0):
 garbage-first heap   total 178176K, used 136485K [0x0000000080000000, 0x0000000100000000)
  region size 1024K, 65 young (66560K), 2 survivors (2048K)
 Metaspace       used 70925K, committed 71744K, reserved 491520K
  class space    used 10084K, committed 10496K, reserved 425984K
}
Event: 30.306 GC heap after
{Heap after GC invocations=25 (full 0):
 garbage-first heap   total 178176K, used 79650K [0x0000000080000000, 0x0000000100000000)
  region size 1024K, 9 young (9216K), 9 survivors (9216K)
 Metaspace       used 70925K, committed 71744K, reserved 491520K
  class space    used 10084K, committed 10496K, reserved 425984K
}
Event: 31.979 GC heap before
{Heap before GC invocations=26 (full 0):
 garbage-first heap   total 178176K, used 136994K [0x0000000080000000, 0x0000000100000000)
  region size 1024K, 66 young (67584K), 9 survivors (9216K)
 Metaspace       used 71459K, committed 72320K, reserved 491520K
  class space    used 10089K, committed 10496K, reserved 425984K
}
Event: 31.995 GC heap after
{Heap after GC invocations=27 (full 0):
 garbage-first heap   total 178176K, used 82562K [0x0000000080000000, 0x0000000100000000)
  region size 1024K, 6 young (6144K), 6 survivors (6144K)
 Metaspace       used 71459K, committed 72320K, reserved 491520K
  class space    used 10089K, committed 10496K, reserved 425984K
}
Event: 32.024 GC heap before
{Heap before GC invocations=27 (full 0):
 garbage-first heap   total 178176K, used 84610K [0x0000000080000000, 0x0000000100000000)
  region size 1024K, 8 young (8192K), 6 survivors (6144K)
 Metaspace       used 71459K, committed 72320K, reserved 491520K
  class space    used 10089K, committed 10496K, reserved 425984K
}
Event: 32.032 GC heap after
{Heap after GC invocations=28 (full 0):
 garbage-first heap   total 178176K, used 81920K [0x0000000080000000, 0x0000000100000000)
  region size 1024K, 1 young (1024K), 1 survivors (1024K)
 Metaspace       used 71459K, committed 72320K, reserved 491520K
  class space    used 10089K, committed 10496K, reserved 425984K
}
Event: 32.749 GC heap before
{Heap before GC invocations=28 (full 0):
 garbage-first heap   total 178176K, used 140288K [0x0000000080000000, 0x0000000100000000)
  region size 1024K, 58 young (59392K), 1 survivors (1024K)
 Metaspace       used 71468K, committed 72320K, reserved 491520K
  class space    used 10089K, committed 10496K, reserved 425984K
}
Event: 32.756 GC heap after
{Heap after GC invocations=29 (full 0):
 garbage-first heap   total 178176K, used 84470K [0x0000000080000000, 0x0000000100000000)
  region size 1024K, 4 young (4096K), 4 survivors (4096K)
 Metaspace       used 71468K, committed 72320K, reserved 491520K
  class space    used 10089K, committed 10496K, reserved 425984K
}

Dll operation events (14 events):
Event: 0.024 Loaded shared library C:\Program Files\Microsoft\jdk-17.0.8.7-hotspot\bin\java.dll
Event: 0.074 Loaded shared library C:\Program Files\Microsoft\jdk-17.0.8.7-hotspot\bin\jsvml.dll
Event: 0.264 Loaded shared library C:\Program Files\Microsoft\jdk-17.0.8.7-hotspot\bin\zip.dll
Event: 0.270 Loaded shared library C:\Program Files\Microsoft\jdk-17.0.8.7-hotspot\bin\instrument.dll
Event: 0.301 Loaded shared library C:\Program Files\Microsoft\jdk-17.0.8.7-hotspot\bin\net.dll
Event: 0.304 Loaded shared library C:\Program Files\Microsoft\jdk-17.0.8.7-hotspot\bin\nio.dll
Event: 0.361 Loaded shared library C:\Program Files\Microsoft\jdk-17.0.8.7-hotspot\bin\zip.dll
Event: 1.782 Loaded shared library C:\Program Files\Microsoft\jdk-17.0.8.7-hotspot\bin\jimage.dll
Event: 3.158 Loaded shared library C:\Program Files\Microsoft\jdk-17.0.8.7-hotspot\bin\verify.dll
Event: 3.544 Loaded shared library C:\Users\GOREJA SYESTEMS\.gradle\native\c067742578af261105cb4f569cf0c3c89f3d7b1fecec35dd04571415982c5e48\windows-amd64\native-platform.dll
Event: 3.571 Loaded shared library C:\Users\GOREJA SYESTEMS\.gradle\native\100fb08df4bc3b14c8652ba06237920a3bd2aa13389f12d3474272988ae205f9\windows-amd64\native-platform-file-events.dll
Event: 6.009 Loaded shared library C:\Program Files\Microsoft\jdk-17.0.8.7-hotspot\bin\management.dll
Event: 6.013 Loaded shared library C:\Program Files\Microsoft\jdk-17.0.8.7-hotspot\bin\management_ext.dll
Event: 7.839 Loaded shared library C:\Program Files\Microsoft\jdk-17.0.8.7-hotspot\bin\sunmscapi.dll

Deoptimization events (20 events):
Event: 33.025 Thread 0x0000023dd1b63110 Uncommon trap: trap_request=0xffffffd6 fr.pc=0x0000023da200e314 relative=0x0000000000001b54
Event: 33.025 Thread 0x0000023dd1b63110 Uncommon trap: reason=array_check action=maybe_recompile pc=0x0000023da200e314 method=java.util.TimSort.reverseRange([Ljava/lang/Object;II)V @ 27 c2
Event: 33.025 Thread 0x0000023dd1b63110 DEOPT PACKING pc=0x0000023da200e314 sp=0x000000a1d21fd2d0
Event: 33.025 Thread 0x0000023dd1b63110 DEOPT UNPACKING pc=0x0000023da18669a3 sp=0x000000a1d21fd198 mode 2
Event: 33.025 Thread 0x0000023dd1b63110 Uncommon trap: trap_request=0xffffffd6 fr.pc=0x0000023da200e314 relative=0x0000000000001b54
Event: 33.025 Thread 0x0000023dd1b63110 Uncommon trap: reason=array_check action=maybe_recompile pc=0x0000023da200e314 method=java.util.TimSort.reverseRange([Ljava/lang/Object;II)V @ 27 c2
Event: 33.025 Thread 0x0000023dd1b63110 DEOPT PACKING pc=0x0000023da200e314 sp=0x000000a1d21fd2d0
Event: 33.025 Thread 0x0000023dd1b63110 DEOPT UNPACKING pc=0x0000023da18669a3 sp=0x000000a1d21fd198 mode 2
Event: 33.594 Thread 0x0000023dd148e800 DEOPT PACKING pc=0x0000023d9ac2aad9 sp=0x000000a1d04f93a0
Event: 33.594 Thread 0x0000023dd148e800 DEOPT UNPACKING pc=0x0000023da1867143 sp=0x000000a1d04f8898 mode 0
Event: 33.598 Thread 0x0000023dd148e800 DEOPT PACKING pc=0x0000023d9ac2aad9 sp=0x000000a1d04f93a0
Event: 33.598 Thread 0x0000023dd148e800 DEOPT UNPACKING pc=0x0000023da1867143 sp=0x000000a1d04f8898 mode 0
Event: 33.600 Thread 0x0000023dd148e800 DEOPT PACKING pc=0x0000023d9ac2aad9 sp=0x000000a1d04f93a0
Event: 33.601 Thread 0x0000023dd148e800 DEOPT UNPACKING pc=0x0000023da1867143 sp=0x000000a1d04f8898 mode 0
Event: 33.616 Thread 0x0000023dd148e800 DEOPT PACKING pc=0x0000023d9add2ea5 sp=0x000000a1d04f9700
Event: 33.616 Thread 0x0000023dd148e800 DEOPT UNPACKING pc=0x0000023da1867143 sp=0x000000a1d04f8ca0 mode 0
Event: 33.640 Thread 0x0000023dd148e800 Uncommon trap: trap_request=0xffffff45 fr.pc=0x0000023da1f7740c relative=0x000000000000192c
Event: 33.640 Thread 0x0000023dd148e800 Uncommon trap: reason=unstable_if action=reinterpret pc=0x0000023da1f7740c method=java.util.zip.ZipFile.getInputStream(Ljava/util/zip/ZipEntry;)Ljava/io/InputStream; @ 101 c2
Event: 33.640 Thread 0x0000023dd148e800 DEOPT PACKING pc=0x0000023da1f7740c sp=0x000000a1d04f7fc0
Event: 33.640 Thread 0x0000023dd148e800 DEOPT UNPACKING pc=0x0000023da18669a3 sp=0x000000a1d04f7f78 mode 2

Classes unloaded (0 events):
No events

Classes redefined (0 events):
No events

Internal exceptions (20 events):
Event: 29.915 Thread 0x0000023dd148e800 Exception <a 'java/lang/ClassNotFoundException'{0x00000000874b58d0}: org/gradle/api/internal/DefaultDomainObjectCollectionBeanInfo> (0x00000000874b58d0) 
thrown [s\src\hotspot\share\classfile\systemDictionary.cpp, line 256]
Event: 29.916 Thread 0x0000023dd148e800 Exception <a 'java/lang/ClassNotFoundException'{0x00000000874bd6b8}: java/util/AbstractCollectionBeanInfo> (0x00000000874bd6b8) 
thrown [s\src\hotspot\share\classfile\systemDictionary.cpp, line 256]
Event: 29.916 Thread 0x0000023dd148e800 Exception <a 'java/lang/ClassNotFoundException'{0x00000000874c5468}: java/util/AbstractCollectionCustomizer> (0x00000000874c5468) 
thrown [s\src\hotspot\share\classfile\systemDictionary.cpp, line 256]
Event: 29.920 Thread 0x0000023dd148e800 Exception <a 'java/lang/ClassNotFoundException'{0x00000000874e4c58}: org/gradle/api/internal/DefaultDomainObjectCollectionCustomizer> (0x00000000874e4c58) 
thrown [s\src\hotspot\share\classfile\systemDictionary.cpp, line 256]
Event: 29.926 Thread 0x0000023dd148e800 Exception <a 'java/lang/ClassNotFoundException'{0x000000008731b2f8}: org/gradle/api/internal/DefaultNamedDomainObjectCollectionCustomizer> (0x000000008731b2f8) 
thrown [s\src\hotspot\share\classfile\systemDictionary.cpp, line 256]
Event: 29.941 Thread 0x0000023dd148e800 Exception <a 'java/lang/ClassNotFoundException'{0x0000000087359e88}: org/gradle/api/internal/DefaultNamedDomainObjectListCustomizer> (0x0000000087359e88) 
thrown [s\src\hotspot\share\classfile\systemDictionary.cpp, line 256]
Event: 29.945 Thread 0x0000023dd148e800 Exception <a 'java/lang/ClassNotFoundException'{0x000000008738fad0}: org/gradle/api/internal/artifacts/DefaultArtifactRepositoryContainerCustomizer> (0x000000008738fad0) 
thrown [s\src\hotspot\share\classfile\systemDictionary.cpp, line 256]
Event: 29.948 Thread 0x0000023dd148e800 Exception <a 'java/lang/ClassNotFoundException'{0x00000000873b9b40}: org/gradle/api/internal/artifacts/dsl/DefaultRepositoryHandlerCustomizer> (0x00000000873b9b40) 
thrown [s\src\hotspot\share\classfile\systemDictionary.cpp, line 256]
Event: 29.957 Thread 0x0000023dd148e800 Exception <a 'java/lang/ClassNotFoundException'{0x00000000873f2360}: org/gradle/api/internal/artifacts/dsl/DefaultRepositoryHandler_DecoratedCustomizer> (0x00000000873f2360) 
thrown [s\src\hotspot\share\classfile\systemDictionary.cpp, line 256]
Event: 29.976 Thread 0x0000023dd148e800 Exception <a 'java/lang/ClassNotFoundException'{0x000000008729af88}: org/gradle/api/internal/artifacts/dsl/dependencies/DefaultDependencyHandler_DecoratedBeanInfo> (0x000000008729af88) 
thrown [s\src\hotspot\share\classfile\systemDictionary.cpp, line 256]
Event: 29.979 Thread 0x0000023dd148e800 Exception <a 'java/lang/ClassNotFoundException'{0x00000000872b2c88}: org/gradle/api/internal/artifacts/dsl/dependencies/DefaultDependencyHandlerBeanInfo> (0x00000000872b2c88) 
thrown [s\src\hotspot\share\classfile\systemDictionary.cpp, line 256]
Event: 29.981 Thread 0x0000023dd148e800 Exception <a 'java/lang/ClassNotFoundException'{0x00000000872c9ea8}: org/gradle/api/internal/artifacts/dsl/dependencies/DefaultDependencyHandlerCustomizer> (0x00000000872c9ea8) 
thrown [s\src\hotspot\share\classfile\systemDictionary.cpp, line 256]
Event: 29.985 Thread 0x0000023dd148e800 Exception <a 'java/lang/ClassNotFoundException'{0x0000000087109c58}: org/gradle/api/internal/artifacts/dsl/dependencies/DefaultDependencyHandler_DecoratedCustomizer> (0x0000000087109c58) 
thrown [s\src\hotspot\share\classfile\systemDictionary.cpp, line 256]
Event: 31.062 Thread 0x0000023dd297ed50 Exception <a 'sun/nio/fs/WindowsException'{0x0000000089e84260}> (0x0000000089e84260) 
thrown [s\src\hotspot\share\prims\jni.cpp, line 516]
Event: 31.063 Thread 0x0000023dd297ed50 Exception <a 'sun/nio/fs/WindowsException'{0x0000000089e870f0}> (0x0000000089e870f0) 
thrown [s\src\hotspot\share\prims\jni.cpp, line 516]
Event: 31.063 Thread 0x0000023dd297ed50 Exception <a 'sun/nio/fs/WindowsException'{0x0000000089e89aa0}> (0x0000000089e89aa0) 
thrown [s\src\hotspot\share\prims\jni.cpp, line 516]
Event: 31.064 Thread 0x0000023dd297ed50 Exception <a 'sun/nio/fs/WindowsException'{0x0000000089e8c008}> (0x0000000089e8c008) 
thrown [s\src\hotspot\share\prims\jni.cpp, line 516]
Event: 31.524 Thread 0x0000023dd1b64f70 Implicit null exception at 0x0000023da23222ca to 0x0000023da23229c0
Event: 33.620 Thread 0x0000023dd148e800 Exception <a 'java/lang/ClassNotFoundException'{0x0000000088070348}: build_6ykimuv0v71bxh8ihjr9sni7pBeanInfo> (0x0000000088070348) 
thrown [s\src\hotspot\share\classfile\systemDictionary.cpp, line 256]
Event: 33.621 Thread 0x0000023dd148e800 Exception <a 'java/lang/ClassNotFoundException'{0x00000000880774f8}: build_6ykimuv0v71bxh8ihjr9sni7pCustomizer> (0x00000000880774f8) 
thrown [s\src\hotspot\share\classfile\systemDictionary.cpp, line 256]

VM Operations (20 events):
Event: 30.923 Executing VM operation: ICBufferFull
Event: 30.923 Executing VM operation: ICBufferFull done
Event: 31.413 Executing VM operation: ICBufferFull
Event: 31.414 Executing VM operation: ICBufferFull done
Event: 31.979 Executing VM operation: G1CollectForAllocation
Event: 31.995 Executing VM operation: G1CollectForAllocation done
Event: 32.024 Executing VM operation: G1CollectForAllocation
Event: 32.032 Executing VM operation: G1CollectForAllocation done
Event: 32.567 Executing VM operation: HandshakeAllThreads
Event: 32.567 Executing VM operation: HandshakeAllThreads done
Event: 32.748 Executing VM operation: G1CollectForAllocation
Event: 32.756 Executing VM operation: G1CollectForAllocation done
Event: 32.834 Executing VM operation: HandshakeAllThreads
Event: 32.844 Executing VM operation: HandshakeAllThreads done
Event: 32.876 Executing VM operation: HandshakeAllThreads
Event: 32.876 Executing VM operation: HandshakeAllThreads done
Event: 32.975 Executing VM operation: G1PauseRemark
Event: 32.986 Executing VM operation: G1PauseRemark done
Event: 33.080 Executing VM operation: G1PauseCleanup
Event: 33.080 Executing VM operation: G1PauseCleanup done

Events (20 events):
Event: 32.893 Thread 0x0000023db0409380 flushing nmethod 0x0000023d9b282590
Event: 32.893 Thread 0x0000023db0409380 flushing nmethod 0x0000023d9b28ca90
Event: 32.893 Thread 0x0000023db0409380 flushing nmethod 0x0000023d9b28ec90
Event: 32.894 Thread 0x0000023db0409380 flushing nmethod 0x0000023d9b2d8d90
Event: 32.894 Thread 0x0000023db0409380 flushing nmethod 0x0000023d9b2e1f10
Event: 32.894 Thread 0x0000023db0409380 flushing nmethod 0x0000023d9b2ed890
Event: 32.894 Thread 0x0000023db0409380 flushing nmethod 0x0000023d9b2f9510
Event: 32.894 Thread 0x0000023db0409380 flushing nmethod 0x0000023d9b35b710
Event: 32.894 Thread 0x0000023db0409380 flushing nmethod 0x0000023d9b381510
Event: 32.894 Thread 0x0000023db0409380 flushing nmethod 0x0000023d9b3b3790
Event: 32.895 Thread 0x0000023db0409380 flushing nmethod 0x0000023d9b3b8190
Event: 32.895 Thread 0x0000023db0409380 flushing nmethod 0x0000023d9b3be310
Event: 32.895 Thread 0x0000023db0409380 flushing nmethod 0x0000023d9b3c3110
Event: 32.895 Thread 0x0000023db0409380 flushing nmethod 0x0000023d9b4cbd10
Event: 32.896 Thread 0x0000023db0409380 flushing nmethod 0x0000023d9b53a690
Event: 32.896 Thread 0x0000023db0409380 flushing nmethod 0x0000023d9b55b690
Event: 32.896 Thread 0x0000023db0409380 flushing nmethod 0x0000023d9b562810
Event: 32.896 Thread 0x0000023db0409380 flushing nmethod 0x0000023d9b5dbd90
Event: 33.542 Thread 0x0000023dd3b64000 Thread exited: 0x0000023dd3b64000
Event: 33.609 Thread 0x0000023dd3d4c580 Thread added: 0x0000023dd3d4c580


Dynamic libraries:
0x00007ff684c40000 - 0x00007ff684c4e000 	C:\Program Files\Microsoft\jdk-17.0.8.7-hotspot\bin\java.exe
0x00007ffa82870000 - 0x00007ffa82a68000 	C:\Windows\SYSTEM32\ntdll.dll
0x00007ffa808b0000 - 0x00007ffa80972000 	C:\Windows\System32\KERNEL32.DLL
0x00007ffa80150000 - 0x00007ffa8044e000 	C:\Windows\System32\KERNELBASE.dll
0x00007ffa806f0000 - 0x00007ffa807f0000 	C:\Windows\System32\ucrtbase.dll
0x00007ffa79370000 - 0x00007ffa79387000 	C:\Program Files\Microsoft\jdk-17.0.8.7-hotspot\bin\jli.dll
0x00007ffa819e0000 - 0x00007ffa81b7d000 	C:\Windows\System32\USER32.dll
0x00007ffa807f0000 - 0x00007ffa80812000 	C:\Windows\System32\win32u.dll
0x00007ffa825b0000 - 0x00007ffa825db000 	C:\Windows\System32\GDI32.dll
0x00007ffa78090000 - 0x00007ffa780ab000 	C:\Program Files\Microsoft\jdk-17.0.8.7-hotspot\bin\VCRUNTIME140.dll
0x00007ffa80530000 - 0x00007ffa80647000 	C:\Windows\System32\gdi32full.dll
0x00007ffa6c670000 - 0x00007ffa6c90a000 	C:\Windows\WinSxS\amd64_microsoft.windows.common-controls_6595b64144ccf1df_6.0.19041.4355_none_60b8b9eb71f62e16\COMCTL32.dll
0x00007ffa81fc0000 - 0x00007ffa8205e000 	C:\Windows\System32\msvcrt.dll
0x00007ffa80650000 - 0x00007ffa806ed000 	C:\Windows\System32\msvcp_win.dll
0x00007ffa819b0000 - 0x00007ffa819df000 	C:\Windows\System32\IMM32.DLL
0x00007ffa79f50000 - 0x00007ffa79f5c000 	C:\Program Files\Microsoft\jdk-17.0.8.7-hotspot\bin\vcruntime140_1.dll
0x00007ffa33d80000 - 0x00007ffa33e0d000 	C:\Program Files\Microsoft\jdk-17.0.8.7-hotspot\bin\msvcp140.dll
0x00007ffa1bf50000 - 0x00007ffa1cbb5000 	C:\Program Files\Microsoft\jdk-17.0.8.7-hotspot\bin\server\jvm.dll
0x00007ffa820d0000 - 0x00007ffa82181000 	C:\Windows\System32\ADVAPI32.dll
0x00007ffa825e0000 - 0x00007ffa8267f000 	C:\Windows\System32\sechost.dll
0x00007ffa823f0000 - 0x00007ffa82513000 	C:\Windows\System32\RPCRT4.dll
0x00007ffa7ff10000 - 0x00007ffa7ff37000 	C:\Windows\System32\bcrypt.dll
0x00007ffa7fd70000 - 0x00007ffa7fdbb000 	C:\Windows\SYSTEM32\POWRPROF.dll
0x00007ffa701d0000 - 0x00007ffa701d9000 	C:\Windows\SYSTEM32\WSOCK32.dll
0x00007ffa81940000 - 0x00007ffa819ab000 	C:\Windows\System32\WS2_32.dll
0x00007ffa6d4d0000 - 0x00007ffa6d4f7000 	C:\Windows\SYSTEM32\WINMM.dll
0x00007ffa7d7b0000 - 0x00007ffa7d7ba000 	C:\Windows\SYSTEM32\VERSION.dll
0x00007ffa7fd50000 - 0x00007ffa7fd62000 	C:\Windows\SYSTEM32\UMPDC.dll
0x00007ffa7e6f0000 - 0x00007ffa7e702000 	C:\Windows\SYSTEM32\kernel.appcore.dll
0x00007ffa79d90000 - 0x00007ffa79d9a000 	C:\Program Files\Microsoft\jdk-17.0.8.7-hotspot\bin\jimage.dll
0x00007ffa7dc00000 - 0x00007ffa7dde4000 	C:\Windows\SYSTEM32\DBGHELP.DLL
0x00007ffa75a70000 - 0x00007ffa75aa4000 	C:\Windows\SYSTEM32\dbgcore.DLL
0x00007ffa80450000 - 0x00007ffa804d2000 	C:\Windows\System32\bcryptPrimitives.dll
0x00007ffa696a0000 - 0x00007ffa696ae000 	C:\Program Files\Microsoft\jdk-17.0.8.7-hotspot\bin\instrument.dll
0x00007ffa350c0000 - 0x00007ffa350e5000 	C:\Program Files\Microsoft\jdk-17.0.8.7-hotspot\bin\java.dll
0x00007ffa280a0000 - 0x00007ffa28177000 	C:\Program Files\Microsoft\jdk-17.0.8.7-hotspot\bin\jsvml.dll
0x00007ffa80980000 - 0x00007ffa810ed000 	C:\Windows\System32\SHELL32.dll
0x00007ffa7df30000 - 0x00007ffa7e6d4000 	C:\Windows\SYSTEM32\windows.storage.dll
0x00007ffa81b80000 - 0x00007ffa81ed3000 	C:\Windows\System32\combase.dll
0x00007ffa7f790000 - 0x00007ffa7f7be000 	C:\Windows\SYSTEM32\Wldp.dll
0x00007ffa821f0000 - 0x00007ffa822bd000 	C:\Windows\System32\OLEAUT32.dll
0x00007ffa81200000 - 0x00007ffa812ad000 	C:\Windows\System32\SHCORE.dll
0x00007ffa82070000 - 0x00007ffa820c5000 	C:\Windows\System32\shlwapi.dll
0x00007ffa7fe40000 - 0x00007ffa7fe64000 	C:\Windows\SYSTEM32\profapi.dll
0x00007ffa350a0000 - 0x00007ffa350b8000 	C:\Program Files\Microsoft\jdk-17.0.8.7-hotspot\bin\zip.dll
0x00007ffa67c20000 - 0x00007ffa67c39000 	C:\Program Files\Microsoft\jdk-17.0.8.7-hotspot\bin\net.dll
0x00007ffa7d6a0000 - 0x00007ffa7d7ad000 	C:\Windows\SYSTEM32\WINHTTP.dll
0x00007ffa7f570000 - 0x00007ffa7f5da000 	C:\Windows\system32\mswsock.dll
0x00007ffa537a0000 - 0x00007ffa537b6000 	C:\Program Files\Microsoft\jdk-17.0.8.7-hotspot\bin\nio.dll
0x00007ffa795c0000 - 0x00007ffa795d0000 	C:\Program Files\Microsoft\jdk-17.0.8.7-hotspot\bin\verify.dll
0x00007ffa34640000 - 0x00007ffa34667000 	C:\Users\GOREJA SYESTEMS\.gradle\native\c067742578af261105cb4f569cf0c3c89f3d7b1fecec35dd04571415982c5e48\windows-amd64\native-platform.dll
0x00007ffa27c00000 - 0x00007ffa27d44000 	C:\Users\GOREJA SYESTEMS\.gradle\native\100fb08df4bc3b14c8652ba06237920a3bd2aa13389f12d3474272988ae205f9\windows-amd64\native-platform-file-events.dll
0x00007ffa78080000 - 0x00007ffa78089000 	C:\Program Files\Microsoft\jdk-17.0.8.7-hotspot\bin\management.dll
0x00007ffa71bd0000 - 0x00007ffa71bdb000 	C:\Program Files\Microsoft\jdk-17.0.8.7-hotspot\bin\management_ext.dll
0x00007ffa822c0000 - 0x00007ffa822c8000 	C:\Windows\System32\PSAPI.DLL
0x00007ffa7fae0000 - 0x00007ffa7faf8000 	C:\Windows\SYSTEM32\CRYPTSP.dll
0x00007ffa7eeb0000 - 0x00007ffa7eee4000 	C:\Windows\system32\rsaenh.dll
0x00007ffa7fe00000 - 0x00007ffa7fe2e000 	C:\Windows\SYSTEM32\USERENV.dll
0x00007ffa7f700000 - 0x00007ffa7f70c000 	C:\Windows\SYSTEM32\CRYPTBASE.dll
0x00007ffa7f270000 - 0x00007ffa7f2ab000 	C:\Windows\SYSTEM32\IPHLPAPI.DLL
0x00007ffa82060000 - 0x00007ffa82068000 	C:\Windows\System32\NSI.dll
0x00007ffa77090000 - 0x00007ffa770a7000 	C:\Windows\SYSTEM32\dhcpcsvc6.DLL
0x00007ffa77370000 - 0x00007ffa7738d000 	C:\Windows\SYSTEM32\dhcpcsvc.DLL
0x00007ffa7f2b0000 - 0x00007ffa7f37a000 	C:\Windows\SYSTEM32\DNSAPI.dll
0x00007ffa5b810000 - 0x00007ffa5b81e000 	C:\Program Files\Microsoft\jdk-17.0.8.7-hotspot\bin\sunmscapi.dll
0x00007ffa7fff0000 - 0x00007ffa8014c000 	C:\Windows\System32\CRYPT32.dll
0x00007ffa7f800000 - 0x00007ffa7f827000 	C:\Windows\SYSTEM32\ncrypt.dll
0x00007ffa7f7c0000 - 0x00007ffa7f7fb000 	C:\Windows\SYSTEM32\NTASN1.dll
0x00007ffa77720000 - 0x00007ffa77727000 	C:\Windows\system32\wshunix.dll
0x00007ffa554c0000 - 0x00007ffa554d7000 	C:\Windows\system32\napinsp.dll
0x00007ffa554a0000 - 0x00007ffa554bb000 	C:\Windows\system32\pnrpnsp.dll
0x00007ffa7a160000 - 0x00007ffa7a175000 	C:\Windows\system32\wshbth.dll
0x00007ffa78930000 - 0x00007ffa7894d000 	C:\Windows\system32\NLAapi.dll
0x00007ffa55480000 - 0x00007ffa55492000 	C:\Windows\System32\winrnr.dll
0x00007ffa73a50000 - 0x00007ffa73a5a000 	C:\Windows\System32\rasadhlp.dll
0x00007ffa765a0000 - 0x00007ffa76620000 	C:\Windows\System32\fwpuclnt.dll

dbghelp: loaded successfully - version: 4.0.5 - missing functions: none
symbol engine: initialized successfully - sym options: 0x614 - pdb path: .;C:\Program Files\Microsoft\jdk-17.0.8.7-hotspot\bin;C:\Windows\SYSTEM32;C:\Windows\WinSxS\amd64_microsoft.windows.common-controls_6595b64144ccf1df_6.0.19041.4355_none_60b8b9eb71f62e16;C:\Program Files\Microsoft\jdk-17.0.8.7-hotspot\bin\server;C:\Users\GOREJA SYESTEMS\.gradle\native\c067742578af261105cb4f569cf0c3c89f3d7b1fecec35dd04571415982c5e48\windows-amd64;C:\Users\GOREJA SYESTEMS\.gradle\native\100fb08df4bc3b14c8652ba06237920a3bd2aa13389f12d3474272988ae205f9\windows-amd64

VM Arguments:
jvm_args: -XX:MaxMetaspaceSize=512m --add-opens=java.base/java.util=ALL-UNNAMED --add-opens=java.base/java.lang=ALL-UNNAMED --add-opens=java.base/java.lang.invoke=ALL-UNNAMED --add-opens=java.prefs/java.util.prefs=ALL-UNNAMED --add-exports=jdk.compiler/com.sun.tools.javac.api=ALL-UNNAMED --add-exports=jdk.compiler/com.sun.tools.javac.util=ALL-UNNAMED --add-opens=java.base/java.nio.charset=ALL-UNNAMED --add-opens=java.base/java.net=ALL-UNNAMED --add-opens=java.base/java.util.concurrent.atomic=ALL-UNNAMED -Xmx2048m -Dfile.encoding=windows-1252 -Duser.country=GB -Duser.language=en -Duser.variant -javaagent:C:\Users\GOREJA SYESTEMS\.gradle\wrapper\dists\gradle-8.10.2-all\7iv73wktx1xtkvlq19urqw1wm\gradle-8.10.2\lib\agents\gradle-instrumentation-agent-8.10.2.jar 
java_command: org.gradle.launcher.daemon.bootstrap.GradleDaemon 8.10.2
java_class_path (initial): C:\Users\GOREJA SYESTEMS\.gradle\wrapper\dists\gradle-8.10.2-all\7iv73wktx1xtkvlq19urqw1wm\gradle-8.10.2\lib\gradle-daemon-main-8.10.2.jar
Launcher Type: SUN_STANDARD

[Global flags]
     intx CICompilerCount                          = 3                                         {product} {ergonomic}
   size_t CompressedClassSpaceSize                 = 436207616                                 {product} {ergonomic}
     uint ConcGCThreads                            = 1                                         {product} {ergonomic}
     uint G1ConcRefinementThreads                  = 4                                         {product} {ergonomic}
   size_t G1HeapRegionSize                         = 1048576                                   {product} {ergonomic}
    uintx GCDrainStackTargetSize                   = 64                                        {product} {ergonomic}
   size_t InitialHeapSize                          = 130023424                                 {product} {ergonomic}
   size_t MarkStackSize                            = 4194304                                   {product} {ergonomic}
   size_t MaxHeapSize                              = 2147483648                                {product} {command line}
   size_t MaxMetaspaceSize                         = 536870912                                 {product} {command line}
   size_t MaxNewSize                               = 1287651328                                {product} {ergonomic}
   size_t MinHeapDeltaBytes                        = 1048576                                   {product} {ergonomic}
   size_t MinHeapSize                              = 8388608                                   {product} {ergonomic}
    uintx NonNMethodCodeHeapSize                   = 5832780                                {pd product} {ergonomic}
    uintx NonProfiledCodeHeapSize                  = 122912730                              {pd product} {ergonomic}
    uintx ProfiledCodeHeapSize                     = 122912730                              {pd product} {ergonomic}
    uintx ReservedCodeCacheSize                    = 251658240                              {pd product} {ergonomic}
     bool SegmentedCodeCache                       = true                                      {product} {ergonomic}
   size_t SoftMaxHeapSize                          = 2147483648                             {manageable} {ergonomic}
     bool UseCompressedClassPointers               = true                           {product lp64_product} {ergonomic}
     bool UseCompressedOops                        = true                           {product lp64_product} {ergonomic}
     bool UseG1GC                                  = true                                      {product} {ergonomic}
     bool UseLargePagesIndividualAllocation        = false                                  {pd product} {ergonomic}

Logging:
Log output configuration:
 #0: stdout all=warning uptime,level,tags
 #1: stderr all=off uptime,level,tags

Environment Variables:
JAVA_HOME=C:\Program Files\Microsoft\jdk-17.0.8.7-hotspot
CLASSPATH=C:\Users\GOREJA SYESTEMS\Desktop\React_Native_Projects\chatApp\android\\gradle\wrapper\gradle-wrapper.jar
PATH=C:\Users\GOREJA SYESTEMS\Desktop\React_Native_Projects\chatApp\node_modules\.bin;C:\Users\GOREJA SYESTEMS\Desktop\React_Native_Projects\node_modules\.bin;C:\Users\GOREJA SYESTEMS\Desktop\node_modules\.bin;C:\Users\GOREJA SYESTEMS\node_modules\.bin;C:\Users\node_modules\.bin;C:\node_modules\.bin;C:\Users\GOREJA SYESTEMS\AppData\Roaming\npm\node_modules\npm\node_modules\@npmcli\run-script\lib\node-gyp-bin;C:\Program Files\Microsoft\jdk-17.0.8.7-hotspot\bin;C:\Users\GOREJA SYESTEMS\Downloads\jdk-17_windows-x64_bin\jdk-17.0.9\bin;C:\Program Files\Microsoft\jdk-11.0.20.8-hotspot\bin;C:\Program Files (x86)\Java\jre-1.8\bin;C:\Windows\system32;C:\Windows;C:\Windows\System32\Wbem;C:\Windows\System32\WindowsPowerShell\v1.0\;C:\Windows\System32\OpenSSH\;C:\Program Files\Git\cmd;C:\ProgramData\chocolatey\bin;C:\Users\GOREJA SYESTEMS\AppData\Local\Android\Sdk\platforms;C:\Users\GOREJA SYESTEMS\AppData\Local\Android\Sdk\platform-tools;C:\Users\GOREJA SYESTEMS\AppData\Local\Android\Sdk\emulator;C:\Users\GOREJA SYESTEMS\AppData\Local\Android\Sdk\build-tools;C:\Program Files\nodejs\;C:\Program Files\PostgreSQL\16\bin;C:\Program Files\dotnet\;C:\Program Files\Intel\WiFi\bin\;C:\Program Files\Common Files\Intel\WirelessCommon\;C:\Program Files (x86)\Intel\Intel(R) Management Engine Components\DAL;C:\Program Files\Intel\Intel(R) Management Engine Components\DAL;C:\Users\GOREJA SYESTEMS\AppData\Local\Programs\Microsoft VS Code\bin;C:\Users\GOREJA SYESTEMS\AppData\Roaming\npm;C:\Users\GOREJA SYESTEMS\AppData\Local\Android\Sdk\ndk\25.1.8937393;C:\Users\GOREJA SYESTEMS\AppData\Local\Programs\Microsoft VS Code\bin;C:\Users\GOREJA SYESTEMS\AppData\Local\Android\Sdk\platform-tools;C:\Users\GOREJA SYESTEMS\AppData\Local\Android\Sdk\tools;
USERNAME=GOREJA SYESTEMS
OS=Windows_NT
PROCESSOR_IDENTIFIER=Intel64 Family 6 Model 78 Stepping 3, GenuineIntel
TMP=C:\Users\GOREJA~1\AppData\Local\Temp
TEMP=C:\Users\GOREJA~1\AppData\Local\Temp



---------------  S Y S T E M  ---------------

OS:
 Windows 10 , 64 bit Build 19041 (10.0.19041.5072)
OS uptime: 18 days 8:01 hours
Hyper-V role detected

CPU: total 4 (initial active 4) (2 cores per cpu, 2 threads per core) family 6 model 78 stepping 3 microcode 0xdc, cx8, cmov, fxsr, ht, mmx, 3dnowpref, sse, sse2, sse3, ssse3, sse4.1, sse4.2, popcnt, lzcnt, tsc, tscinvbit, avx, avx2, aes, erms, clmul, bmi1, bmi2, adx, fma, vzeroupper, clflush, clflushopt, hv
Processor Information for all 4 processors :
  Max Mhz: 2401, Current Mhz: 2400, Mhz Limit: 2376

Memory: 4k page, system-wide physical 7862M (951M free)
TotalPageFile size 19362M (AvailPageFile size 8672M)
current process WorkingSet (physical memory assigned to process): 392M, peak: 397M
current process commit charge ("private bytes"): 428M, peak: 430M

vm_info: OpenJDK 64-Bit Server VM (17.0.8+7-LTS) for windows-amd64 JRE (17.0.8+7-LTS), built on Jul  7 2023 17:21:55 by "MicrosoftCorporation" with MS VC++ 16.10 / 16.11 (VS2019)

END.
