#
# A fatal error has been detected by the Java Runtime Environment:
#
#  EXCEPTION_ACCESS_VIOLATION (0xc0000005) at pc=0x00007fff7973e0a9, pid=19116, tid=17860
#
# JRE version: OpenJDK Runtime Environment Microsoft-8035246 (17.0.8+7) (build 17.0.8+7-LTS)
# Java VM: OpenJDK 64-Bit Server VM Microsoft-8035246 (17.0.8+7-LTS, mixed mode, sharing, tiered, compressed oops, compressed class ptrs, g1 gc, windows-amd64)
# Problematic frame:
# V  [jvm.dll+0x2be0a9]
#
# No core dump will be written. Minidumps are not enabled by default on client versions of Windows
#
# If you would like to submit a bug report, please visit:
#   https://github.com/microsoft/openjdk/issues
#

---------------  S U M M A R Y ------------

Command Line: -XX:MaxMetaspaceSize=512m --add-opens=java.base/java.util=ALL-UNNAMED --add-opens=java.base/java.lang=ALL-UNNAMED --add-opens=java.base/java.lang.invoke=ALL-UNNAMED --add-opens=java.prefs/java.util.prefs=ALL-UNNAMED --add-exports=jdk.compiler/com.sun.tools.javac.api=ALL-UNNAMED --add-exports=jdk.compiler/com.sun.tools.javac.util=ALL-UNNAMED --add-opens=java.base/java.nio.charset=ALL-UNNAMED --add-opens=java.base/java.net=ALL-UNNAMED --add-opens=java.base/java.util.concurrent.atomic=ALL-UNNAMED -Xmx2048m -Dfile.encoding=windows-1252 -Duser.country=GB -Duser.language=en -Duser.variant -javaagent:C:\Users\GOREJA SYESTEMS\.gradle\wrapper\dists\gradle-8.10.2-all\7iv73wktx1xtkvlq19urqw1wm\gradle-8.10.2\lib\agents\gradle-instrumentation-agent-8.10.2.jar org.gradle.launcher.daemon.bootstrap.GradleDaemon 8.10.2

Host: Intel(R) Core(TM) i5-6200U CPU @ 2.30GHz, 4 cores, 7G,  Windows 10 , 64 bit Build 19041 (10.0.19041.5198)
Time: Fri Jan 17 14:26:46 2025 Pakistan Standard Time elapsed time: 68.048214 seconds (0d 0h 1m 8s)

---------------  T H R E A D  ---------------

Current thread (0x0000019b2acc19b0):  JavaThread "C2 CompilerThread0" daemon [_thread_in_native, id=17860, stack(0x0000002552300000,0x0000002552400000)]


Current CompileTask:
C2:  68048 14708   !   4       org.gradle.cache.internal.DefaultMultiProcessSafeIndexedCache::getIfPresent (25 bytes)

Stack: [0x0000002552300000,0x0000002552400000],  sp=0x00000025523fb7e0,  free space=1005k
Native frames: (J=compiled Java code, j=interpreted, Vv=VM code, C=native code)
V  [jvm.dll+0x2be0a9]
V  [jvm.dll+0x21ba8b]
V  [jvm.dll+0x21944b]
V  [jvm.dll+0x1a56b6]
V  [jvm.dll+0x2291ea]
V  [jvm.dll+0x22724c]
V  [jvm.dll+0x7efd0c]
V  [jvm.dll+0x7ea13a]
V  [jvm.dll+0x67ad85]
C  [ucrtbase.dll+0x21bb2]
C  [KERNEL32.DLL+0x17374]
C  [ntdll.dll+0x4cc91]


siginfo: EXCEPTION_ACCESS_VIOLATION (0xc0000005), reading address 0x0000000000000028


Register to memory mapping:

RIP=0x00007fff7973e0a9 jvm.dll
RAX=0x0000019b54d36ab0 points into unknown readable memory: 0x0000000000000000 | 00 00 00 00 00 00 00 00
RBX=0x00000000000016fe is an unknown value
RCX=0x0 is NULL
RDX=0x0 is NULL
RSP=0x00000025523fb7e0 is pointing into the stack for thread: 0x0000019b2acc19b0
RBP=0x00000025523fb850 is pointing into the stack for thread: 0x0000019b2acc19b0
RSI=0x0 is NULL
RDI=0x000000000000004c is an unknown value
R8 =0x000000000000ffe0 is an unknown value
R9 =0x0 is NULL
R10=0x00007ffff3a00000 VCRUNTIME140.dll
R11=0x0000019b54d36ad0 points into unknown readable memory: 0x0000000000000000 | 00 00 00 00 00 00 00 00
R12=0x0000000000000050 is an unknown value
R13=0x0 is NULL
R14=0x0 is NULL
R15=0x00000025523fea00 is pointing into the stack for thread: 0x0000019b2acc19b0


Registers:
RAX=0x0000019b54d36ab0, RBX=0x00000000000016fe, RCX=0x0000000000000000, RDX=0x0000000000000000
RSP=0x00000025523fb7e0, RBP=0x00000025523fb850, RSI=0x0000000000000000, RDI=0x000000000000004c
R8 =0x000000000000ffe0, R9 =0x0000000000000000, R10=0x00007ffff3a00000, R11=0x0000019b54d36ad0
R12=0x0000000000000050, R13=0x0000000000000000, R14=0x0000000000000000, R15=0x00000025523fea00
RIP=0x00007fff7973e0a9, EFLAGS=0x0000000000010202

Top of Stack: (sp=0x00000025523fb7e0)
0x00000025523fb7e0:   00000000000016fe 0000000000000000
0x00000025523fb7f0:   00000025523fea00 00007fff796a38d1
0x00000025523fb800:   0000019b2acbe7b0 00007fff00002000
0x00000025523fb810:   0000019b54d36ab0 0000000000000000
0x00000025523fb820:   0000000000000002 0000019b54a00300
0x00000025523fb830:   0000000000000002 0000019b2acbe7b0
0x00000025523fb840:   0000000000000000 0000000000000000
0x00000025523fb850:   0000019b2ac8e790 0000019b0b1abf40
0x00000025523fb860:   000000000000004c 00007fff79dc4c08
0x00000025523fb870:   00000025523fb980 00007fff7969ba8b
0x00000025523fb880:   00000025523fea00 00007fff79dc4c08
0x00000025523fb890:   00000025523fea00 00000025523fb980
0x00000025523fb8a0:   0000019b00000000 00007fff79a9b7fb
0x00000025523fb8b0:   000000250000000f 00000025523fea00
0x00000025523fb8c0:   00000025523fba30 0000000000000000
0x00000025523fb8d0:   0000019b00000100 00007fff79dc4c08 

Instructions: (pc=0x00007fff7973e0a9)
0x00007fff7973dfa9:   3b d0 75 0b ff c1 41 3b c9 7c dc 48 8b c2 c3 33
0x00007fff7973dfb9:   c0 c3 cc cc cc cc cc 48 89 5c 24 18 55 56 57 41
0x00007fff7973dfc9:   55 41 57 48 8b ec 48 83 ec 70 65 48 8b 04 25 58
0x00007fff7973dfd9:   00 00 00 48 8b f2 44 8b 05 d2 8b 90 00 4c 8b f9
0x00007fff7973dfe9:   4a 8b 1c c0 b8 50 00 00 00 80 3c 18 00 75 05 e8
0x00007fff7973dff9:   8b 6f 5d 00 b8 20 00 00 00 48 8b 04 18 48 8b 98
0x00007fff7973e009:   38 02 00 00 48 89 5d b0 c7 45 b8 04 00 00 00 48
0x00007fff7973e019:   8b 43 18 48 83 f8 df 76 18 4c 8d 05 37 a9 65 00
0x00007fff7973e029:   ba 20 00 00 00 48 8b cb e8 5a eb de ff 48 8b 43
0x00007fff7973e039:   18 48 8d 48 20 48 3b 4b 20 76 11 45 33 c0 48 8b
0x00007fff7973e049:   cb 41 8d 50 20 e8 fd e8 de ff eb 04 48 89 4b 18
0x00007fff7973e059:   44 8b 45 b8 33 d2 49 c1 e0 03 48 8b c8 48 89 45
0x00007fff7973e069:   c0 e8 e3 80 5d 00 45 33 ed 48 8d 4d d0 44 89 6d
0x00007fff7973e079:   c8 e8 01 59 56 00 41 8b 9f 40 02 00 00 41 2b 9f
0x00007fff7973e089:   68 02 00 00 44 89 6d f0 3b 5d b8 72 0b 8b d3 48
0x00007fff7973e099:   8d 4d b0 e8 6f b3 39 00 48 8b 45 c0 4c 89 2c d8
0x00007fff7973e0a9:   8b 7e 28 8b df c1 eb 05 3b 5d d0 72 0b 8b d3 48
0x00007fff7973e0b9:   8d 4d d0 e8 1f 59 56 00 48 8b 45 d8 83 e7 1f 48
0x00007fff7973e0c9:   8d 14 98 40 0f b6 cf 41 b8 01 00 00 00 41 d3 e0
0x00007fff7973e0d9:   8b 0a 8b c1 41 0b c0 89 02 41 85 c8 75 21 8b 5d
0x00007fff7973e0e9:   c8 8d 43 01 89 45 c8 3b 5d b8 72 0b 8b d3 48 8d
0x00007fff7973e0f9:   4d b0 e8 10 b3 39 00 48 8b 45 c0 48 89 34 d8 44
0x00007fff7973e109:   39 6d c8 0f 86 77 01 00 00 4c 89 a4 24 a0 00 00
0x00007fff7973e119:   00 4c 89 b4 24 a8 00 00 00 48 8b 45 c0 41 8b cd
0x00007fff7973e129:   48 8b 34 c8 8b 46 2c 25 ff 1f 00 00 3d 04 10 00
0x00007fff7973e139:   00 0f 85 a7 00 00 00 bb 01 00 00 00 39 5e 18 76
0x00007fff7973e149:   39 66 0f 1f 44 00 00 48 8b 46 08 8b cb 48 8b 14
0x00007fff7973e159:   c8 48 85 d2 74 1d 48 83 7a 10 00 74 16 80 7a 2c
0x00007fff7973e169:   84 74 10 e8 7f 7e ee ff 48 8b d0 49 8b cf e8 a4
0x00007fff7973e179:   61 f6 ff ff c3 3b 5e 18 72 cd 48 8b 5e 10 8b 46
0x00007fff7973e189:   20 4c 8d 34 c3 49 3b de 73 54 48 8b 3b 8b 47 2c
0x00007fff7973e199:   83 e0 03 3c 03 75 2e 48 8b 07 48 8b cf ff 90 88 


Stack slot to memory mapping:
stack at sp + 0 slots: 0x00000000000016fe is an unknown value
stack at sp + 1 slots: 0x0 is NULL
stack at sp + 2 slots: 0x00000025523fea00 is pointing into the stack for thread: 0x0000019b2acc19b0
stack at sp + 3 slots: 0x00007fff796a38d1 jvm.dll
stack at sp + 4 slots: 0x0000019b2acbe7b0 points into unknown readable memory: 0x0000000000000006 | 06 00 00 00 00 00 00 00
stack at sp + 5 slots: 0x00007fff00002000 is an unknown value
stack at sp + 6 slots: 0x0000019b54d36ab0 points into unknown readable memory: 0x0000000000000000 | 00 00 00 00 00 00 00 00
stack at sp + 7 slots: 0x0 is NULL


---------------  P R O C E S S  ---------------

Threads class SMR info:
_java_thread_list=0x0000019b4fb9d0b0, length=89, elements={
0x0000019b0b1847e0, 0x0000019b2aca4d70, 0x0000019b2aca5b00, 0x0000019b2acbf290,
0x0000019b2acbfb60, 0x0000019b2acc0430, 0x0000019b2acc0d00, 0x0000019b2acc19b0,
0x0000019b2acc2370, 0x0000019b2ad23f10, 0x0000019b4a095bb0, 0x0000019b4a14c520,
0x0000019b4b04c430, 0x0000019b4ae7a1b0, 0x0000019b4afb0030, 0x0000019b4b9f0600,
0x0000019b4b654b10, 0x0000019b4ae91d00, 0x0000019b4ae93140, 0x0000019b4ae92210,
0x0000019b4ae92c30, 0x0000019b4ae92720, 0x0000019b4ae917f0, 0x0000019b4ae8f990,
0x0000019b4ae8fea0, 0x0000019b4ae903b0, 0x0000019b4ae908c0, 0x0000019b4ae90dd0,
0x0000019b4ae912e0, 0x0000019b4cb5e580, 0x0000019b4cb5ea90, 0x0000019b4cb603e0,
0x0000019b4cb62750, 0x0000019b4cb64ac0, 0x0000019b4cb5fed0, 0x0000019b4cb645b0,
0x0000019b4cb63170, 0x0000019b4cb64fd0, 0x0000019b4cb654e0, 0x0000019b4cb5e070,
0x0000019b4cb63680, 0x0000019b4cb5f4b0, 0x0000019b4cb5f9c0, 0x0000019b4cb61820,
0x0000019b4cb659f0, 0x0000019b4cb61d30, 0x0000019b4cb62240, 0x0000019b4cb640a0,
0x0000019b4cb62c60, 0x0000019b4cb63b90, 0x0000019b4bde3540, 0x0000019b4bde4470,
0x0000019b4bde07b0, 0x0000019b4bddee60, 0x0000019b4bde2100, 0x0000019b4bde58b0,
0x0000019b4bde4e90, 0x0000019b4bde2610, 0x0000019b4bde5dc0, 0x0000019b4bde2b20,
0x0000019b4bde0cc0, 0x0000019b4bde02a0, 0x0000019b4bde62d0, 0x0000019b4bde11d0,
0x0000019b4bde16e0, 0x0000019b4bde1bf0, 0x0000019b4bde4980, 0x0000019b4bde67e0,
0x0000019b4bddf370, 0x0000019b4bde3030, 0x0000019b4bde3a50, 0x0000019b4bde3f60,
0x0000019b4bddfd90, 0x0000019b4aeb6c70, 0x0000019b4aeb5830, 0x0000019b4aeb7180,
0x0000019b4aeb9f10, 0x0000019b4aeb5d40, 0x0000019b4aeb80b0, 0x0000019b4aeb94f0,
0x0000019b4aeb6250, 0x0000019b4aebb350, 0x0000019b4aeba930, 0x0000019b4aeb85c0,
0x0000019b4aeb3ee0, 0x0000019b4aeb7690, 0x0000019b4aeb8fe0, 0x0000019b4aeb7ba0,
0x0000019b4aeb43f0
}

Java Threads: ( => current thread )
  0x0000019b0b1847e0 JavaThread "main" [_thread_blocked, id=20648, stack(0x0000002551600000,0x0000002551700000)]
  0x0000019b2aca4d70 JavaThread "Reference Handler" daemon [_thread_blocked, id=18472, stack(0x0000002551d00000,0x0000002551e00000)]
  0x0000019b2aca5b00 JavaThread "Finalizer" daemon [_thread_blocked, id=21008, stack(0x0000002551e00000,0x0000002551f00000)]
  0x0000019b2acbf290 JavaThread "Signal Dispatcher" daemon [_thread_blocked, id=3348, stack(0x0000002551f00000,0x0000002552000000)]
  0x0000019b2acbfb60 JavaThread "Attach Listener" daemon [_thread_blocked, id=16180, stack(0x0000002552000000,0x0000002552100000)]
  0x0000019b2acc0430 JavaThread "Service Thread" daemon [_thread_blocked, id=20452, stack(0x0000002552100000,0x0000002552200000)]
  0x0000019b2acc0d00 JavaThread "Monitor Deflation Thread" daemon [_thread_blocked, id=7692, stack(0x0000002552200000,0x0000002552300000)]
=>0x0000019b2acc19b0 JavaThread "C2 CompilerThread0" daemon [_thread_in_native, id=17860, stack(0x0000002552300000,0x0000002552400000)]
  0x0000019b2acc2370 JavaThread "C1 CompilerThread0" daemon [_thread_blocked, id=13976, stack(0x0000002552400000,0x0000002552500000)]
  0x0000019b2ad23f10 JavaThread "Sweeper thread" daemon [_thread_blocked, id=18532, stack(0x0000002552500000,0x0000002552600000)]
  0x0000019b4a095bb0 JavaThread "Common-Cleaner" daemon [_thread_blocked, id=10900, stack(0x0000002552600000,0x0000002552700000)]
  0x0000019b4a14c520 JavaThread "Notification Thread" daemon [_thread_blocked, id=6612, stack(0x0000002552700000,0x0000002552800000)]
  0x0000019b4b04c430 JavaThread "Daemon health stats" [_thread_blocked, id=1948, stack(0x0000002552c00000,0x0000002552d00000)]
  0x0000019b4ae7a1b0 JavaThread "Incoming local TCP Connector on port 51923" [_thread_in_native, id=13348, stack(0x0000002552d00000,0x0000002552e00000)]
  0x0000019b4afb0030 JavaThread "Daemon periodic checks" [_thread_blocked, id=7364, stack(0x0000002552e00000,0x0000002552f00000)]
  0x0000019b4b9f0600 JavaThread "Daemon" [_thread_blocked, id=17760, stack(0x0000002552f00000,0x0000002553000000)]
  0x0000019b4b654b10 JavaThread "Handler for socket connection from /127.0.0.1:51923 to /127.0.0.1:51924" [_thread_in_native, id=21400, stack(0x0000002553000000,0x0000002553100000)]
  0x0000019b4ae91d00 JavaThread "Cancel handler" [_thread_blocked, id=15764, stack(0x0000002553100000,0x0000002553200000)]
  0x0000019b4ae93140 JavaThread "Daemon worker" [_thread_blocked, id=10044, stack(0x0000002553200000,0x0000002553300000)]
  0x0000019b4ae92210 JavaThread "Asynchronous log dispatcher for DefaultDaemonConnection: socket connection from /127.0.0.1:51923 to /127.0.0.1:51924" [_thread_blocked, id=11700, stack(0x0000002553300000,0x0000002553400000)]
  0x0000019b4ae92c30 JavaThread "Stdin handler" [_thread_blocked, id=16912, stack(0x0000002553400000,0x0000002553500000)]
  0x0000019b4ae92720 JavaThread "Daemon client event forwarder" [_thread_blocked, id=18068, stack(0x0000002553500000,0x0000002553600000)]
  0x0000019b4ae917f0 JavaThread "Cache worker for journal cache (C:\Users\GOREJA SYESTEMS\.gradle\caches\journal-1)" [_thread_blocked, id=15308, stack(0x0000002553600000,0x0000002553700000)]
  0x0000019b4ae8f990 JavaThread "File lock request listener" [_thread_in_native, id=9624, stack(0x0000002553700000,0x0000002553800000)]
  0x0000019b4ae8fea0 JavaThread "Cache worker for file hash cache (C:\Users\GOREJA SYESTEMS\.gradle\caches\8.10.2\fileHashes)" [_thread_blocked, id=10940, stack(0x0000002553800000,0x0000002553900000)]
  0x0000019b4ae903b0 JavaThread "Cache worker for file hash cache (C:\Users\GOREJA SYESTEMS\Desktop\React_Native_Projects\chatApp\android\.gradle\8.10.2\fileHashes)" [_thread_blocked, id=1600, stack(0x0000002553a00000,0x0000002553b00000)]
  0x0000019b4ae908c0 JavaThread "Cache worker for Build Output Cleanup Cache (C:\Users\GOREJA SYESTEMS\Desktop\React_Native_Projects\chatApp\android\.gradle\buildOutputCleanup)" [_thread_blocked, id=11976, stack(0x0000002553b00000,0x0000002553c00000)]
  0x0000019b4ae90dd0 JavaThread "File watcher server" daemon [_thread_in_native, id=15908, stack(0x0000002553c00000,0x0000002553d00000)]
  0x0000019b4ae912e0 JavaThread "File watcher consumer" daemon [_thread_blocked, id=7048, stack(0x0000002553d00000,0x0000002553e00000)]
  0x0000019b4cb5e580 JavaThread "Cache worker for checksums cache (C:\Users\GOREJA SYESTEMS\Desktop\React_Native_Projects\chatApp\android\.gradle\8.10.2\checksums)" [_thread_blocked, id=21456, stack(0x0000002553e00000,0x0000002553f00000)]
  0x0000019b4cb5ea90 JavaThread "Cache worker for file content cache (C:\Users\GOREJA SYESTEMS\.gradle\caches\8.10.2\fileContent)" [_thread_blocked, id=20584, stack(0x0000002553f00000,0x0000002554000000)]
  0x0000019b4cb603e0 JavaThread "Cache worker for cache directory md-rule (C:\Users\GOREJA SYESTEMS\.gradle\caches\8.10.2\md-rule)" [_thread_blocked, id=14272, stack(0x0000002554000000,0x0000002554100000)]
  0x0000019b4cb62750 JavaThread "Cache worker for cache directory md-supplier (C:\Users\GOREJA SYESTEMS\.gradle\caches\8.10.2\md-supplier)" [_thread_blocked, id=14308, stack(0x0000002554100000,0x0000002554200000)]
  0x0000019b4cb64ac0 JavaThread "jar transforms" [_thread_blocked, id=8752, stack(0x0000002554300000,0x0000002554400000)]
  0x0000019b4cb5fed0 JavaThread "Cache worker for Build Output Cleanup Cache (C:\Users\GOREJA SYESTEMS\Desktop\React_Native_Projects\chatApp\node_modules\@react-native\gradle-plugin\.gradle\buildOutputCleanup)" [_thread_blocked, id=1720, stack(0x0000002554400000,0x0000002554500000)]
  0x0000019b4cb645b0 JavaThread "Unconstrained build operations" [_thread_in_native, id=13880, stack(0x0000002554600000,0x0000002554700000)]
  0x0000019b4cb63170 JavaThread "Unconstrained build operations Thread 2" [_thread_blocked, id=16352, stack(0x0000002554700000,0x0000002554800000)]
  0x0000019b4cb64fd0 JavaThread "Unconstrained build operations Thread 3" [_thread_blocked, id=21020, stack(0x0000002554800000,0x0000002554900000)]
  0x0000019b4cb654e0 JavaThread "Unconstrained build operations Thread 4" [_thread_blocked, id=20548, stack(0x0000002554900000,0x0000002554a00000)]
  0x0000019b4cb5e070 JavaThread "Unconstrained build operations Thread 5" [_thread_blocked, id=16060, stack(0x0000002554a00000,0x0000002554b00000)]
  0x0000019b4cb63680 JavaThread "Unconstrained build operations Thread 6" [_thread_in_native, id=18480, stack(0x0000002554b00000,0x0000002554c00000)]
  0x0000019b4cb5f4b0 JavaThread "Unconstrained build operations Thread 7" [_thread_blocked, id=7132, stack(0x0000002554c00000,0x0000002554d00000)]
  0x0000019b4cb5f9c0 JavaThread "Unconstrained build operations Thread 8" [_thread_blocked, id=10736, stack(0x0000002554d00000,0x0000002554e00000)]
  0x0000019b4cb61820 JavaThread "Unconstrained build operations Thread 9" [_thread_blocked, id=17284, stack(0x0000002554e00000,0x0000002554f00000)]
  0x0000019b4cb659f0 JavaThread "Unconstrained build operations Thread 10" [_thread_blocked, id=15836, stack(0x0000002554f00000,0x0000002555000000)]
  0x0000019b4cb61d30 JavaThread "Unconstrained build operations Thread 11" [_thread_blocked, id=21096, stack(0x0000002555000000,0x0000002555100000)]
  0x0000019b4cb62240 JavaThread "Unconstrained build operations Thread 12" [_thread_blocked, id=11452, stack(0x0000002555100000,0x0000002555200000)]
  0x0000019b4cb640a0 JavaThread "Unconstrained build operations Thread 13" [_thread_blocked, id=13556, stack(0x0000002555200000,0x0000002555300000)]
  0x0000019b4cb62c60 JavaThread "Unconstrained build operations Thread 14" [_thread_blocked, id=17864, stack(0x0000002555300000,0x0000002555400000)]
  0x0000019b4cb63b90 JavaThread "Unconstrained build operations Thread 15" [_thread_blocked, id=11500, stack(0x0000002555400000,0x0000002555500000)]
  0x0000019b4bde3540 JavaThread "Memory manager" [_thread_blocked, id=17668, stack(0x0000002555500000,0x0000002555600000)]
  0x0000019b4bde4470 JavaThread "build event listener" [_thread_blocked, id=19008, stack(0x0000002555600000,0x0000002555700000)]
  0x0000019b4bde07b0 JavaThread "ForkJoinPool.commonPool-worker-1" daemon [_thread_blocked, id=21156, stack(0x0000002553900000,0x0000002553a00000)]
  0x0000019b4bddee60 JavaThread "ForkJoinPool.commonPool-worker-2" daemon [_thread_blocked, id=17584, stack(0x0000002555700000,0x0000002555800000)]
  0x0000019b4bde2100 JavaThread "ForkJoinPool.commonPool-worker-3" daemon [_thread_blocked, id=2112, stack(0x0000002555800000,0x0000002555900000)]
  0x0000019b4bde58b0 JavaThread "included builds" [_thread_blocked, id=13372, stack(0x0000002555900000,0x0000002555a00000)]
  0x0000019b4bde4e90 JavaThread "Execution worker" [_thread_blocked, id=8208, stack(0x0000002555a00000,0x0000002555b00000)]
  0x0000019b4bde2610 JavaThread "Execution worker Thread 2" [_thread_blocked, id=20676, stack(0x0000002555b00000,0x0000002555c00000)]
  0x0000019b4bde5dc0 JavaThread "Execution worker Thread 3" [_thread_blocked, id=17496, stack(0x0000002555c00000,0x0000002555d00000)]
  0x0000019b4bde2b20 JavaThread "Cache worker for execution history cache (C:\Users\GOREJA SYESTEMS\Desktop\React_Native_Projects\chatApp\node_modules\@react-native\gradle-plugin\.gradle\8.10.2\executionHistory)" [_thread_blocked, id=17904, stack(0x0000002555d00000,0x0000002555e00000)]
  0x0000019b4bde0cc0 JavaThread "Unconstrained build operations Thread 16" [_thread_blocked, id=16968, stack(0x0000002555e00000,0x0000002555f00000)]
  0x0000019b4bde02a0 JavaThread "Unconstrained build operations Thread 17" [_thread_blocked, id=7872, stack(0x0000002555f00000,0x0000002556000000)]
  0x0000019b4bde62d0 JavaThread "Unconstrained build operations Thread 18" [_thread_blocked, id=16312, stack(0x0000002556000000,0x0000002556100000)]
  0x0000019b4bde11d0 JavaThread "Unconstrained build operations Thread 19" [_thread_blocked, id=20184, stack(0x0000002556100000,0x0000002556200000)]
  0x0000019b4bde16e0 JavaThread "Unconstrained build operations Thread 20" [_thread_blocked, id=18024, stack(0x0000002556200000,0x0000002556300000)]
  0x0000019b4bde1bf0 JavaThread "Unconstrained build operations Thread 21" [_thread_blocked, id=17204, stack(0x0000002556300000,0x0000002556400000)]
  0x0000019b4bde4980 JavaThread "Unconstrained build operations Thread 22" [_thread_blocked, id=18176, stack(0x0000002556400000,0x0000002556500000)]
  0x0000019b4bde67e0 JavaThread "Unconstrained build operations Thread 23" [_thread_blocked, id=7912, stack(0x0000002556500000,0x0000002556600000)]
  0x0000019b4bddf370 JavaThread "Unconstrained build operations Thread 24" [_thread_blocked, id=3344, stack(0x0000002556600000,0x0000002556700000)]
  0x0000019b4bde3030 JavaThread "Unconstrained build operations Thread 25" [_thread_blocked, id=3536, stack(0x0000002556700000,0x0000002556800000)]
  0x0000019b4bde3a50 JavaThread "Unconstrained build operations Thread 26" [_thread_blocked, id=16640, stack(0x0000002556800000,0x0000002556900000)]
  0x0000019b4bde3f60 JavaThread "Unconstrained build operations Thread 27" [_thread_blocked, id=17200, stack(0x0000002556900000,0x0000002556a00000)]
  0x0000019b4bddfd90 JavaThread "Unconstrained build operations Thread 28" [_thread_blocked, id=19880, stack(0x0000002556a00000,0x0000002556b00000)]
  0x0000019b4aeb6c70 JavaThread "Unconstrained build operations Thread 29" [_thread_blocked, id=19120, stack(0x0000002556b00000,0x0000002556c00000)]
  0x0000019b4aeb5830 JavaThread "Unconstrained build operations Thread 30" [_thread_blocked, id=19764, stack(0x0000002556c00000,0x0000002556d00000)]
  0x0000019b4aeb7180 JavaThread "Unconstrained build operations Thread 31" [_thread_blocked, id=18328, stack(0x0000002556d00000,0x0000002556e00000)]
  0x0000019b4aeb9f10 JavaThread "Unconstrained build operations Thread 32" [_thread_blocked, id=11216, stack(0x0000002556e00000,0x0000002556f00000)]
  0x0000019b4aeb5d40 JavaThread "Unconstrained build operations Thread 33" [_thread_blocked, id=13580, stack(0x0000002556f00000,0x0000002557000000)]
  0x0000019b4aeb80b0 JavaThread "Unconstrained build operations Thread 34" [_thread_blocked, id=13640, stack(0x0000002557000000,0x0000002557100000)]
  0x0000019b4aeb94f0 JavaThread "Unconstrained build operations Thread 35" [_thread_blocked, id=1544, stack(0x0000002557100000,0x0000002557200000)]
  0x0000019b4aeb6250 JavaThread "Unconstrained build operations Thread 36" [_thread_blocked, id=9292, stack(0x0000002557200000,0x0000002557300000)]
  0x0000019b4aebb350 JavaThread "jar transforms Thread 2" [_thread_blocked, id=20312, stack(0x0000002557300000,0x0000002557400000)]
  0x0000019b4aeba930 JavaThread "jar transforms Thread 3" [_thread_blocked, id=18792, stack(0x0000002557600000,0x0000002557700000)]
  0x0000019b4aeb85c0 JavaThread "Unconstrained build operations Thread 37" [_thread_blocked, id=18236, stack(0x0000002557700000,0x0000002557800000)]
  0x0000019b4aeb3ee0 JavaThread "Unconstrained build operations Thread 38" [_thread_blocked, id=14876, stack(0x0000002557800000,0x0000002557900000)]
  0x0000019b4aeb7690 JavaThread "Unconstrained build operations Thread 39" [_thread_blocked, id=16432, stack(0x0000002557900000,0x0000002557a00000)]
  0x0000019b4aeb8fe0 JavaThread "Unconstrained build operations Thread 40" [_thread_blocked, id=19832, stack(0x0000002557a00000,0x0000002557b00000)]
  0x0000019b4aeb7ba0 JavaThread "jar transforms Thread 4" [_thread_blocked, id=16300, stack(0x0000002557b00000,0x0000002557c00000)]
  0x0000019b4aeb43f0 JavaThread "build event listener" [_thread_blocked, id=19288, stack(0x0000002557c00000,0x0000002557d00000)]

Other Threads:
  0x0000019b2ac9e9b0 VMThread "VM Thread" [stack: 0x0000002551c00000,0x0000002551d00000] [id=17264]
  0x0000019b4a14ca00 WatcherThread [stack: 0x0000002552800000,0x0000002552900000] [id=2476]
  0x0000019b0b1f1e30 GCTaskThread "GC Thread#0" [stack: 0x0000002551700000,0x0000002551800000] [id=17368]
  0x0000019b4a211f00 GCTaskThread "GC Thread#1" [stack: 0x0000002552900000,0x0000002552a00000] [id=20644]
  0x0000019b4a297570 GCTaskThread "GC Thread#2" [stack: 0x0000002552a00000,0x0000002552b00000] [id=15248]
  0x0000019b4ac260d0 GCTaskThread "GC Thread#3" [stack: 0x0000002552b00000,0x0000002552c00000] [id=6432]
  0x0000019b0b202c90 ConcurrentGCThread "G1 Main Marker" [stack: 0x0000002551800000,0x0000002551900000] [id=17508]
  0x0000019b0b2035b0 ConcurrentGCThread "G1 Conc#0" [stack: 0x0000002551900000,0x0000002551a00000] [id=21380]
  0x0000019b0b246920 ConcurrentGCThread "G1 Refine#0" [stack: 0x0000002551a00000,0x0000002551b00000] [id=15920]
  0x0000019b4c546560 ConcurrentGCThread "G1 Refine#1" [stack: 0x0000002554200000,0x0000002554300000] [id=3164]
  0x0000019b0b247260 ConcurrentGCThread "G1 Service" [stack: 0x0000002551b00000,0x0000002551c00000] [id=16580]

Threads with active compile tasks:
C2 CompilerThread0    68250 14708   !   4       org.gradle.cache.internal.DefaultMultiProcessSafeIndexedCache::getIfPresent (25 bytes)

VM state: not at safepoint (normal execution)

VM Mutex/Monitor currently owned by a thread: None

Heap address: 0x0000000080000000, size: 2048 MB, Compressed Oops mode: 32-bit

CDS archive(s) mapped at: [0x0000019b2b000000-0x0000019b2bbd0000-0x0000019b2bbd0000), size 12386304, SharedBaseAddress: 0x0000019b2b000000, ArchiveRelocationMode: 1.
Compressed class space mapped at: 0x0000019b2c000000-0x0000019b46000000, reserved size: 436207616
Narrow klass base: 0x0000019b2b000000, Narrow klass shift: 0, Narrow klass range: 0x100000000

GC Precious Log:
 CPUs: 4 total, 4 available
 Memory: 7862M
 Large Page Support: Disabled
 NUMA Support: Disabled
 Compressed Oops: Enabled (32-bit)
 Heap Region Size: 1M
 Heap Min Capacity: 8M
 Heap Initial Capacity: 124M
 Heap Max Capacity: 2G
 Pre-touch: Disabled
 Parallel Workers: 4
 Concurrent Workers: 1
 Concurrent Refinement Workers: 4
 Periodic GC: Disabled

Heap:
 garbage-first heap   total 216064K, used 180212K [0x0000000080000000, 0x0000000100000000)
  region size 1024K, 5 young (5120K), 2 survivors (2048K)
 Metaspace       used 104750K, committed 106176K, reserved 557056K
  class space    used 14580K, committed 15232K, reserved 425984K

Heap Regions: E=young(eden), S=young(survivor), O=old, HS=humongous(starts), HC=humongous(continues), CS=collection set, F=free, OA=open archive, CA=closed archive, TAMS=top-at-mark-start (previous, next)
|   0|0x0000000080000000, 0x0000000080100000, 0x0000000080100000|100%|HS|  |TAMS 0x0000000080100000, 0x0000000080000000| Complete 
|   1|0x0000000080100000, 0x0000000080200000, 0x0000000080200000|100%|HC|  |TAMS 0x0000000080200000, 0x0000000080100000| Complete 
|   2|0x0000000080200000, 0x0000000080300000, 0x0000000080300000|100%|HC|  |TAMS 0x0000000080300000, 0x0000000080200000| Complete 
|   3|0x0000000080300000, 0x0000000080400000, 0x0000000080400000|100%|HC|  |TAMS 0x0000000080400000, 0x0000000080300000| Complete 
|   4|0x0000000080400000, 0x0000000080500000, 0x0000000080500000|100%| O|  |TAMS 0x0000000080500000, 0x0000000080400000| Untracked 
|   5|0x0000000080500000, 0x0000000080600000, 0x0000000080600000|100%| O|  |TAMS 0x0000000080600000, 0x0000000080500000| Untracked 
|   6|0x0000000080600000, 0x0000000080700000, 0x0000000080700000|100%| O|  |TAMS 0x0000000080700000, 0x0000000080600000| Untracked 
|   7|0x0000000080700000, 0x0000000080800000, 0x0000000080800000|100%| O|  |TAMS 0x0000000080800000, 0x0000000080700000| Untracked 
|   8|0x0000000080800000, 0x0000000080900000, 0x0000000080900000|100%|HS|  |TAMS 0x0000000080900000, 0x0000000080800000| Complete 
|   9|0x0000000080900000, 0x0000000080a00000, 0x0000000080a00000|100%| O|  |TAMS 0x0000000080a00000, 0x0000000080900000| Untracked 
|  10|0x0000000080a00000, 0x0000000080b00000, 0x0000000080b00000|100%| O|  |TAMS 0x0000000080b00000, 0x0000000080a00000| Untracked 
|  11|0x0000000080b00000, 0x0000000080c00000, 0x0000000080c00000|100%| O|  |TAMS 0x0000000080c00000, 0x0000000080b00000| Untracked 
|  12|0x0000000080c00000, 0x0000000080d00000, 0x0000000080d00000|100%| O|  |TAMS 0x0000000080d00000, 0x0000000080c00000| Untracked 
|  13|0x0000000080d00000, 0x0000000080e00000, 0x0000000080e00000|100%| O|  |TAMS 0x0000000080e00000, 0x0000000080d00000| Untracked 
|  14|0x0000000080e00000, 0x0000000080f00000, 0x0000000080f00000|100%| O|  |TAMS 0x0000000080f00000, 0x0000000080e00000| Untracked 
|  15|0x0000000080f00000, 0x0000000081000000, 0x0000000081000000|100%| O|  |TAMS 0x0000000081000000, 0x0000000080f00000| Untracked 
|  16|0x0000000081000000, 0x00000000810da200, 0x0000000081100000| 85%| O|  |TAMS 0x00000000810da200, 0x0000000081000000| Untracked 
|  17|0x0000000081100000, 0x0000000081200000, 0x0000000081200000|100%| O|  |TAMS 0x0000000081200000, 0x0000000081100000| Untracked 
|  18|0x0000000081200000, 0x0000000081300000, 0x0000000081300000|100%| O|  |TAMS 0x0000000081300000, 0x0000000081200000| Untracked 
|  19|0x0000000081300000, 0x0000000081400000, 0x0000000081400000|100%| O|  |TAMS 0x0000000081400000, 0x0000000081300000| Untracked 
|  20|0x0000000081400000, 0x0000000081500000, 0x0000000081500000|100%| O|  |TAMS 0x0000000081500000, 0x0000000081400000| Untracked 
|  21|0x0000000081500000, 0x0000000081600000, 0x0000000081600000|100%| O|  |TAMS 0x0000000081600000, 0x0000000081500000| Untracked 
|  22|0x0000000081600000, 0x0000000081700000, 0x0000000081700000|100%| O|  |TAMS 0x0000000081700000, 0x0000000081600000| Untracked 
|  23|0x0000000081700000, 0x0000000081800000, 0x0000000081800000|100%| O|  |TAMS 0x0000000081800000, 0x0000000081700000| Untracked 
|  24|0x0000000081800000, 0x0000000081900000, 0x0000000081900000|100%| O|  |TAMS 0x0000000081900000, 0x0000000081800000| Untracked 
|  25|0x0000000081900000, 0x0000000081a00000, 0x0000000081a00000|100%| O|  |TAMS 0x0000000081a00000, 0x0000000081900000| Untracked 
|  26|0x0000000081a00000, 0x0000000081b00000, 0x0000000081b00000|100%| O|  |TAMS 0x0000000081b00000, 0x0000000081a00000| Untracked 
|  27|0x0000000081b00000, 0x0000000081c00000, 0x0000000081c00000|100%| O|  |TAMS 0x0000000081c00000, 0x0000000081b00000| Untracked 
|  28|0x0000000081c00000, 0x0000000081d00000, 0x0000000081d00000|100%| O|  |TAMS 0x0000000081c00000, 0x0000000081c00000| Untracked 
|  29|0x0000000081d00000, 0x0000000081e00000, 0x0000000081e00000|100%| O|  |TAMS 0x0000000081e00000, 0x0000000081d00000| Untracked 
|  30|0x0000000081e00000, 0x0000000081f00000, 0x0000000081f00000|100%| O|  |TAMS 0x0000000081f00000, 0x0000000081e00000| Untracked 
|  31|0x0000000081f00000, 0x0000000082000000, 0x0000000082000000|100%| O|  |TAMS 0x0000000082000000, 0x0000000081f00000| Untracked 
|  32|0x0000000082000000, 0x0000000082100000, 0x0000000082100000|100%| O|  |TAMS 0x0000000082100000, 0x0000000082000000| Untracked 
|  33|0x0000000082100000, 0x0000000082200000, 0x0000000082200000|100%| O|  |TAMS 0x0000000082200000, 0x0000000082100000| Untracked 
|  34|0x0000000082200000, 0x0000000082300000, 0x0000000082300000|100%| O|  |TAMS 0x0000000082300000, 0x0000000082200000| Untracked 
|  35|0x0000000082300000, 0x0000000082400000, 0x0000000082400000|100%| O|  |TAMS 0x0000000082400000, 0x0000000082300000| Untracked 
|  36|0x0000000082400000, 0x0000000082500000, 0x0000000082500000|100%| O|  |TAMS 0x0000000082500000, 0x0000000082400000| Untracked 
|  37|0x0000000082500000, 0x0000000082600000, 0x0000000082600000|100%| O|  |TAMS 0x0000000082600000, 0x0000000082500000| Untracked 
|  38|0x0000000082600000, 0x0000000082700000, 0x0000000082700000|100%| O|  |TAMS 0x0000000082700000, 0x0000000082600000| Untracked 
|  39|0x0000000082700000, 0x0000000082800000, 0x0000000082800000|100%| O|  |TAMS 0x0000000082800000, 0x0000000082700000| Untracked 
|  40|0x0000000082800000, 0x0000000082900000, 0x0000000082900000|100%| O|  |TAMS 0x0000000082900000, 0x0000000082800000| Untracked 
|  41|0x0000000082900000, 0x0000000082a00000, 0x0000000082a00000|100%| O|  |TAMS 0x0000000082a00000, 0x0000000082900000| Untracked 
|  42|0x0000000082a00000, 0x0000000082b00000, 0x0000000082b00000|100%| O|  |TAMS 0x0000000082a00000, 0x0000000082a00000| Untracked 
|  43|0x0000000082b00000, 0x0000000082c00000, 0x0000000082c00000|100%| O|  |TAMS 0x0000000082c00000, 0x0000000082b00000| Untracked 
|  44|0x0000000082c00000, 0x0000000082d00000, 0x0000000082d00000|100%| O|  |TAMS 0x0000000082d00000, 0x0000000082c00000| Untracked 
|  45|0x0000000082d00000, 0x0000000082e00000, 0x0000000082e00000|100%| O|  |TAMS 0x0000000082e00000, 0x0000000082d00000| Untracked 
|  46|0x0000000082e00000, 0x0000000082f00000, 0x0000000082f00000|100%| O|  |TAMS 0x0000000082f00000, 0x0000000082e00000| Untracked 
|  47|0x0000000082f00000, 0x0000000083000000, 0x0000000083000000|100%| O|  |TAMS 0x0000000083000000, 0x0000000082f00000| Untracked 
|  48|0x0000000083000000, 0x0000000083100000, 0x0000000083100000|100%| O|  |TAMS 0x0000000083100000, 0x0000000083000000| Untracked 
|  49|0x0000000083100000, 0x0000000083200000, 0x0000000083200000|100%| O|  |TAMS 0x0000000083200000, 0x0000000083100000| Untracked 
|  50|0x0000000083200000, 0x0000000083300000, 0x0000000083300000|100%| O|  |TAMS 0x0000000083300000, 0x0000000083200000| Untracked 
|  51|0x0000000083300000, 0x0000000083400000, 0x0000000083400000|100%| O|  |TAMS 0x0000000083400000, 0x0000000083300000| Untracked 
|  52|0x0000000083400000, 0x0000000083500000, 0x0000000083500000|100%|HS|  |TAMS 0x0000000083500000, 0x0000000083400000| Complete 
|  53|0x0000000083500000, 0x0000000083600000, 0x0000000083600000|100%|HC|  |TAMS 0x0000000083600000, 0x0000000083500000| Complete 
|  54|0x0000000083600000, 0x0000000083700000, 0x0000000083700000|100%|HS|  |TAMS 0x0000000083700000, 0x0000000083600000| Complete 
|  55|0x0000000083700000, 0x0000000083800000, 0x0000000083800000|100%|HC|  |TAMS 0x0000000083800000, 0x0000000083700000| Complete 
|  56|0x0000000083800000, 0x0000000083900000, 0x0000000083900000|100%|HS|  |TAMS 0x0000000083900000, 0x0000000083800000| Complete 
|  57|0x0000000083900000, 0x0000000083a00000, 0x0000000083a00000|100%|HC|  |TAMS 0x0000000083a00000, 0x0000000083900000| Complete 
|  58|0x0000000083a00000, 0x0000000083b00000, 0x0000000083b00000|100%|HC|  |TAMS 0x0000000083b00000, 0x0000000083a00000| Complete 
|  59|0x0000000083b00000, 0x0000000083c00000, 0x0000000083c00000|100%|HC|  |TAMS 0x0000000083c00000, 0x0000000083b00000| Complete 
|  60|0x0000000083c00000, 0x0000000083d00000, 0x0000000083d00000|100%|HS|  |TAMS 0x0000000083d00000, 0x0000000083c00000| Complete 
|  61|0x0000000083d00000, 0x0000000083e00000, 0x0000000083e00000|100%|HC|  |TAMS 0x0000000083e00000, 0x0000000083d00000| Complete 
|  62|0x0000000083e00000, 0x0000000083f00000, 0x0000000083f00000|100%|HC|  |TAMS 0x0000000083f00000, 0x0000000083e00000| Complete 
|  63|0x0000000083f00000, 0x0000000084000000, 0x0000000084000000|100%|HC|  |TAMS 0x0000000084000000, 0x0000000083f00000| Complete 
|  64|0x0000000084000000, 0x0000000084100000, 0x0000000084100000|100%| O|  |TAMS 0x0000000084100000, 0x0000000084000000| Untracked 
|  65|0x0000000084100000, 0x0000000084200000, 0x0000000084200000|100%| O|  |TAMS 0x00000000841e9400, 0x0000000084100000| Untracked 
|  66|0x0000000084200000, 0x0000000084300000, 0x0000000084300000|100%| O|  |TAMS 0x0000000084200000, 0x0000000084200000| Untracked 
|  67|0x0000000084300000, 0x0000000084400000, 0x0000000084400000|100%| O|  |TAMS 0x0000000084300000, 0x0000000084300000| Untracked 
|  68|0x0000000084400000, 0x0000000084500000, 0x0000000084500000|100%| O|  |TAMS 0x0000000084400000, 0x0000000084400000| Untracked 
|  69|0x0000000084500000, 0x0000000084600000, 0x0000000084600000|100%| O|  |TAMS 0x0000000084500000, 0x0000000084500000| Untracked 
|  70|0x0000000084600000, 0x0000000084700000, 0x0000000084700000|100%| O|  |TAMS 0x0000000084600000, 0x0000000084600000| Untracked 
|  71|0x0000000084700000, 0x0000000084800000, 0x0000000084800000|100%| O|  |TAMS 0x0000000084700000, 0x0000000084700000| Untracked 
|  72|0x0000000084800000, 0x0000000084900000, 0x0000000084900000|100%| O|  |TAMS 0x0000000084800000, 0x0000000084800000| Untracked 
|  73|0x0000000084900000, 0x0000000084a00000, 0x0000000084a00000|100%| O|  |TAMS 0x0000000084900000, 0x0000000084900000| Untracked 
|  74|0x0000000084a00000, 0x0000000084b00000, 0x0000000084b00000|100%| O|  |TAMS 0x0000000084a00000, 0x0000000084a00000| Untracked 
|  75|0x0000000084b00000, 0x0000000084c00000, 0x0000000084c00000|100%| O|  |TAMS 0x0000000084b00000, 0x0000000084b00000| Untracked 
|  76|0x0000000084c00000, 0x0000000084d00000, 0x0000000084d00000|100%| O|  |TAMS 0x0000000084c00000, 0x0000000084c00000| Untracked 
|  77|0x0000000084d00000, 0x0000000084e00000, 0x0000000084e00000|100%| O|  |TAMS 0x0000000084d00000, 0x0000000084d00000| Untracked 
|  78|0x0000000084e00000, 0x0000000084f00000, 0x0000000084f00000|100%| O|  |TAMS 0x0000000084e00000, 0x0000000084e00000| Untracked 
|  79|0x0000000084f00000, 0x0000000085000000, 0x0000000085000000|100%| O|  |TAMS 0x0000000084f00000, 0x0000000084f00000| Untracked 
|  80|0x0000000085000000, 0x0000000085100000, 0x0000000085100000|100%| O|  |TAMS 0x0000000085000000, 0x0000000085000000| Untracked 
|  81|0x0000000085100000, 0x0000000085200000, 0x0000000085200000|100%| O|  |TAMS 0x0000000085100000, 0x0000000085100000| Untracked 
|  82|0x0000000085200000, 0x0000000085300000, 0x0000000085300000|100%| O|  |TAMS 0x0000000085200000, 0x0000000085200000| Untracked 
|  83|0x0000000085300000, 0x0000000085400000, 0x0000000085400000|100%| O|  |TAMS 0x0000000085300000, 0x0000000085300000| Untracked 
|  84|0x0000000085400000, 0x0000000085500000, 0x0000000085500000|100%|HS|  |TAMS 0x0000000085400000, 0x0000000085400000| Complete 
|  85|0x0000000085500000, 0x0000000085600000, 0x0000000085600000|100%|HS|  |TAMS 0x0000000085500000, 0x0000000085500000| Complete 
|  86|0x0000000085600000, 0x0000000085700000, 0x0000000085700000|100%|HS|  |TAMS 0x0000000085600000, 0x0000000085600000| Complete 
|  87|0x0000000085700000, 0x0000000085800000, 0x0000000085800000|100%|HS|  |TAMS 0x0000000085700000, 0x0000000085700000| Complete 
|  88|0x0000000085800000, 0x0000000085900000, 0x0000000085900000|100%| O|  |TAMS 0x0000000085800000, 0x0000000085800000| Untracked 
|  89|0x0000000085900000, 0x0000000085a00000, 0x0000000085a00000|100%|HS|  |TAMS 0x0000000085900000, 0x0000000085900000| Complete 
|  90|0x0000000085a00000, 0x0000000085b00000, 0x0000000085b00000|100%|HS|  |TAMS 0x0000000085a00000, 0x0000000085a00000| Complete 
|  91|0x0000000085b00000, 0x0000000085c00000, 0x0000000085c00000|100%| O|  |TAMS 0x0000000085b00000, 0x0000000085b00000| Untracked 
|  92|0x0000000085c00000, 0x0000000085d00000, 0x0000000085d00000|100%|HS|  |TAMS 0x0000000085c00000, 0x0000000085c00000| Complete 
|  93|0x0000000085d00000, 0x0000000085e00000, 0x0000000085e00000|100%|HC|  |TAMS 0x0000000085d00000, 0x0000000085d00000| Complete 
|  94|0x0000000085e00000, 0x0000000085f00000, 0x0000000085f00000|100%| O|  |TAMS 0x0000000085e00000, 0x0000000085e00000| Untracked 
|  95|0x0000000085f00000, 0x0000000086000000, 0x0000000086000000|100%|HS|  |TAMS 0x0000000085f00000, 0x0000000085f00000| Complete 
|  96|0x0000000086000000, 0x0000000086100000, 0x0000000086100000|100%| O|  |TAMS 0x0000000086000000, 0x0000000086000000| Untracked 
|  97|0x0000000086100000, 0x0000000086200000, 0x0000000086200000|100%| O|  |TAMS 0x0000000086100000, 0x0000000086100000| Untracked 
|  98|0x0000000086200000, 0x0000000086300000, 0x0000000086300000|100%| O|  |TAMS 0x0000000086200000, 0x0000000086200000| Untracked 
|  99|0x0000000086300000, 0x0000000086400000, 0x0000000086400000|100%| O|  |TAMS 0x0000000086300000, 0x0000000086300000| Untracked 
| 100|0x0000000086400000, 0x0000000086500000, 0x0000000086500000|100%| O|  |TAMS 0x0000000086400000, 0x0000000086400000| Untracked 
| 101|0x0000000086500000, 0x0000000086600000, 0x0000000086600000|100%| O|  |TAMS 0x0000000086500000, 0x0000000086500000| Untracked 
| 102|0x0000000086600000, 0x0000000086700000, 0x0000000086700000|100%| O|  |TAMS 0x0000000086600000, 0x0000000086600000| Untracked 
| 103|0x0000000086700000, 0x0000000086800000, 0x0000000086800000|100%| O|  |TAMS 0x0000000086700000, 0x0000000086700000| Untracked 
| 104|0x0000000086800000, 0x0000000086900000, 0x0000000086900000|100%| O|  |TAMS 0x0000000086800000, 0x0000000086800000| Untracked 
| 105|0x0000000086900000, 0x0000000086a00000, 0x0000000086a00000|100%| O|  |TAMS 0x0000000086900000, 0x0000000086900000| Untracked 
| 106|0x0000000086a00000, 0x0000000086b00000, 0x0000000086b00000|100%| O|  |TAMS 0x0000000086a00000, 0x0000000086a00000| Untracked 
| 107|0x0000000086b00000, 0x0000000086c00000, 0x0000000086c00000|100%| O|  |TAMS 0x0000000086b00000, 0x0000000086b00000| Untracked 
| 108|0x0000000086c00000, 0x0000000086d00000, 0x0000000086d00000|100%| O|  |TAMS 0x0000000086c00000, 0x0000000086c00000| Untracked 
| 109|0x0000000086d00000, 0x0000000086e00000, 0x0000000086e00000|100%| O|  |TAMS 0x0000000086d00000, 0x0000000086d00000| Untracked 
| 110|0x0000000086e00000, 0x0000000086f00000, 0x0000000086f00000|100%| O|  |TAMS 0x0000000086e00000, 0x0000000086e00000| Untracked 
| 111|0x0000000086f00000, 0x0000000087000000, 0x0000000087000000|100%| O|  |TAMS 0x0000000086f00000, 0x0000000086f00000| Untracked 
| 112|0x0000000087000000, 0x0000000087100000, 0x0000000087100000|100%| O|  |TAMS 0x0000000087000000, 0x0000000087000000| Untracked 
| 113|0x0000000087100000, 0x0000000087200000, 0x0000000087200000|100%| O|  |TAMS 0x0000000087100000, 0x0000000087100000| Untracked 
| 114|0x0000000087200000, 0x0000000087300000, 0x0000000087300000|100%| O|  |TAMS 0x0000000087200000, 0x0000000087200000| Untracked 
| 115|0x0000000087300000, 0x0000000087400000, 0x0000000087400000|100%| O|  |TAMS 0x0000000087300000, 0x0000000087300000| Untracked 
| 116|0x0000000087400000, 0x0000000087500000, 0x0000000087500000|100%| O|  |TAMS 0x0000000087400000, 0x0000000087400000| Untracked 
| 117|0x0000000087500000, 0x0000000087600000, 0x0000000087600000|100%| O|  |TAMS 0x0000000087500000, 0x0000000087500000| Untracked 
| 118|0x0000000087600000, 0x0000000087700000, 0x0000000087700000|100%| O|  |TAMS 0x0000000087600000, 0x0000000087600000| Untracked 
| 119|0x0000000087700000, 0x0000000087800000, 0x0000000087800000|100%| O|  |TAMS 0x0000000087700000, 0x0000000087700000| Untracked 
| 120|0x0000000087800000, 0x0000000087900000, 0x0000000087900000|100%| O|  |TAMS 0x0000000087800000, 0x0000000087800000| Untracked 
| 121|0x0000000087900000, 0x0000000087a00000, 0x0000000087a00000|100%| O|  |TAMS 0x0000000087900000, 0x0000000087900000| Untracked 
| 122|0x0000000087a00000, 0x0000000087b00000, 0x0000000087b00000|100%| O|  |TAMS 0x0000000087a00000, 0x0000000087a00000| Untracked 
| 123|0x0000000087b00000, 0x0000000087c00000, 0x0000000087c00000|100%| O|  |TAMS 0x0000000087b00000, 0x0000000087b00000| Untracked 
| 124|0x0000000087c00000, 0x0000000087d00000, 0x0000000087d00000|100%| O|  |TAMS 0x0000000087c00000, 0x0000000087c00000| Untracked 
| 125|0x0000000087d00000, 0x0000000087e00000, 0x0000000087e00000|100%| O|  |TAMS 0x0000000087d00000, 0x0000000087d00000| Untracked 
| 126|0x0000000087e00000, 0x0000000087f00000, 0x0000000087f00000|100%| O|  |TAMS 0x0000000087e00000, 0x0000000087e00000| Untracked 
| 127|0x0000000087f00000, 0x0000000088000000, 0x0000000088000000|100%| O|  |TAMS 0x0000000087f00000, 0x0000000087f00000| Untracked 
| 128|0x0000000088000000, 0x0000000088100000, 0x0000000088100000|100%| O|  |TAMS 0x0000000088000000, 0x0000000088000000| Untracked 
| 129|0x0000000088100000, 0x0000000088200000, 0x0000000088200000|100%| O|  |TAMS 0x0000000088100000, 0x0000000088100000| Untracked 
| 130|0x0000000088200000, 0x0000000088300000, 0x0000000088300000|100%| O|  |TAMS 0x0000000088200000, 0x0000000088200000| Untracked 
| 131|0x0000000088300000, 0x0000000088400000, 0x0000000088400000|100%| O|  |TAMS 0x0000000088300000, 0x0000000088300000| Untracked 
| 132|0x0000000088400000, 0x0000000088500000, 0x0000000088500000|100%| O|  |TAMS 0x0000000088400000, 0x0000000088400000| Untracked 
| 133|0x0000000088500000, 0x0000000088600000, 0x0000000088600000|100%| O|  |TAMS 0x0000000088500000, 0x0000000088500000| Untracked 
| 134|0x0000000088600000, 0x0000000088700000, 0x0000000088700000|100%|HS|  |TAMS 0x0000000088600000, 0x0000000088600000| Complete 
| 135|0x0000000088700000, 0x0000000088800000, 0x0000000088800000|100%|HS|  |TAMS 0x0000000088700000, 0x0000000088700000| Complete 
| 136|0x0000000088800000, 0x0000000088900000, 0x0000000088900000|100%|HC|  |TAMS 0x0000000088800000, 0x0000000088800000| Complete 
| 137|0x0000000088900000, 0x0000000088a00000, 0x0000000088a00000|100%| O|  |TAMS 0x0000000088900000, 0x0000000088900000| Untracked 
| 138|0x0000000088a00000, 0x0000000088b00000, 0x0000000088b00000|100%| O|  |TAMS 0x0000000088a00000, 0x0000000088a00000| Untracked 
| 139|0x0000000088b00000, 0x0000000088c00000, 0x0000000088c00000|100%| O|  |TAMS 0x0000000088b00000, 0x0000000088b00000| Untracked 
| 140|0x0000000088c00000, 0x0000000088d00000, 0x0000000088d00000|100%| O|  |TAMS 0x0000000088c00000, 0x0000000088c00000| Untracked 
| 141|0x0000000088d00000, 0x0000000088e00000, 0x0000000088e00000|100%| O|  |TAMS 0x0000000088d00000, 0x0000000088d00000| Untracked 
| 142|0x0000000088e00000, 0x0000000088f00000, 0x0000000088f00000|100%| O|  |TAMS 0x0000000088e00000, 0x0000000088e00000| Untracked 
| 143|0x0000000088f00000, 0x0000000089000000, 0x0000000089000000|100%| O|  |TAMS 0x0000000088f00000, 0x0000000088f00000| Untracked 
| 144|0x0000000089000000, 0x0000000089100000, 0x0000000089100000|100%| O|  |TAMS 0x0000000089000000, 0x0000000089000000| Untracked 
| 145|0x0000000089100000, 0x0000000089200000, 0x0000000089200000|100%| O|  |TAMS 0x0000000089100000, 0x0000000089100000| Untracked 
| 146|0x0000000089200000, 0x0000000089300000, 0x0000000089300000|100%| O|  |TAMS 0x0000000089200000, 0x0000000089200000| Untracked 
| 147|0x0000000089300000, 0x0000000089400000, 0x0000000089400000|100%| O|  |TAMS 0x0000000089300000, 0x0000000089300000| Untracked 
| 148|0x0000000089400000, 0x0000000089500000, 0x0000000089500000|100%| O|  |TAMS 0x0000000089400000, 0x0000000089400000| Untracked 
| 149|0x0000000089500000, 0x0000000089600000, 0x0000000089600000|100%| O|  |TAMS 0x0000000089500000, 0x0000000089500000| Untracked 
| 150|0x0000000089600000, 0x0000000089700000, 0x0000000089700000|100%| O|  |TAMS 0x0000000089600000, 0x0000000089600000| Untracked 
| 151|0x0000000089700000, 0x0000000089800000, 0x0000000089800000|100%| O|  |TAMS 0x0000000089700000, 0x0000000089700000| Untracked 
| 152|0x0000000089800000, 0x0000000089900000, 0x0000000089900000|100%| O|  |TAMS 0x0000000089800000, 0x0000000089800000| Untracked 
| 153|0x0000000089900000, 0x0000000089a00000, 0x0000000089a00000|100%| O|  |TAMS 0x0000000089900000, 0x0000000089900000| Untracked 
| 154|0x0000000089a00000, 0x0000000089b00000, 0x0000000089b00000|100%| O|  |TAMS 0x0000000089a00000, 0x0000000089a00000| Untracked 
| 155|0x0000000089b00000, 0x0000000089c00000, 0x0000000089c00000|100%| O|  |TAMS 0x0000000089b00000, 0x0000000089b00000| Untracked 
| 156|0x0000000089c00000, 0x0000000089d00000, 0x0000000089d00000|100%| O|  |TAMS 0x0000000089c00000, 0x0000000089c00000| Untracked 
| 157|0x0000000089d00000, 0x0000000089e00000, 0x0000000089e00000|100%| O|  |TAMS 0x0000000089d00000, 0x0000000089d00000| Untracked 
| 158|0x0000000089e00000, 0x0000000089f00000, 0x0000000089f00000|100%| O|  |TAMS 0x0000000089e00000, 0x0000000089e00000| Untracked 
| 159|0x0000000089f00000, 0x000000008a000000, 0x000000008a000000|100%| O|  |TAMS 0x0000000089f00000, 0x0000000089f00000| Untracked 
| 160|0x000000008a000000, 0x000000008a100000, 0x000000008a100000|100%| O|  |TAMS 0x000000008a000000, 0x000000008a000000| Untracked 
| 161|0x000000008a100000, 0x000000008a200000, 0x000000008a200000|100%| O|  |TAMS 0x000000008a100000, 0x000000008a100000| Untracked 
| 162|0x000000008a200000, 0x000000008a300000, 0x000000008a300000|100%| O|  |TAMS 0x000000008a200000, 0x000000008a200000| Untracked 
| 163|0x000000008a300000, 0x000000008a400000, 0x000000008a400000|100%| O|  |TAMS 0x000000008a300000, 0x000000008a300000| Untracked 
| 164|0x000000008a400000, 0x000000008a500000, 0x000000008a500000|100%| O|  |TAMS 0x000000008a400000, 0x000000008a400000| Untracked 
| 165|0x000000008a500000, 0x000000008a600000, 0x000000008a600000|100%| O|  |TAMS 0x000000008a500000, 0x000000008a500000| Untracked 
| 166|0x000000008a600000, 0x000000008a700000, 0x000000008a700000|100%| O|  |TAMS 0x000000008a600000, 0x000000008a600000| Untracked 
| 167|0x000000008a700000, 0x000000008a800000, 0x000000008a800000|100%| O|  |TAMS 0x000000008a700000, 0x000000008a700000| Untracked 
| 168|0x000000008a800000, 0x000000008a900000, 0x000000008a900000|100%| O|  |TAMS 0x000000008a800000, 0x000000008a800000| Untracked 
| 169|0x000000008a900000, 0x000000008aa00000, 0x000000008aa00000|100%| O|  |TAMS 0x000000008a900000, 0x000000008a900000| Untracked 
| 170|0x000000008aa00000, 0x000000008ab00000, 0x000000008ab00000|100%| O|  |TAMS 0x000000008aa00000, 0x000000008aa00000| Untracked 
| 171|0x000000008ab00000, 0x000000008ac00000, 0x000000008ac00000|100%| O|  |TAMS 0x000000008ab00000, 0x000000008ab00000| Untracked 
| 172|0x000000008ac00000, 0x000000008ac23000, 0x000000008ad00000| 13%| O|  |TAMS 0x000000008ac00000, 0x000000008ac00000| Untracked 
| 173|0x000000008ad00000, 0x000000008ad00000, 0x000000008ae00000|  0%| F|  |TAMS 0x000000008ad00000, 0x000000008ad00000| Untracked 
| 174|0x000000008ae00000, 0x000000008ae00000, 0x000000008af00000|  0%| F|  |TAMS 0x000000008ae00000, 0x000000008ae00000| Untracked 
| 175|0x000000008af00000, 0x000000008af00000, 0x000000008b000000|  0%| F|  |TAMS 0x000000008af00000, 0x000000008af00000| Untracked 
| 176|0x000000008b000000, 0x000000008b000000, 0x000000008b100000|  0%| F|  |TAMS 0x000000008b000000, 0x000000008b000000| Untracked 
| 177|0x000000008b100000, 0x000000008b100000, 0x000000008b200000|  0%| F|  |TAMS 0x000000008b100000, 0x000000008b100000| Untracked 
| 178|0x000000008b200000, 0x000000008b200000, 0x000000008b300000|  0%| F|  |TAMS 0x000000008b200000, 0x000000008b200000| Untracked 
| 179|0x000000008b300000, 0x000000008b300000, 0x000000008b400000|  0%| F|  |TAMS 0x000000008b300000, 0x000000008b300000| Untracked 
| 180|0x000000008b400000, 0x000000008b400000, 0x000000008b500000|  0%| F|  |TAMS 0x000000008b400000, 0x000000008b400000| Untracked 
| 181|0x000000008b500000, 0x000000008b500000, 0x000000008b600000|  0%| F|  |TAMS 0x000000008b500000, 0x000000008b500000| Untracked 
| 182|0x000000008b600000, 0x000000008b600000, 0x000000008b700000|  0%| F|  |TAMS 0x000000008b600000, 0x000000008b600000| Untracked 
| 183|0x000000008b700000, 0x000000008b700000, 0x000000008b800000|  0%| F|  |TAMS 0x000000008b700000, 0x000000008b700000| Untracked 
| 184|0x000000008b800000, 0x000000008b800000, 0x000000008b900000|  0%| F|  |TAMS 0x000000008b800000, 0x000000008b800000| Untracked 
| 185|0x000000008b900000, 0x000000008b900000, 0x000000008ba00000|  0%| F|  |TAMS 0x000000008b900000, 0x000000008b900000| Untracked 
| 186|0x000000008ba00000, 0x000000008ba00000, 0x000000008bb00000|  0%| F|  |TAMS 0x000000008ba00000, 0x000000008ba00000| Untracked 
| 187|0x000000008bb00000, 0x000000008bb00000, 0x000000008bc00000|  0%| F|  |TAMS 0x000000008bb00000, 0x000000008bb00000| Untracked 
| 188|0x000000008bc00000, 0x000000008bc00000, 0x000000008bd00000|  0%| F|  |TAMS 0x000000008bc00000, 0x000000008bc00000| Untracked 
| 189|0x000000008bd00000, 0x000000008bd00000, 0x000000008be00000|  0%| F|  |TAMS 0x000000008bd00000, 0x000000008bd00000| Untracked 
| 190|0x000000008be00000, 0x000000008be00000, 0x000000008bf00000|  0%| F|  |TAMS 0x000000008be00000, 0x000000008be00000| Untracked 
| 191|0x000000008bf00000, 0x000000008bf00000, 0x000000008c000000|  0%| F|  |TAMS 0x000000008bf00000, 0x000000008bf00000| Untracked 
| 192|0x000000008c000000, 0x000000008c000000, 0x000000008c100000|  0%| F|  |TAMS 0x000000008c000000, 0x000000008c000000| Untracked 
| 193|0x000000008c100000, 0x000000008c100000, 0x000000008c200000|  0%| F|  |TAMS 0x000000008c100000, 0x000000008c100000| Untracked 
| 194|0x000000008c200000, 0x000000008c200000, 0x000000008c300000|  0%| F|  |TAMS 0x000000008c200000, 0x000000008c200000| Untracked 
| 195|0x000000008c300000, 0x000000008c300000, 0x000000008c400000|  0%| F|  |TAMS 0x000000008c300000, 0x000000008c300000| Untracked 
| 196|0x000000008c400000, 0x000000008c400000, 0x000000008c500000|  0%| F|  |TAMS 0x000000008c400000, 0x000000008c400000| Untracked 
| 197|0x000000008c500000, 0x000000008c500000, 0x000000008c600000|  0%| F|  |TAMS 0x000000008c500000, 0x000000008c500000| Untracked 
| 198|0x000000008c600000, 0x000000008c600000, 0x000000008c700000|  0%| F|  |TAMS 0x000000008c600000, 0x000000008c600000| Untracked 
| 199|0x000000008c700000, 0x000000008c800000, 0x000000008c800000|100%| S|CS|TAMS 0x000000008c700000, 0x000000008c700000| Complete 
| 200|0x000000008c800000, 0x000000008c900000, 0x000000008c900000|100%| S|CS|TAMS 0x000000008c800000, 0x000000008c800000| Complete 
| 201|0x000000008c900000, 0x000000008c900000, 0x000000008ca00000|  0%| F|  |TAMS 0x000000008c900000, 0x000000008c900000| Untracked 
| 202|0x000000008ca00000, 0x000000008ca00000, 0x000000008cb00000|  0%| F|  |TAMS 0x000000008ca00000, 0x000000008ca00000| Untracked 
| 203|0x000000008cb00000, 0x000000008cb00000, 0x000000008cc00000|  0%| F|  |TAMS 0x000000008cb00000, 0x000000008cb00000| Untracked 
| 204|0x000000008cc00000, 0x000000008cc00000, 0x000000008cd00000|  0%| F|  |TAMS 0x000000008cc00000, 0x000000008cc00000| Untracked 
| 205|0x000000008cd00000, 0x000000008cd00000, 0x000000008ce00000|  0%| F|  |TAMS 0x000000008cd00000, 0x000000008cd00000| Untracked 
| 206|0x000000008ce00000, 0x000000008ce00000, 0x000000008cf00000|  0%| F|  |TAMS 0x000000008ce00000, 0x000000008ce00000| Untracked 
| 207|0x000000008cf00000, 0x000000008cf00000, 0x000000008d000000|  0%| F|  |TAMS 0x000000008cf00000, 0x000000008cf00000| Untracked 
| 208|0x000000008d000000, 0x000000008d0e93e0, 0x000000008d100000| 91%| E|  |TAMS 0x000000008d000000, 0x000000008d000000| Complete 
| 209|0x000000008d100000, 0x000000008d200000, 0x000000008d200000|100%| E|CS|TAMS 0x000000008d100000, 0x000000008d100000| Complete 
| 210|0x000000008d200000, 0x000000008d300000, 0x000000008d300000|100%| E|CS|TAMS 0x000000008d200000, 0x000000008d200000| Complete 

Card table byte_map: [0x0000019b23e90000,0x0000019b24290000] _byte_map_base: 0x0000019b23a90000

Marking Bits (Prev, Next): (CMBitMap*) 0x0000019b0b1f2360, (CMBitMap*) 0x0000019b0b1f23a0
 Prev Bits: [0x0000019b24690000, 0x0000019b26690000)
 Next Bits: [0x0000019b26690000, 0x0000019b28690000)

Polling page: 0x0000019b14440000

Metaspace:

Usage:
  Non-class:     88.06 MB used.
      Class:     14.24 MB used.
       Both:    102.29 MB used.

Virtual space:
  Non-class space:      128.00 MB reserved,      88.81 MB ( 69%) committed,  2 nodes.
      Class space:      416.00 MB reserved,      14.88 MB (  4%) committed,  1 nodes.
             Both:      544.00 MB reserved,     103.69 MB ( 19%) committed. 

Chunk freelists:
   Non-Class:  6.67 MB
       Class:  1.12 MB
        Both:  7.79 MB

MaxMetaspaceSize: 512.00 MB
CompressedClassSpaceSize: 416.00 MB
Initial GC threshold: 21.00 MB
Current GC threshold: 108.69 MB
CDS: on
MetaspaceReclaimPolicy: balanced
 - commit_granule_bytes: 65536.
 - commit_granule_words: 8192.
 - virtual_space_node_default_size: 8388608.
 - enlarge_chunks_in_place: 1.
 - new_chunks_are_fully_committed: 0.
 - uncommit_free_chunks: 1.
 - use_allocation_guard: 0.
 - handle_deallocations: 1.


Internal statistics:

num_allocs_failed_limit: 6.
num_arena_births: 1614.
num_arena_deaths: 0.
num_vsnodes_births: 3.
num_vsnodes_deaths: 0.
num_space_committed: 1659.
num_space_uncommitted: 0.
num_chunks_returned_to_freelist: 6.
num_chunks_taken_from_freelist: 6241.
num_chunk_merges: 6.
num_chunk_splits: 3972.
num_chunks_enlarged: 2430.
num_inconsistent_stats: 0.

CodeHeap 'non-profiled nmethods': size=120000Kb used=7321Kb max_used=7850Kb free=112678Kb
 bounds [0x0000019b1bf30000, 0x0000019b1c6e0000, 0x0000019b23460000]
CodeHeap 'profiled nmethods': size=120000Kb used=23915Kb max_used=26003Kb free=96084Kb
 bounds [0x0000019b14460000, 0x0000019b15dd0000, 0x0000019b1b990000]
CodeHeap 'non-nmethods': size=5760Kb used=2450Kb max_used=2532Kb free=3309Kb
 bounds [0x0000019b1b990000, 0x0000019b1bc20000, 0x0000019b1bf30000]
 total_blobs=13371 nmethods=12376 adapters=907
 compilation: enabled
              stopped_count=0, restarted_count=0
 full_count=0

Compilation events (20 events):
Event: 67.519 Thread 0x0000019b2acc2370 14702       3       org.gradle.internal.vfs.impl.DefaultFileSystemAccess::lambda$snapshotAndReuse$11 (206 bytes)
Event: 67.524 Thread 0x0000019b2acc2370 nmethod 14702 0x0000019b1527fd10 code [0x0000019b15280120, 0x0000019b15281ff8]
Event: 67.538 Thread 0x0000019b2acc2370 14703       3       net.rubygrapefruit.platform.internal.WindowsFileStat::<init> (10 bytes)
Event: 67.538 Thread 0x0000019b2acc2370 nmethod 14703 0x0000019b1457ab90 code [0x0000019b1457ad20, 0x0000019b1457aed8]
Event: 67.543 Thread 0x0000019b2acc2370 14704       3       net.rubygrapefruit.platform.internal.DefaultWindowsFiles::stat (70 bytes)
Event: 67.545 Thread 0x0000019b2acc2370 nmethod 14704 0x0000019b14f6ef10 code [0x0000019b14f6f1e0, 0x0000019b14f70478]
Event: 67.643 Thread 0x0000019b2acc2370 14705   !   3       java.nio.file.Files::readAllLines (76 bytes)
Event: 67.644 Thread 0x0000019b2acc2370 nmethod 14705 0x0000019b148aa410 code [0x0000019b148aa680, 0x0000019b148ab1d8]
Event: 67.644 Thread 0x0000019b2acc2370 14706       3       org.gradle.api.internal.artifacts.transform.TransformExecutionResult::builder (8 bytes)
Event: 67.644 Thread 0x0000019b2acc2370 nmethod 14706 0x0000019b14511410 code [0x0000019b145115e0, 0x0000019b14511b98]
Event: 67.679 Thread 0x0000019b2acc19b0 nmethod 14698 0x0000019b1c42c910 code [0x0000019b1c42cc00, 0x0000019b1c42e968]
Event: 67.679 Thread 0x0000019b2acc19b0 14670   !   4       sun.nio.fs.WindowsPath::getPathForWin32Calls (135 bytes)
Event: 67.689 Thread 0x0000019b2acc2370 14709   !   3       org.gradle.api.internal.artifacts.transform.TransformExecutionResultSerializer::readResultsFile (160 bytes)
Event: 67.692 Thread 0x0000019b2acc2370 nmethod 14709 0x0000019b157b4010 code [0x0000019b157b44a0, 0x0000019b157b65a8]
Event: 67.693 Thread 0x0000019b2acc19b0 nmethod 14670 0x0000019b1c412590 code [0x0000019b1c412780, 0x0000019b1c412ed0]
Event: 67.693 Thread 0x0000019b2acc19b0 14685       4       org.gradle.internal.model.CalculatedValueContainer::get (8 bytes)
Event: 67.695 Thread 0x0000019b2acc19b0 nmethod 14685 0x0000019b1c073410 code [0x0000019b1c0735a0, 0x0000019b1c073678]
Event: 67.695 Thread 0x0000019b2acc19b0 14707       4       com.google.common.collect.ImmutableMultimap$Builder::put (50 bytes)
Event: 67.882 Thread 0x0000019b2acc19b0 nmethod 14707 0x0000019b1c18f510 code [0x0000019b1c18f780, 0x0000019b1c191fc0]
Event: 67.882 Thread 0x0000019b2acc19b0 14708   !   4       org.gradle.cache.internal.DefaultMultiProcessSafeIndexedCache::getIfPresent (25 bytes)

GC Heap History (20 events):
Event: 56.694 GC heap before
{Heap before GC invocations=43 (full 0):
 garbage-first heap   total 216064K, used 177447K [0x0000000080000000, 0x0000000100000000)
  region size 1024K, 46 young (47104K), 6 survivors (6144K)
 Metaspace       used 101042K, committed 102080K, reserved 557056K
  class space    used 14154K, committed 14656K, reserved 425984K
}
Event: 56.704 GC heap after
{Heap after GC invocations=44 (full 0):
 garbage-first heap   total 216064K, used 138632K [0x0000000080000000, 0x0000000100000000)
  region size 1024K, 4 young (4096K), 4 survivors (4096K)
 Metaspace       used 101042K, committed 102080K, reserved 557056K
  class space    used 14154K, committed 14656K, reserved 425984K
}
Event: 57.274 GC heap before
{Heap before GC invocations=44 (full 0):
 garbage-first heap   total 216064K, used 178568K [0x0000000080000000, 0x0000000100000000)
  region size 1024K, 44 young (45056K), 4 survivors (4096K)
 Metaspace       used 101042K, committed 102080K, reserved 557056K
  class space    used 14154K, committed 14656K, reserved 425984K
}
Event: 57.282 GC heap after
{Heap after GC invocations=45 (full 0):
 garbage-first heap   total 216064K, used 139974K [0x0000000080000000, 0x0000000100000000)
  region size 1024K, 4 young (4096K), 4 survivors (4096K)
 Metaspace       used 101042K, committed 102080K, reserved 557056K
  class space    used 14154K, committed 14656K, reserved 425984K
}
Event: 58.996 GC heap before
{Heap before GC invocations=45 (full 0):
 garbage-first heap   total 216064K, used 181958K [0x0000000080000000, 0x0000000100000000)
  region size 1024K, 43 young (44032K), 4 survivors (4096K)
 Metaspace       used 101464K, committed 102528K, reserved 557056K
  class space    used 14195K, committed 14720K, reserved 425984K
}
Event: 59.017 GC heap after
{Heap after GC invocations=46 (full 0):
 garbage-first heap   total 216064K, used 152251K [0x0000000080000000, 0x0000000100000000)
  region size 1024K, 6 young (6144K), 6 survivors (6144K)
 Metaspace       used 101464K, committed 102528K, reserved 557056K
  class space    used 14195K, committed 14720K, reserved 425984K
}
Event: 62.398 GC heap before
{Heap before GC invocations=46 (full 0):
 garbage-first heap   total 216064K, used 176827K [0x0000000080000000, 0x0000000100000000)
  region size 1024K, 31 young (31744K), 6 survivors (6144K)
 Metaspace       used 103116K, committed 104320K, reserved 557056K
  class space    used 14365K, committed 14912K, reserved 425984K
}
Event: 62.416 GC heap after
{Heap after GC invocations=47 (full 0):
 garbage-first heap   total 216064K, used 159487K [0x0000000080000000, 0x0000000100000000)
  region size 1024K, 4 young (4096K), 4 survivors (4096K)
 Metaspace       used 103116K, committed 104320K, reserved 557056K
  class space    used 14365K, committed 14912K, reserved 425984K
}
Event: 63.565 GC heap before
{Heap before GC invocations=47 (full 0):
 garbage-first heap   total 216064K, used 179967K [0x0000000080000000, 0x0000000100000000)
  region size 1024K, 24 young (24576K), 4 survivors (4096K)
 Metaspace       used 103989K, committed 105280K, reserved 557056K
  class space    used 14499K, committed 15104K, reserved 425984K
}
Event: 63.581 GC heap after
{Heap after GC invocations=48 (full 0):
 garbage-first heap   total 216064K, used 162971K [0x0000000080000000, 0x0000000100000000)
  region size 1024K, 3 young (3072K), 3 survivors (3072K)
 Metaspace       used 103989K, committed 105280K, reserved 557056K
  class space    used 14499K, committed 15104K, reserved 425984K
}
Event: 65.193 GC heap before
{Heap before GC invocations=48 (full 0):
 garbage-first heap   total 216064K, used 181403K [0x0000000080000000, 0x0000000100000000)
  region size 1024K, 21 young (21504K), 3 survivors (3072K)
 Metaspace       used 104394K, committed 105728K, reserved 557056K
  class space    used 14546K, committed 15168K, reserved 425984K
}
Event: 65.208 GC heap after
{Heap after GC invocations=49 (full 0):
 garbage-first heap   total 216064K, used 168808K [0x0000000080000000, 0x0000000100000000)
  region size 1024K, 3 young (3072K), 3 survivors (3072K)
 Metaspace       used 104394K, committed 105728K, reserved 557056K
  class space    used 14546K, committed 15168K, reserved 425984K
}
Event: 66.874 GC heap before
{Heap before GC invocations=49 (full 0):
 garbage-first heap   total 216064K, used 182120K [0x0000000080000000, 0x0000000100000000)
  region size 1024K, 17 young (17408K), 3 survivors (3072K)
 Metaspace       used 104746K, committed 106176K, reserved 557056K
  class space    used 14580K, committed 15232K, reserved 425984K
}
Event: 66.890 GC heap after
{Heap after GC invocations=50 (full 0):
 garbage-first heap   total 216064K, used 172904K [0x0000000080000000, 0x0000000100000000)
  region size 1024K, 3 young (3072K), 3 survivors (3072K)
 Metaspace       used 104746K, committed 106176K, reserved 557056K
  class space    used 14580K, committed 15232K, reserved 425984K
}
Event: 67.146 GC heap before
{Heap before GC invocations=50 (full 0):
 garbage-first heap   total 216064K, used 183144K [0x0000000080000000, 0x0000000100000000)
  region size 1024K, 14 young (14336K), 3 survivors (3072K)
 Metaspace       used 104749K, committed 106176K, reserved 557056K
  class space    used 14580K, committed 15232K, reserved 425984K
}
Event: 67.157 GC heap after
{Heap after GC invocations=51 (full 0):
 garbage-first heap   total 216064K, used 175556K [0x0000000080000000, 0x0000000100000000)
  region size 1024K, 2 young (2048K), 2 survivors (2048K)
 Metaspace       used 104749K, committed 106176K, reserved 557056K
  class space    used 14580K, committed 15232K, reserved 425984K
}
Event: 67.602 GC heap before
{Heap before GC invocations=51 (full 0):
 garbage-first heap   total 216064K, used 183748K [0x0000000080000000, 0x0000000100000000)
  region size 1024K, 11 young (11264K), 2 survivors (2048K)
 Metaspace       used 104750K, committed 106176K, reserved 557056K
  class space    used 14580K, committed 15232K, reserved 425984K
}
Event: 67.608 GC heap after
{Heap after GC invocations=52 (full 0):
 garbage-first heap   total 216064K, used 176491K [0x0000000080000000, 0x0000000100000000)
  region size 1024K, 2 young (2048K), 2 survivors (2048K)
 Metaspace       used 104750K, committed 106176K, reserved 557056K
  class space    used 14580K, committed 15232K, reserved 425984K
}
Event: 67.762 GC heap before
{Heap before GC invocations=52 (full 0):
 garbage-first heap   total 216064K, used 184683K [0x0000000080000000, 0x0000000100000000)
  region size 1024K, 11 young (11264K), 2 survivors (2048K)
 Metaspace       used 104750K, committed 106176K, reserved 557056K
  class space    used 14580K, committed 15232K, reserved 425984K
}
Event: 67.767 GC heap after
{Heap after GC invocations=53 (full 0):
 garbage-first heap   total 216064K, used 177066K [0x0000000080000000, 0x0000000100000000)
  region size 1024K, 2 young (2048K), 2 survivors (2048K)
 Metaspace       used 104750K, committed 106176K, reserved 557056K
  class space    used 14580K, committed 15232K, reserved 425984K
}

Dll operation events (14 events):
Event: 0.518 Loaded shared library C:\Program Files\Microsoft\jdk-17.0.8.7-hotspot\bin\java.dll
Event: 0.604 Loaded shared library C:\Program Files\Microsoft\jdk-17.0.8.7-hotspot\bin\jsvml.dll
Event: 0.884 Loaded shared library C:\Program Files\Microsoft\jdk-17.0.8.7-hotspot\bin\zip.dll
Event: 0.890 Loaded shared library C:\Program Files\Microsoft\jdk-17.0.8.7-hotspot\bin\instrument.dll
Event: 0.898 Loaded shared library C:\Program Files\Microsoft\jdk-17.0.8.7-hotspot\bin\net.dll
Event: 0.900 Loaded shared library C:\Program Files\Microsoft\jdk-17.0.8.7-hotspot\bin\nio.dll
Event: 0.943 Loaded shared library C:\Program Files\Microsoft\jdk-17.0.8.7-hotspot\bin\zip.dll
Event: 3.536 Loaded shared library C:\Program Files\Microsoft\jdk-17.0.8.7-hotspot\bin\jimage.dll
Event: 5.846 Loaded shared library C:\Program Files\Microsoft\jdk-17.0.8.7-hotspot\bin\verify.dll
Event: 6.357 Loaded shared library C:\Users\GOREJA SYESTEMS\.gradle\native\c067742578af261105cb4f569cf0c3c89f3d7b1fecec35dd04571415982c5e48\windows-amd64\native-platform.dll
Event: 6.523 Loaded shared library C:\Users\GOREJA SYESTEMS\.gradle\native\100fb08df4bc3b14c8652ba06237920a3bd2aa13389f12d3474272988ae205f9\windows-amd64\native-platform-file-events.dll
Event: 10.106 Loaded shared library C:\Program Files\Microsoft\jdk-17.0.8.7-hotspot\bin\management.dll
Event: 10.110 Loaded shared library C:\Program Files\Microsoft\jdk-17.0.8.7-hotspot\bin\management_ext.dll
Event: 11.877 Loaded shared library C:\Program Files\Microsoft\jdk-17.0.8.7-hotspot\bin\sunmscapi.dll

Deoptimization events (20 events):
Event: 63.208 Thread 0x0000019b4ae93140 DEOPT PACKING pc=0x0000019b1c6658dc sp=0x00000025532f9ba0
Event: 63.208 Thread 0x0000019b4ae93140 DEOPT UNPACKING pc=0x0000019b1b9e69a3 sp=0x00000025532f9b28 mode 2
Event: 63.232 Thread 0x0000019b4ae93140 Uncommon trap: trap_request=0xffffffde fr.pc=0x0000019b1c528834 relative=0x0000000000001394
Event: 63.233 Thread 0x0000019b4ae93140 Uncommon trap: reason=class_check action=maybe_recompile pc=0x0000019b1c528834 method=org.gradle.internal.logging.sink.OutputEventTransformer.onOutput(Lorg/gradle/internal/logging/events/OutputEvent;)V @ 272 c2
Event: 63.233 Thread 0x0000019b4ae93140 DEOPT PACKING pc=0x0000019b1c528834 sp=0x00000025532f83d0
Event: 63.233 Thread 0x0000019b4ae93140 DEOPT UNPACKING pc=0x0000019b1b9e69a3 sp=0x00000025532f83d8 mode 2
Event: 63.532 Thread 0x0000019b4ae93140 Uncommon trap: trap_request=0xffffff45 fr.pc=0x0000019b1c29fa44 relative=0x0000000000000e24
Event: 63.532 Thread 0x0000019b4ae93140 Uncommon trap: reason=unstable_if action=reinterpret pc=0x0000019b1c29fa44 method=java.io.WinNTFileSystem.resolve(Ljava/lang/String;Ljava/lang/String;)Ljava/lang/String; @ 83 c2
Event: 63.532 Thread 0x0000019b4ae93140 DEOPT PACKING pc=0x0000019b1c29fa44 sp=0x00000025532f8100
Event: 63.532 Thread 0x0000019b4ae93140 DEOPT UNPACKING pc=0x0000019b1b9e69a3 sp=0x00000025532f8090 mode 2
Event: 63.887 Thread 0x0000019b4ae93140 DEOPT PACKING pc=0x0000019b144614d0 sp=0x00000025532f9060
Event: 63.887 Thread 0x0000019b4ae93140 DEOPT UNPACKING pc=0x0000019b1b9e7143 sp=0x00000025532f84c0 mode 0
Event: 64.391 Thread 0x0000019b4ae93140 DEOPT PACKING pc=0x0000019b14b8ed66 sp=0x00000025532f9650
Event: 64.391 Thread 0x0000019b4ae93140 DEOPT UNPACKING pc=0x0000019b1b9e7143 sp=0x00000025532f8b18 mode 0
Event: 65.322 Thread 0x0000019b4ae93140 DEOPT PACKING pc=0x0000019b144614d0 sp=0x00000025532f9060
Event: 65.322 Thread 0x0000019b4ae93140 DEOPT UNPACKING pc=0x0000019b1b9e7143 sp=0x00000025532f84c0 mode 0
Event: 67.421 Thread 0x0000019b4ae93140 Uncommon trap: trap_request=0xffffff76 fr.pc=0x0000019b1c664a40 relative=0x0000000000000080
Event: 67.421 Thread 0x0000019b4ae93140 Uncommon trap: reason=predicate action=maybe_recompile pc=0x0000019b1c664a40 method=java.util.ComparableTimSort.binarySort([Ljava/lang/Object;III)V @ 34 c2
Event: 67.421 Thread 0x0000019b4ae93140 DEOPT PACKING pc=0x0000019b1c664a40 sp=0x00000025532f8600
Event: 67.421 Thread 0x0000019b4ae93140 DEOPT UNPACKING pc=0x0000019b1b9e69a3 sp=0x00000025532f85a8 mode 2

Classes unloaded (0 events):
No events

Classes redefined (0 events):
No events

Internal exceptions (20 events):
Event: 63.475 Thread 0x0000019b4ae93140 Exception <a 'java/lang/ClassNotFoundException'{0x000000008c0c7790}: io/invertase/gradle/common/UtilitiesBeanInfo> (0x000000008c0c7790) 
thrown [s\src\hotspot\share\classfile\systemDictionary.cpp, line 256]
Event: 63.496 Thread 0x0000019b4ae93140 Exception <a 'java/lang/ClassNotFoundException'{0x000000008c0d8590}: io/invertase/gradle/common/UtilitiesCustomizer> (0x000000008c0d8590) 
thrown [s\src\hotspot\share\classfile\systemDictionary.cpp, line 256]
Event: 63.508 Thread 0x0000019b4ae93140 Exception <a 'java/lang/ClassNotFoundException'{0x000000008bf0d9c8}: org/gradle/util/GradleVersionBeanInfo> (0x000000008bf0d9c8) 
thrown [s\src\hotspot\share\classfile\systemDictionary.cpp, line 256]
Event: 63.510 Thread 0x0000019b4ae93140 Exception <a 'java/lang/ClassNotFoundException'{0x000000008bf246b0}: org/gradle/util/GradleVersionCustomizer> (0x000000008bf246b0) 
thrown [s\src\hotspot\share\classfile\systemDictionary.cpp, line 256]
Event: 63.521 Thread 0x0000019b4ae93140 Exception <a 'java/lang/ClassNotFoundException'{0x000000008bf65fd8}: org/gradle/util/internal/DefaultGradleVersionBeanInfo> (0x000000008bf65fd8) 
thrown [s\src\hotspot\share\classfile\systemDictionary.cpp, line 256]
Event: 63.523 Thread 0x0000019b4ae93140 Exception <a 'java/lang/ClassNotFoundException'{0x000000008bf7d3c0}: org/gradle/util/internal/DefaultGradleVersionCustomizer> (0x000000008bf7d3c0) 
thrown [s\src\hotspot\share\classfile\systemDictionary.cpp, line 256]
Event: 63.946 Thread 0x0000019b4ae93140 Exception <a 'java/lang/ClassNotFoundException'{0x000000008cff64d8}: build_ao2i5dnp6vuz415mw8r847kfuBeanInfo> (0x000000008cff64d8) 
thrown [s\src\hotspot\share\classfile\systemDictionary.cpp, line 256]
Event: 63.947 Thread 0x0000019b4ae93140 Exception <a 'java/lang/ClassNotFoundException'{0x000000008cffd6c8}: build_ao2i5dnp6vuz415mw8r847kfuCustomizer> (0x000000008cffd6c8) 
thrown [s\src\hotspot\share\classfile\systemDictionary.cpp, line 256]
Event: 64.264 Thread 0x0000019b4ae93140 Exception <a 'java/lang/ClassNotFoundException'{0x000000008cb26470}: build_ao2i5dnp6vuz415mw8r847kfuBeanInfo> (0x000000008cb26470) 
thrown [s\src\hotspot\share\classfile\systemDictionary.cpp, line 256]
Event: 64.265 Thread 0x0000019b4ae93140 Exception <a 'java/lang/ClassNotFoundException'{0x000000008cb2d5d8}: build_ao2i5dnp6vuz415mw8r847kfuCustomizer> (0x000000008cb2d5d8) 
thrown [s\src\hotspot\share\classfile\systemDictionary.cpp, line 256]
Event: 64.632 Thread 0x0000019b4ae93140 Exception <a 'java/lang/ClassNotFoundException'{0x000000008c7cf940}: build_cxojxiygeeegsqspgy54mv77bBeanInfo> (0x000000008c7cf940) 
thrown [s\src\hotspot\share\classfile\systemDictionary.cpp, line 256]
Event: 64.633 Thread 0x0000019b4ae93140 Exception <a 'java/lang/ClassNotFoundException'{0x000000008c7d6b30}: build_cxojxiygeeegsqspgy54mv77bCustomizer> (0x000000008c7d6b30) 
thrown [s\src\hotspot\share\classfile\systemDictionary.cpp, line 256]
Event: 64.868 Thread 0x0000019b4ae93140 Exception <a 'java/lang/ClassNotFoundException'{0x000000008c3308a8}: build_cxojxiygeeegsqspgy54mv77bBeanInfo> (0x000000008c3308a8) 
thrown [s\src\hotspot\share\classfile\systemDictionary.cpp, line 256]
Event: 64.869 Thread 0x0000019b4ae93140 Exception <a 'java/lang/ClassNotFoundException'{0x000000008c337a10}: build_cxojxiygeeegsqspgy54mv77bCustomizer> (0x000000008c337a10) 
thrown [s\src\hotspot\share\classfile\systemDictionary.cpp, line 256]
Event: 65.324 Thread 0x0000019b4ae93140 Exception <a 'java/lang/ClassNotFoundException'{0x000000008d1c3da0}: build_e2iy5c24jy3n13bni1phz4373BeanInfo> (0x000000008d1c3da0) 
thrown [s\src\hotspot\share\classfile\systemDictionary.cpp, line 256]
Event: 65.326 Thread 0x0000019b4ae93140 Exception <a 'java/lang/ClassNotFoundException'{0x000000008d1caf90}: build_e2iy5c24jy3n13bni1phz4373Customizer> (0x000000008d1caf90) 
thrown [s\src\hotspot\share\classfile\systemDictionary.cpp, line 256]
Event: 65.775 Thread 0x0000019b4ae93140 Exception <a 'java/lang/ClassNotFoundException'{0x000000008cd811f8}: build_e2iy5c24jy3n13bni1phz4373BeanInfo> (0x000000008cd811f8) 
thrown [s\src\hotspot\share\classfile\systemDictionary.cpp, line 256]
Event: 65.776 Thread 0x0000019b4ae93140 Exception <a 'java/lang/ClassNotFoundException'{0x000000008cd88360}: build_e2iy5c24jy3n13bni1phz4373Customizer> (0x000000008cd88360) 
thrown [s\src\hotspot\share\classfile\systemDictionary.cpp, line 256]
Event: 66.365 Thread 0x0000019b4ae93140 Exception <a 'java/lang/ClassNotFoundException'{0x000000008c9ff528}: build_6wnr6r53r9alx0yv777qxsrgnBeanInfo> (0x000000008c9ff528) 
thrown [s\src\hotspot\share\classfile\systemDictionary.cpp, line 256]
Event: 66.366 Thread 0x0000019b4ae93140 Exception <a 'java/lang/ClassNotFoundException'{0x000000008c806c08}: build_6wnr6r53r9alx0yv777qxsrgnCustomizer> (0x000000008c806c08) 
thrown [s\src\hotspot\share\classfile\systemDictionary.cpp, line 256]

VM Operations (20 events):
Event: 63.565 Executing VM operation: G1CollectForAllocation
Event: 63.583 Executing VM operation: G1CollectForAllocation done
Event: 64.590 Executing VM operation: Cleanup
Event: 64.590 Executing VM operation: Cleanup done
Event: 65.193 Executing VM operation: G1CollectForAllocation
Event: 65.210 Executing VM operation: G1CollectForAllocation done
Event: 66.206 Executing VM operation: HandshakeAllThreads
Event: 66.207 Executing VM operation: HandshakeAllThreads done
Event: 66.873 Executing VM operation: G1CollectForAllocation
Event: 66.890 Executing VM operation: G1CollectForAllocation done
Event: 66.991 Executing VM operation: HandshakeAllThreads
Event: 66.991 Executing VM operation: HandshakeAllThreads done
Event: 67.146 Executing VM operation: G1CollectForAllocation
Event: 67.158 Executing VM operation: G1CollectForAllocation done
Event: 67.483 Executing VM operation: HandshakeAllThreads
Event: 67.483 Executing VM operation: HandshakeAllThreads done
Event: 67.589 Executing VM operation: G1CollectForAllocation
Event: 67.610 Executing VM operation: G1CollectForAllocation done
Event: 67.762 Executing VM operation: G1CollectForAllocation
Event: 67.767 Executing VM operation: G1CollectForAllocation done

Events (20 events):
Event: 67.510 Thread 0x0000019b2ad23f10 flushing nmethod 0x0000019b15902890
Event: 67.510 Thread 0x0000019b2ad23f10 flushing nmethod 0x0000019b15927890
Event: 67.510 Thread 0x0000019b2ad23f10 flushing nmethod 0x0000019b15939690
Event: 67.510 Thread 0x0000019b2ad23f10 flushing nmethod 0x0000019b15948210
Event: 67.510 Thread 0x0000019b2ad23f10 flushing nmethod 0x0000019b1597db90
Event: 67.510 Thread 0x0000019b2ad23f10 flushing nmethod 0x0000019b1599a090
Event: 67.510 Thread 0x0000019b2ad23f10 flushing nmethod 0x0000019b159ae010
Event: 67.510 Thread 0x0000019b2ad23f10 flushing nmethod 0x0000019b159b2610
Event: 67.511 Thread 0x0000019b2ad23f10 flushing nmethod 0x0000019b15a7e510
Event: 67.511 Thread 0x0000019b2ad23f10 flushing nmethod 0x0000019b15ad8790
Event: 67.511 Thread 0x0000019b2ad23f10 flushing nmethod 0x0000019b15ad8e90
Event: 67.511 Thread 0x0000019b2ad23f10 flushing nmethod 0x0000019b15ade010
Event: 67.511 Thread 0x0000019b2ad23f10 flushing nmethod 0x0000019b15aea710
Event: 67.511 Thread 0x0000019b2ad23f10 flushing nmethod 0x0000019b15aead90
Event: 67.512 Thread 0x0000019b2ad23f10 flushing nmethod 0x0000019b15b05510
Event: 67.513 Thread 0x0000019b2ad23f10 flushing nmethod 0x0000019b15c36890
Event: 67.513 Thread 0x0000019b2ad23f10 flushing nmethod 0x0000019b15c5e290
Event: 67.513 Thread 0x0000019b2ad23f10 flushing nmethod 0x0000019b15c5e690
Event: 67.513 Thread 0x0000019b2ad23f10 flushing nmethod 0x0000019b15c5f210
Event: 67.513 Thread 0x0000019b2ad23f10 flushing nmethod 0x0000019b15c87110


Dynamic libraries:
0x00007ff6fbe90000 - 0x00007ff6fbe9e000 	C:\Program Files\Microsoft\jdk-17.0.8.7-hotspot\bin\java.exe
0x00007ffffc4d0000 - 0x00007ffffc6c8000 	C:\Windows\SYSTEM32\ntdll.dll
0x00007ffffbe10000 - 0x00007ffffbed2000 	C:\Windows\System32\KERNEL32.DLL
0x00007ffff9c90000 - 0x00007ffff9f8e000 	C:\Windows\System32\KERNELBASE.dll
0x00007ffffa0c0000 - 0x00007ffffa1c0000 	C:\Windows\System32\ucrtbase.dll
0x00007ffff1830000 - 0x00007ffff1847000 	C:\Program Files\Microsoft\jdk-17.0.8.7-hotspot\bin\jli.dll
0x00007ffffb3c0000 - 0x00007ffffb55d000 	C:\Windows\System32\USER32.dll
0x00007ffffa420000 - 0x00007ffffa442000 	C:\Windows\System32\win32u.dll
0x00007ffffbf60000 - 0x00007ffffbf8b000 	C:\Windows\System32\GDI32.dll
0x00007ffff9b70000 - 0x00007ffff9c87000 	C:\Windows\System32\gdi32full.dll
0x00007ffffa450000 - 0x00007ffffa4ed000 	C:\Windows\System32\msvcp_win.dll
0x00007ffff3a00000 - 0x00007ffff3a1b000 	C:\Program Files\Microsoft\jdk-17.0.8.7-hotspot\bin\VCRUNTIME140.dll
0x00007fffdb1a0000 - 0x00007fffdb43a000 	C:\Windows\WinSxS\amd64_microsoft.windows.common-controls_6595b64144ccf1df_6.0.19041.4355_none_60b8b9eb71f62e16\COMCTL32.dll
0x00007ffffb000000 - 0x00007ffffb09e000 	C:\Windows\System32\msvcrt.dll
0x00007ffffb260000 - 0x00007ffffb28f000 	C:\Windows\System32\IMM32.DLL
0x00007ffff6040000 - 0x00007ffff604c000 	C:\Program Files\Microsoft\jdk-17.0.8.7-hotspot\bin\vcruntime140_1.dll
0x00007fffd4d70000 - 0x00007fffd4dfd000 	C:\Program Files\Microsoft\jdk-17.0.8.7-hotspot\bin\msvcp140.dll
0x00007fff79480000 - 0x00007fff7a0e5000 	C:\Program Files\Microsoft\jdk-17.0.8.7-hotspot\bin\server\jvm.dll
0x00007ffffb290000 - 0x00007ffffb341000 	C:\Windows\System32\ADVAPI32.dll
0x00007ffffc3d0000 - 0x00007ffffc46f000 	C:\Windows\System32\sechost.dll
0x00007ffffa4f0000 - 0x00007ffffa613000 	C:\Windows\System32\RPCRT4.dll
0x00007ffffa090000 - 0x00007ffffa0b7000 	C:\Windows\System32\bcrypt.dll
0x00007ffff99d0000 - 0x00007ffff9a1b000 	C:\Windows\SYSTEM32\POWRPROF.dll
0x00007fffe38f0000 - 0x00007fffe38f9000 	C:\Windows\SYSTEM32\WSOCK32.dll
0x00007ffffbef0000 - 0x00007ffffbf5b000 	C:\Windows\System32\WS2_32.dll
0x00007fffde090000 - 0x00007fffde0b7000 	C:\Windows\SYSTEM32\WINMM.dll
0x00007ffff7580000 - 0x00007ffff758a000 	C:\Windows\SYSTEM32\VERSION.dll
0x00007ffff99b0000 - 0x00007ffff99c2000 	C:\Windows\SYSTEM32\UMPDC.dll
0x00007ffff8350000 - 0x00007ffff8362000 	C:\Windows\SYSTEM32\kernel.appcore.dll
0x00007fffed7f0000 - 0x00007fffed7fa000 	C:\Program Files\Microsoft\jdk-17.0.8.7-hotspot\bin\jimage.dll
0x00007ffff8020000 - 0x00007ffff8204000 	C:\Windows\SYSTEM32\DBGHELP.DLL
0x00007fffe37c0000 - 0x00007fffe37f4000 	C:\Windows\SYSTEM32\dbgcore.DLL
0x00007ffffa000000 - 0x00007ffffa082000 	C:\Windows\System32\bcryptPrimitives.dll
0x00007fffdd460000 - 0x00007fffdd46e000 	C:\Program Files\Microsoft\jdk-17.0.8.7-hotspot\bin\instrument.dll
0x00007fffed7c0000 - 0x00007fffed7e5000 	C:\Program Files\Microsoft\jdk-17.0.8.7-hotspot\bin\java.dll
0x00007fffb57b0000 - 0x00007fffb5887000 	C:\Program Files\Microsoft\jdk-17.0.8.7-hotspot\bin\jsvml.dll
0x00007ffffb6a0000 - 0x00007ffffbe0d000 	C:\Windows\System32\SHELL32.dll
0x00007ffff7860000 - 0x00007ffff8004000 	C:\Windows\SYSTEM32\windows.storage.dll
0x00007ffffa620000 - 0x00007ffffa973000 	C:\Windows\System32\combase.dll
0x00007ffff93f0000 - 0x00007ffff941e000 	C:\Windows\SYSTEM32\Wldp.dll
0x00007ffffb0a0000 - 0x00007ffffb16d000 	C:\Windows\System32\OLEAUT32.dll
0x00007ffffbf90000 - 0x00007ffffc03d000 	C:\Windows\System32\SHCORE.dll
0x00007ffffc040000 - 0x00007ffffc095000 	C:\Windows\System32\shlwapi.dll
0x00007ffff9aa0000 - 0x00007ffff9ac4000 	C:\Windows\SYSTEM32\profapi.dll
0x00007fffdd520000 - 0x00007fffdd538000 	C:\Program Files\Microsoft\jdk-17.0.8.7-hotspot\bin\zip.dll
0x00007fffed7a0000 - 0x00007fffed7b9000 	C:\Program Files\Microsoft\jdk-17.0.8.7-hotspot\bin\net.dll
0x00007ffff7470000 - 0x00007ffff757d000 	C:\Windows\SYSTEM32\WINHTTP.dll
0x00007ffff91d0000 - 0x00007ffff923a000 	C:\Windows\system32\mswsock.dll
0x00007fffed680000 - 0x00007fffed696000 	C:\Program Files\Microsoft\jdk-17.0.8.7-hotspot\bin\nio.dll
0x00007fffed790000 - 0x00007fffed7a0000 	C:\Program Files\Microsoft\jdk-17.0.8.7-hotspot\bin\verify.dll
0x00007fffd49b0000 - 0x00007fffd49d7000 	C:\Users\GOREJA SYESTEMS\.gradle\native\c067742578af261105cb4f569cf0c3c89f3d7b1fecec35dd04571415982c5e48\windows-amd64\native-platform.dll
0x00007fffab750000 - 0x00007fffab894000 	C:\Users\GOREJA SYESTEMS\.gradle\native\100fb08df4bc3b14c8652ba06237920a3bd2aa13389f12d3474272988ae205f9\windows-amd64\native-platform-file-events.dll
0x00007fffdd510000 - 0x00007fffdd519000 	C:\Program Files\Microsoft\jdk-17.0.8.7-hotspot\bin\management.dll
0x00007fffdd500000 - 0x00007fffdd50b000 	C:\Program Files\Microsoft\jdk-17.0.8.7-hotspot\bin\management_ext.dll
0x00007ffffb250000 - 0x00007ffffb258000 	C:\Windows\System32\PSAPI.DLL
0x00007ffff9740000 - 0x00007ffff9758000 	C:\Windows\SYSTEM32\CRYPTSP.dll
0x00007ffff8b10000 - 0x00007ffff8b44000 	C:\Windows\system32\rsaenh.dll
0x00007ffff9a60000 - 0x00007ffff9a8e000 	C:\Windows\SYSTEM32\USERENV.dll
0x00007ffff9360000 - 0x00007ffff936c000 	C:\Windows\SYSTEM32\CRYPTBASE.dll
0x00007ffff8ed0000 - 0x00007ffff8f0b000 	C:\Windows\SYSTEM32\IPHLPAPI.DLL
0x00007ffffbee0000 - 0x00007ffffbee8000 	C:\Windows\System32\NSI.dll
0x00007fffef9e0000 - 0x00007fffef9f7000 	C:\Windows\SYSTEM32\dhcpcsvc6.DLL
0x00007fffef9c0000 - 0x00007fffef9dd000 	C:\Windows\SYSTEM32\dhcpcsvc.DLL
0x00007ffff8f10000 - 0x00007ffff8fda000 	C:\Windows\SYSTEM32\DNSAPI.dll
0x00007ffff39d0000 - 0x00007ffff39de000 	C:\Program Files\Microsoft\jdk-17.0.8.7-hotspot\bin\sunmscapi.dll
0x00007ffffa1c0000 - 0x00007ffffa31c000 	C:\Windows\System32\CRYPT32.dll
0x00007ffff9460000 - 0x00007ffff9487000 	C:\Windows\SYSTEM32\ncrypt.dll
0x00007ffff9420000 - 0x00007ffff945b000 	C:\Windows\SYSTEM32\NTASN1.dll
0x00007fffeefb0000 - 0x00007fffeefb7000 	C:\Windows\system32\wshunix.dll
0x00007fffe5850000 - 0x00007fffe585a000 	C:\Windows\System32\rasadhlp.dll
0x00007fffedc50000 - 0x00007fffedcd0000 	C:\Windows\System32\fwpuclnt.dll
0x00007fffbc010000 - 0x00007fffbc027000 	C:\Windows\system32\napinsp.dll
0x00007fffb5210000 - 0x00007fffb522b000 	C:\Windows\system32\pnrpnsp.dll
0x00007ffff3f60000 - 0x00007ffff3f75000 	C:\Windows\system32\wshbth.dll
0x00007ffff3fa0000 - 0x00007ffff3fbd000 	C:\Windows\system32\NLAapi.dll
0x00007fffb1c00000 - 0x00007fffb1c12000 	C:\Windows\System32\winrnr.dll

dbghelp: loaded successfully - version: 4.0.5 - missing functions: none
symbol engine: initialized successfully - sym options: 0x614 - pdb path: .;C:\Program Files\Microsoft\jdk-17.0.8.7-hotspot\bin;C:\Windows\SYSTEM32;C:\Windows\WinSxS\amd64_microsoft.windows.common-controls_6595b64144ccf1df_6.0.19041.4355_none_60b8b9eb71f62e16;C:\Program Files\Microsoft\jdk-17.0.8.7-hotspot\bin\server;C:\Users\GOREJA SYESTEMS\.gradle\native\c067742578af261105cb4f569cf0c3c89f3d7b1fecec35dd04571415982c5e48\windows-amd64;C:\Users\GOREJA SYESTEMS\.gradle\native\100fb08df4bc3b14c8652ba06237920a3bd2aa13389f12d3474272988ae205f9\windows-amd64

VM Arguments:
jvm_args: -XX:MaxMetaspaceSize=512m --add-opens=java.base/java.util=ALL-UNNAMED --add-opens=java.base/java.lang=ALL-UNNAMED --add-opens=java.base/java.lang.invoke=ALL-UNNAMED --add-opens=java.prefs/java.util.prefs=ALL-UNNAMED --add-exports=jdk.compiler/com.sun.tools.javac.api=ALL-UNNAMED --add-exports=jdk.compiler/com.sun.tools.javac.util=ALL-UNNAMED --add-opens=java.base/java.nio.charset=ALL-UNNAMED --add-opens=java.base/java.net=ALL-UNNAMED --add-opens=java.base/java.util.concurrent.atomic=ALL-UNNAMED -Xmx2048m -Dfile.encoding=windows-1252 -Duser.country=GB -Duser.language=en -Duser.variant -javaagent:C:\Users\GOREJA SYESTEMS\.gradle\wrapper\dists\gradle-8.10.2-all\7iv73wktx1xtkvlq19urqw1wm\gradle-8.10.2\lib\agents\gradle-instrumentation-agent-8.10.2.jar 
java_command: org.gradle.launcher.daemon.bootstrap.GradleDaemon 8.10.2
java_class_path (initial): C:\Users\GOREJA SYESTEMS\.gradle\wrapper\dists\gradle-8.10.2-all\7iv73wktx1xtkvlq19urqw1wm\gradle-8.10.2\lib\gradle-daemon-main-8.10.2.jar
Launcher Type: SUN_STANDARD

[Global flags]
     intx CICompilerCount                          = 3                                         {product} {ergonomic}
   size_t CompressedClassSpaceSize                 = 436207616                                 {product} {ergonomic}
     uint ConcGCThreads                            = 1                                         {product} {ergonomic}
     uint G1ConcRefinementThreads                  = 4                                         {product} {ergonomic}
   size_t G1HeapRegionSize                         = 1048576                                   {product} {ergonomic}
    uintx GCDrainStackTargetSize                   = 64                                        {product} {ergonomic}
   size_t InitialHeapSize                          = 130023424                                 {product} {ergonomic}
   size_t MarkStackSize                            = 4194304                                   {product} {ergonomic}
   size_t MaxHeapSize                              = 2147483648                                {product} {command line}
   size_t MaxMetaspaceSize                         = 536870912                                 {product} {command line}
   size_t MaxNewSize                               = 1287651328                                {product} {ergonomic}
   size_t MinHeapDeltaBytes                        = 1048576                                   {product} {ergonomic}
   size_t MinHeapSize                              = 8388608                                   {product} {ergonomic}
    uintx NonNMethodCodeHeapSize                   = 5832780                                {pd product} {ergonomic}
    uintx NonProfiledCodeHeapSize                  = 122912730                              {pd product} {ergonomic}
    uintx ProfiledCodeHeapSize                     = 122912730                              {pd product} {ergonomic}
    uintx ReservedCodeCacheSize                    = 251658240                              {pd product} {ergonomic}
     bool SegmentedCodeCache                       = true                                      {product} {ergonomic}
   size_t SoftMaxHeapSize                          = 2147483648                             {manageable} {ergonomic}
     bool UseCompressedClassPointers               = true                           {product lp64_product} {ergonomic}
     bool UseCompressedOops                        = true                           {product lp64_product} {ergonomic}
     bool UseG1GC                                  = true                                      {product} {ergonomic}
     bool UseLargePagesIndividualAllocation        = false                                  {pd product} {ergonomic}

Logging:
Log output configuration:
 #0: stdout all=warning uptime,level,tags
 #1: stderr all=off uptime,level,tags

Environment Variables:
JAVA_HOME=C:\Program Files\Microsoft\jdk-17.0.8.7-hotspot
CLASSPATH=C:\Users\GOREJA SYESTEMS\Desktop\React_Native_Projects\chatApp\android\\gradle\wrapper\gradle-wrapper.jar
PATH=C:\Users\GOREJA SYESTEMS\Desktop\React_Native_Projects\chatApp\node_modules\.bin;C:\Users\GOREJA SYESTEMS\Desktop\React_Native_Projects\node_modules\.bin;C:\Users\GOREJA SYESTEMS\Desktop\node_modules\.bin;C:\Users\GOREJA SYESTEMS\node_modules\.bin;C:\Users\node_modules\.bin;C:\node_modules\.bin;C:\Users\GOREJA SYESTEMS\AppData\Roaming\npm\node_modules\npm\node_modules\@npmcli\run-script\lib\node-gyp-bin;C:\Program Files\Microsoft\jdk-17.0.8.7-hotspot\bin;C:\Users\GOREJA SYESTEMS\Downloads\jdk-17_windows-x64_bin\jdk-17.0.9\bin;C:\Program Files\Microsoft\jdk-11.0.20.8-hotspot\bin;C:\Program Files (x86)\Java\jre-1.8\bin;C:\Windows\system32;C:\Windows;C:\Windows\System32\Wbem;C:\Windows\System32\WindowsPowerShell\v1.0\;C:\Windows\System32\OpenSSH\;C:\Program Files\Git\cmd;C:\ProgramData\chocolatey\bin;C:\Users\GOREJA SYESTEMS\AppData\Local\Android\Sdk\platforms;C:\Users\GOREJA SYESTEMS\AppData\Local\Android\Sdk\platform-tools;C:\Users\GOREJA SYESTEMS\AppData\Local\Android\Sdk\emulator;C:\Users\GOREJA SYESTEMS\AppData\Local\Android\Sdk\build-tools;C:\Program Files\nodejs\;C:\Program Files\PostgreSQL\16\bin;C:\Program Files\dotnet\;C:\Program Files\Intel\WiFi\bin\;C:\Program Files\Common Files\Intel\WirelessCommon\;C:\Program Files (x86)\Intel\Intel(R) Management Engine Components\DAL;C:\Program Files\Intel\Intel(R) Management Engine Components\DAL;C:\Users\GOREJA SYESTEMS\AppData\Local\Programs\Microsoft VS Code\bin;C:\Users\GOREJA SYESTEMS\AppData\Roaming\npm;C:\Users\GOREJA SYESTEMS\AppData\Local\Android\Sdk\ndk\25.1.8937393;C:\Users\GOREJA SYESTEMS\AppData\Local\Programs\Microsoft VS Code\bin;C:\Users\GOREJA SYESTEMS\AppData\Local\Android\Sdk\platform-tools;C:\Users\GOREJA SYESTEMS\AppData\Local\Android\Sdk\tools;
USERNAME=GOREJA SYESTEMS
LANG=en_US.UTF-8
OS=Windows_NT
PROCESSOR_IDENTIFIER=Intel64 Family 6 Model 78 Stepping 3, GenuineIntel
TMP=C:\Users\GOREJA~1\AppData\Local\Temp
TEMP=C:\Users\GOREJA~1\AppData\Local\Temp



---------------  S Y S T E M  ---------------

OS:
 Windows 10 , 64 bit Build 19041 (10.0.19041.5198)
OS uptime: 3 days 6:49 hours
Hyper-V role detected

CPU: total 4 (initial active 4) (2 cores per cpu, 2 threads per core) family 6 model 78 stepping 3 microcode 0xdc, cx8, cmov, fxsr, ht, mmx, 3dnowpref, sse, sse2, sse3, ssse3, sse4.1, sse4.2, popcnt, lzcnt, tsc, tscinvbit, avx, avx2, aes, erms, clmul, bmi1, bmi2, adx, fma, vzeroupper, clflush, clflushopt, hv
Processor Information for all 4 processors :
  Max Mhz: 2401, Current Mhz: 2400, Mhz Limit: 2376

Memory: 4k page, system-wide physical 7862M (272M free)
TotalPageFile size 18102M (AvailPageFile size 6624M)
current process WorkingSet (physical memory assigned to process): 424M, peak: 453M
current process commit charge ("private bytes"): 525M, peak: 531M

vm_info: OpenJDK 64-Bit Server VM (17.0.8+7-LTS) for windows-amd64 JRE (17.0.8+7-LTS), built on Jul  7 2023 17:21:55 by "MicrosoftCorporation" with MS VC++ 16.10 / 16.11 (VS2019)

END.
